2025-12-25 15:42:52.811 +05:30 [INF] Now listening on: https://localhost:7071
2025-12-25 15:42:52.854 +05:30 [INF] Now listening on: http://localhost:5290
2025-12-25 15:42:52.926 +05:30 [INF] Application started. Press Ctrl+C to shut down.
2025-12-25 15:42:52.926 +05:30 [INF] Hosting environment: Development
2025-12-25 15:42:52.926 +05:30 [INF] Content root path: D:\vrs\vrserp25\VRSAPPUI
2025-12-25 15:42:55.501 +05:30 [INF] Request starting HTTP/2 GET https://localhost:7071/ - null null
2025-12-25 15:42:55.851 +05:30 [INF] Executing endpoint 'VRSAPPUI.Controllers.HomeController.Index (VRSAPPUI)'
2025-12-25 15:42:55.907 +05:30 [INF] Route matched with {action = "Index", controller = "Home", area = ""}. Executing controller action with signature System.Threading.Tasks.Task`1[Microsoft.AspNetCore.Mvc.IActionResult] Index() on controller VRSAPPUI.Controllers.HomeController (VRSAPPUI).
2025-12-25 15:42:56.063 +05:30 [INF] Request starting HTTP/1.1 GET https://localhost:7071/pageui/plugins/bootstrap/js/bootstrap.bundle.min.js.map - null null
2025-12-25 15:42:56.119 +05:30 [INF] HTTP GET /pageui/plugins/bootstrap/js/bootstrap.bundle.min.js.map responded 404 in 2.4230 ms
2025-12-25 15:42:56.357 +05:30 [INF] Request finished HTTP/1.1 GET https://localhost:7071/pageui/plugins/bootstrap/js/bootstrap.bundle.min.js.map - 404 0 null 292.9686ms
2025-12-25 15:42:56.359 +05:30 [INF] Request reached the end of the middleware pipeline without being handled by application code. Request path: GET https://localhost:7071/pageui/plugins/bootstrap/js/bootstrap.bundle.min.js.map, Response status code: 404
2025-12-25 15:42:56.372 +05:30 [INF] Request starting HTTP/2 GET https://localhost:7071/pageui/plugins/bootstrap/js/bootstrap.bundle.min.js.map - null null
2025-12-25 15:42:56.380 +05:30 [INF] HTTP GET /pageui/plugins/bootstrap/js/bootstrap.bundle.min.js.map responded 404 in 0.1142 ms
2025-12-25 15:42:56.382 +05:30 [INF] Request finished HTTP/2 GET https://localhost:7071/pageui/plugins/bootstrap/js/bootstrap.bundle.min.js.map - 404 0 null 9.7284ms
2025-12-25 15:42:56.382 +05:30 [INF] Request reached the end of the middleware pipeline without being handled by application code. Request path: GET https://localhost:7071/pageui/plugins/bootstrap/js/bootstrap.bundle.min.js.map, Response status code: 404
2025-12-25 15:42:56.711 +05:30 [INF] Request starting HTTP/1.1 GET https://localhost:7071/pageui/plugins/moment/moment.min.js.map - null null
2025-12-25 15:42:56.711 +05:30 [INF] HTTP GET /pageui/plugins/moment/moment.min.js.map responded 404 in 0.0529 ms
2025-12-25 15:42:56.712 +05:30 [INF] Request finished HTTP/1.1 GET https://localhost:7071/pageui/plugins/moment/moment.min.js.map - 404 0 null 1.3877ms
2025-12-25 15:42:56.712 +05:30 [INF] Request reached the end of the middleware pipeline without being handled by application code. Request path: GET https://localhost:7071/pageui/plugins/moment/moment.min.js.map, Response status code: 404
2025-12-25 15:42:56.720 +05:30 [INF] Request starting HTTP/2 GET https://localhost:7071/pageui/plugins/moment/moment.min.js.map - null null
2025-12-25 15:42:56.721 +05:30 [INF] HTTP GET /pageui/plugins/moment/moment.min.js.map responded 404 in 0.0138 ms
2025-12-25 15:42:56.721 +05:30 [INF] Request finished HTTP/2 GET https://localhost:7071/pageui/plugins/moment/moment.min.js.map - 404 0 null 1.3654ms
2025-12-25 15:42:56.721 +05:30 [INF] Request reached the end of the middleware pipeline without being handled by application code. Request path: GET https://localhost:7071/pageui/plugins/moment/moment.min.js.map, Response status code: 404
2025-12-25 15:42:56.731 +05:30 [INF] Request starting HTTP/2 GET https://localhost:7071/_framework/aspnetcore-browser-refresh.js - null null
2025-12-25 15:42:56.741 +05:30 [INF] Request starting HTTP/1.1 GET https://localhost:7071/pageui/plugins/bootstrap-colorpicker/js/bootstrap-colorpicker.min.js.map - null null
2025-12-25 15:42:56.742 +05:30 [INF] HTTP GET /pageui/plugins/bootstrap-colorpicker/js/bootstrap-colorpicker.min.js.map responded 404 in 0.0248 ms
2025-12-25 15:42:56.742 +05:30 [INF] Request finished HTTP/1.1 GET https://localhost:7071/pageui/plugins/bootstrap-colorpicker/js/bootstrap-colorpicker.min.js.map - 404 0 null 1.3587ms
2025-12-25 15:42:56.743 +05:30 [INF] Request reached the end of the middleware pipeline without being handled by application code. Request path: GET https://localhost:7071/pageui/plugins/bootstrap-colorpicker/js/bootstrap-colorpicker.min.js.map, Response status code: 404
2025-12-25 15:42:56.752 +05:30 [INF] Request starting HTTP/2 GET https://localhost:7071/pageui/plugins/bootstrap-colorpicker/js/bootstrap-colorpicker.min.js.map - null null
2025-12-25 15:42:56.753 +05:30 [INF] Request finished HTTP/2 GET https://localhost:7071/_framework/aspnetcore-browser-refresh.js - 200 16501 application/javascript; charset=utf-8 22.2893ms
2025-12-25 15:42:56.753 +05:30 [INF] HTTP GET /pageui/plugins/bootstrap-colorpicker/js/bootstrap-colorpicker.min.js.map responded 404 in 0.0186 ms
2025-12-25 15:42:56.754 +05:30 [INF] Request finished HTTP/2 GET https://localhost:7071/pageui/plugins/bootstrap-colorpicker/js/bootstrap-colorpicker.min.js.map - 404 0 null 1.7583ms
2025-12-25 15:42:56.754 +05:30 [INF] Request reached the end of the middleware pipeline without being handled by application code. Request path: GET https://localhost:7071/pageui/plugins/bootstrap-colorpicker/js/bootstrap-colorpicker.min.js.map, Response status code: 404
2025-12-25 15:42:56.776 +05:30 [INF] Request starting HTTP/2 GET https://localhost:7071/_framework/aspnetcore-browser-refresh.js - null null
2025-12-25 15:42:56.779 +05:30 [INF] Request finished HTTP/2 GET https://localhost:7071/_framework/aspnetcore-browser-refresh.js - 200 16501 application/javascript; charset=utf-8 3.612ms
2025-12-25 15:42:56.790 +05:30 [INF] Request starting HTTP/1.1 GET https://localhost:7071/pageui/plugins/toastr/toastr.js.map - null null
2025-12-25 15:42:56.791 +05:30 [INF] HTTP GET /pageui/plugins/toastr/toastr.js.map responded 404 in 0.0134 ms
2025-12-25 15:42:56.791 +05:30 [INF] Request finished HTTP/1.1 GET https://localhost:7071/pageui/plugins/toastr/toastr.js.map - 404 0 null 1.0289ms
2025-12-25 15:42:56.791 +05:30 [INF] Request reached the end of the middleware pipeline without being handled by application code. Request path: GET https://localhost:7071/pageui/plugins/toastr/toastr.js.map, Response status code: 404
2025-12-25 15:42:56.800 +05:30 [INF] Request starting HTTP/2 GET https://localhost:7071/pageui/plugins/toastr/toastr.js.map - null null
2025-12-25 15:42:56.800 +05:30 [INF] HTTP GET /pageui/plugins/toastr/toastr.js.map responded 404 in 0.0135 ms
2025-12-25 15:42:56.801 +05:30 [INF] Request finished HTTP/2 GET https://localhost:7071/pageui/plugins/toastr/toastr.js.map - 404 0 null 1.1402ms
2025-12-25 15:42:56.801 +05:30 [INF] Request reached the end of the middleware pipeline without being handled by application code. Request path: GET https://localhost:7071/pageui/plugins/toastr/toastr.js.map, Response status code: 404
2025-12-25 15:42:58.740 +05:30 [INF] Executing ViewResult, running view Index.
2025-12-25 15:42:58.955 +05:30 [INF] Executed ViewResult - view Index executed in 222.5829ms.
2025-12-25 15:42:58.960 +05:30 [INF] Executed action VRSAPPUI.Controllers.HomeController.Index (VRSAPPUI) in 3050.8262ms
2025-12-25 15:42:58.961 +05:30 [INF] Executed endpoint 'VRSAPPUI.Controllers.HomeController.Index (VRSAPPUI)'
2025-12-25 15:42:58.961 +05:30 [INF] HTTP GET / responded 200 in 3114.9272 ms
2025-12-25 15:42:58.969 +05:30 [INF] Request finished HTTP/2 GET https://localhost:7071/ - 200 null text/html; charset=utf-8 3503.556ms
2025-12-25 15:42:59.015 +05:30 [INF] Request starting HTTP/2 GET https://localhost:7071/_framework/aspnetcore-browser-refresh.js - null null
2025-12-25 15:42:59.019 +05:30 [INF] Request starting HTTP/2 GET https://localhost:7071/_vs/browserLink - null null
2025-12-25 15:42:59.020 +05:30 [INF] Request starting HTTP/2 GET https://localhost:7071/images/home-bg.webp - null null
2025-12-25 15:42:59.020 +05:30 [INF] Request finished HTTP/2 GET https://localhost:7071/_framework/aspnetcore-browser-refresh.js - 200 16501 application/javascript; charset=utf-8 5.481ms
2025-12-25 15:42:59.025 +05:30 [INF] HTTP GET /images/home-bg.webp responded 404 in 0.0177 ms
2025-12-25 15:42:59.025 +05:30 [INF] Request finished HTTP/2 GET https://localhost:7071/images/home-bg.webp - 404 0 null 5.5365ms
2025-12-25 15:42:59.025 +05:30 [INF] Request reached the end of the middleware pipeline without being handled by application code. Request path: GET https://localhost:7071/images/home-bg.webp, Response status code: 404
2025-12-25 15:42:59.147 +05:30 [INF] Request finished HTTP/2 GET https://localhost:7071/_vs/browserLink - 200 null text/javascript; charset=UTF-8 128.6025ms
2025-12-25 15:42:59.383 +05:30 [INF] Request starting HTTP/1.1 GET https://localhost:7071/Themes/vendors/scripts/bootstrap-select.min.js.map - null null
2025-12-25 15:42:59.384 +05:30 [INF] HTTP GET /Themes/vendors/scripts/bootstrap-select.min.js.map responded 404 in 0.0107 ms
2025-12-25 15:42:59.384 +05:30 [INF] Request finished HTTP/1.1 GET https://localhost:7071/Themes/vendors/scripts/bootstrap-select.min.js.map - 404 0 null 0.9351ms
2025-12-25 15:42:59.384 +05:30 [INF] Request reached the end of the middleware pipeline without being handled by application code. Request path: GET https://localhost:7071/Themes/vendors/scripts/bootstrap-select.min.js.map, Response status code: 404
2025-12-25 15:42:59.390 +05:30 [INF] Request starting HTTP/2 GET https://localhost:7071/Themes/vendors/scripts/bootstrap-select.min.js.map - null null
2025-12-25 15:42:59.390 +05:30 [INF] HTTP GET /Themes/vendors/scripts/bootstrap-select.min.js.map responded 404 in 0.0117 ms
2025-12-25 15:42:59.390 +05:30 [INF] Request finished HTTP/2 GET https://localhost:7071/Themes/vendors/scripts/bootstrap-select.min.js.map - 404 0 null 1.3719ms
2025-12-25 15:42:59.390 +05:30 [INF] Request reached the end of the middleware pipeline without being handled by application code. Request path: GET https://localhost:7071/Themes/vendors/scripts/bootstrap-select.min.js.map, Response status code: 404
2025-12-25 15:43:51.721 +05:30 [INF] Request starting HTTP/2 GET https://localhost:7071/admin/dashboard - null null
2025-12-25 15:43:51.733 +05:30 [INF] Executing endpoint 'VRSAPPUI.Areas.Admin.Controllers.DashboardController.Index (VRSAPPUI)'
2025-12-25 15:43:51.736 +05:30 [INF] Route matched with {area = "Admin", action = "Index", controller = "Dashboard"}. Executing controller action with signature System.Threading.Tasks.Task`1[Microsoft.AspNetCore.Mvc.IActionResult] Index() on controller VRSAPPUI.Areas.Admin.Controllers.DashboardController (VRSAPPUI).
2025-12-25 15:43:51.893 +05:30 [INF] Authorization failed for the request at filter 'VRSAPPUI.Areas.Admin.Filters.CustomAdminAuthorize'.
2025-12-25 15:43:51.895 +05:30 [INF] Executing RedirectResult, redirecting to /admin/login.
2025-12-25 15:43:51.895 +05:30 [INF] Executed action VRSAPPUI.Areas.Admin.Controllers.DashboardController.Index (VRSAPPUI) in 158.7773ms
2025-12-25 15:43:51.895 +05:30 [INF] Executed endpoint 'VRSAPPUI.Areas.Admin.Controllers.DashboardController.Index (VRSAPPUI)'
2025-12-25 15:43:51.895 +05:30 [INF] HTTP GET /admin/dashboard responded 302 in 162.8310 ms
2025-12-25 15:43:51.896 +05:30 [INF] Request finished HTTP/2 GET https://localhost:7071/admin/dashboard - 302 null null 175.8916ms
2025-12-25 15:43:51.902 +05:30 [INF] Request starting HTTP/2 GET https://localhost:7071/admin/login - null null
2025-12-25 15:43:51.905 +05:30 [INF] Executing endpoint 'VRSAPPUI.Areas.Admin.Controllers.AccountController.Login (VRSAPPUI)'
2025-12-25 15:43:51.914 +05:30 [INF] Route matched with {area = "Admin", action = "Login", controller = "Account"}. Executing controller action with signature Microsoft.AspNetCore.Mvc.IActionResult Login(System.String) on controller VRSAPPUI.Areas.Admin.Controllers.AccountController (VRSAPPUI).
2025-12-25 15:43:51.951 +05:30 [INF] Executing ViewResult, running view Login.
2025-12-25 15:43:51.969 +05:30 [INF] Executed ViewResult - view Login executed in 19.1263ms.
2025-12-25 15:43:51.970 +05:30 [INF] Executed action VRSAPPUI.Areas.Admin.Controllers.AccountController.Login (VRSAPPUI) in 55.981ms
2025-12-25 15:43:51.971 +05:30 [INF] Executed endpoint 'VRSAPPUI.Areas.Admin.Controllers.AccountController.Login (VRSAPPUI)'
2025-12-25 15:43:51.971 +05:30 [INF] HTTP GET /admin/login responded 200 in 65.5636 ms
2025-12-25 15:43:51.971 +05:30 [INF] Request finished HTTP/2 GET https://localhost:7071/admin/login - 200 null text/html; charset=utf-8 69.1172ms
2025-12-25 15:43:51.992 +05:30 [INF] Request starting HTTP/2 GET https://localhost:7071/_framework/aspnetcore-browser-refresh.js - null null
2025-12-25 15:43:51.995 +05:30 [INF] Request finished HTTP/2 GET https://localhost:7071/_framework/aspnetcore-browser-refresh.js - 200 16501 application/javascript; charset=utf-8 3.3637ms
2025-12-25 15:43:51.998 +05:30 [INF] Request starting HTTP/2 GET https://localhost:7071/_vs/browserLink - null null
2025-12-25 15:43:52.017 +05:30 [INF] Request finished HTTP/2 GET https://localhost:7071/_vs/browserLink - 200 null text/javascript; charset=UTF-8 20.093ms
2025-12-25 15:43:53.698 +05:30 [INF] Request starting HTTP/2 POST https://localhost:7071/admin/login - application/json; charset=UTF-8 37
2025-12-25 15:43:53.702 +05:30 [INF] CORS policy execution successful.
2025-12-25 15:43:53.703 +05:30 [INF] Executing endpoint 'VRSAPPUI.Areas.Admin.Controllers.AccountController.Login (VRSAPPUI)'
2025-12-25 15:43:53.709 +05:30 [INF] Route matched with {area = "Admin", action = "Login", controller = "Account"}. Executing controller action with signature System.Threading.Tasks.Task`1[Microsoft.AspNetCore.Mvc.IActionResult] Login(VRSMODEL.DTO.LoginDTO, System.String) on controller VRSAPPUI.Areas.Admin.Controllers.AccountController (VRSAPPUI).
2025-12-25 15:43:54.579 +05:30 [WRN] No store type was specified for the decimal property 'Sequence' on entity type 'NewMasters'. This will cause values to be silently truncated if they do not fit in the default precision and scale. Explicitly specify the SQL server column type that can accommodate all the values in 'OnModelCreating' using 'HasColumnType', specify precision and scale using 'HasPrecision', or configure a value converter using 'HasConversion'.
2025-12-25 15:43:56.524 +05:30 [INF] Executed DbCommand (162ms) [Parameters=[@__admin_AdminId_0='?' (DbType = Int32)], CommandType='"Text"', CommandTimeout='30']
SELECT [r].[RoleName]
FROM [Roles] AS [r]
INNER JOIN [AdminMasterRoles] AS [a] ON [r].[RoleId] = [a].[RoleId]
WHERE [a].[AdminId] = @__admin_AdminId_0
2025-12-25 15:43:56.680 +05:30 [INF] AuthenticationScheme: Cookies signed in.
2025-12-25 15:43:56.682 +05:30 [INF] Executing JsonResult, writing value of type 'System.String'.
2025-12-25 15:43:56.685 +05:30 [INF] Executed action VRSAPPUI.Areas.Admin.Controllers.AccountController.Login (VRSAPPUI) in 2976.4329ms
2025-12-25 15:43:56.685 +05:30 [INF] Executed endpoint 'VRSAPPUI.Areas.Admin.Controllers.AccountController.Login (VRSAPPUI)'
2025-12-25 15:43:56.685 +05:30 [INF] HTTP POST /admin/login responded 200 in 2982.3524 ms
2025-12-25 15:43:56.691 +05:30 [INF] Request finished HTTP/2 POST https://localhost:7071/admin/login - 200 null application/json; charset=utf-8 2993.8772ms
2025-12-25 15:43:56.700 +05:30 [INF] Request starting HTTP/2 GET https://localhost:7071/admin/dashboard - null null
2025-12-25 15:43:56.707 +05:30 [INF] Executing endpoint 'VRSAPPUI.Areas.Admin.Controllers.DashboardController.Index (VRSAPPUI)'
2025-12-25 15:43:56.708 +05:30 [INF] Route matched with {area = "Admin", action = "Index", controller = "Dashboard"}. Executing controller action with signature System.Threading.Tasks.Task`1[Microsoft.AspNetCore.Mvc.IActionResult] Index() on controller VRSAPPUI.Areas.Admin.Controllers.DashboardController (VRSAPPUI).
2025-12-25 15:43:56.748 +05:30 [INF] Executing ViewResult, running view Index.
2025-12-25 15:43:56.808 +05:30 [INF] Executed ViewResult - view Index executed in 60.2694ms.
2025-12-25 15:43:56.808 +05:30 [INF] Executed action VRSAPPUI.Areas.Admin.Controllers.DashboardController.Index (VRSAPPUI) in 100.6303ms
2025-12-25 15:43:56.809 +05:30 [INF] Executed endpoint 'VRSAPPUI.Areas.Admin.Controllers.DashboardController.Index (VRSAPPUI)'
2025-12-25 15:43:56.809 +05:30 [INF] HTTP GET /admin/dashboard responded 200 in 101.5399 ms
2025-12-25 15:43:56.809 +05:30 [INF] Request finished HTTP/2 GET https://localhost:7071/admin/dashboard - 200 null text/html; charset=utf-8 109.1475ms
2025-12-25 15:43:56.852 +05:30 [INF] Request starting HTTP/2 GET https://localhost:7071/_framework/aspnetcore-browser-refresh.js - null null
2025-12-25 15:43:56.857 +05:30 [INF] Request starting HTTP/2 GET https://localhost:7071/_vs/browserLink - null null
2025-12-25 15:43:56.858 +05:30 [INF] Request finished HTTP/2 GET https://localhost:7071/_framework/aspnetcore-browser-refresh.js - 200 16501 application/javascript; charset=utf-8 5.8812ms
2025-12-25 15:43:56.880 +05:30 [INF] Request finished HTTP/2 GET https://localhost:7071/_vs/browserLink - 200 null text/javascript; charset=UTF-8 22.3572ms
2025-12-25 15:44:01.066 +05:30 [INF] Request starting HTTP/2 GET https://localhost:7071/admin/dashboard/sync_mark_result_demo_erp - null null
2025-12-25 15:44:01.072 +05:30 [INF] Executing endpoint 'VRSAPPUI.Areas.Admin.Controllers.DashboardController.Sync_Mark_Result_Demo_Erp (VRSAPPUI)'
2025-12-25 15:44:01.080 +05:30 [INF] Route matched with {area = "Admin", action = "Sync_Mark_Result_Demo_Erp", controller = "Dashboard"}. Executing controller action with signature System.Threading.Tasks.Task`1[Microsoft.AspNetCore.Mvc.IActionResult] Sync_Mark_Result_Demo_Erp(System.String, Int32, System.String) on controller VRSAPPUI.Areas.Admin.Controllers.DashboardController (VRSAPPUI).
2025-12-25 15:44:01.517 +05:30 [INF] Executing ViewResult, running view Sync_Mark_Result_Demo_Erp.
2025-12-25 15:44:01.700 +05:30 [INF] Executed action VRSAPPUI.Areas.Admin.Controllers.DashboardController.Sync_Mark_Result_Demo_Erp (VRSAPPUI) in 619.1958ms
2025-12-25 15:44:01.701 +05:30 [INF] Executed endpoint 'VRSAPPUI.Areas.Admin.Controllers.DashboardController.Sync_Mark_Result_Demo_Erp (VRSAPPUI)'
2025-12-25 15:44:01.701 +05:30 [ERR] HTTP GET /admin/dashboard/sync_mark_result_demo_erp responded 500 in 629.9056 ms
System.ArgumentNullException: Value cannot be null. (Parameter 'source')
   at System.Linq.ThrowHelper.ThrowArgumentNullException(ExceptionArgument argument)
   at System.Linq.Enumerable.Count[TSource](IEnumerable`1 source)
   at AspNetCoreGeneratedDocument.Areas_Admin_Views_Dashboard_Sync_Mark_Result_Demo_Erp.<ExecuteAsync>b__18_0() in D:\vrs\vrserp25\VRSAPPUI\Areas\Admin\Views\Dashboard\Sync_Mark_Result_Demo_Erp.cshtml:line 87
   at Microsoft.AspNetCore.Razor.Runtime.TagHelpers.TagHelperExecutionContext.GetChildContentAsync(Boolean useCachedResult, HtmlEncoder encoder)
   at Microsoft.AspNetCore.Mvc.TagHelpers.RenderAtEndOfFormTagHelper.ProcessAsync(TagHelperContext context, TagHelperOutput output)
   at Microsoft.AspNetCore.Razor.Runtime.TagHelpers.TagHelperRunner.<RunAsync>g__Awaited|0_0(Task task, TagHelperExecutionContext executionContext, Int32 i, Int32 count)
   at AspNetCoreGeneratedDocument.Areas_Admin_Views_Dashboard_Sync_Mark_Result_Demo_Erp.ExecuteAsync() in D:\vrs\vrserp25\VRSAPPUI\Areas\Admin\Views\Dashboard\Sync_Mark_Result_Demo_Erp.cshtml:line 5
   at Microsoft.AspNetCore.Mvc.Razor.RazorView.RenderPageCoreAsync(IRazorPage page, ViewContext context)
   at Microsoft.AspNetCore.Mvc.Razor.RazorView.RenderPageAsync(IRazorPage page, ViewContext context, Boolean invokeViewStarts)
   at Microsoft.AspNetCore.Mvc.Razor.RazorView.RenderAsync(ViewContext context)
   at Microsoft.AspNetCore.Mvc.ViewFeatures.ViewExecutor.ExecuteAsync(ViewContext viewContext, String contentType, Nullable`1 statusCode)
   at Microsoft.AspNetCore.Mvc.ViewFeatures.ViewExecutor.ExecuteAsync(ViewContext viewContext, String contentType, Nullable`1 statusCode)
   at Microsoft.AspNetCore.Mvc.ViewFeatures.ViewExecutor.ExecuteAsync(ActionContext actionContext, IView view, ViewDataDictionary viewData, ITempDataDictionary tempData, String contentType, Nullable`1 statusCode)
   at Microsoft.AspNetCore.Mvc.ViewFeatures.ViewResultExecutor.ExecuteAsync(ActionContext context, ViewResult result)
   at Microsoft.AspNetCore.Mvc.ViewResult.ExecuteResultAsync(ActionContext context)
   at Microsoft.AspNetCore.Mvc.Infrastructure.ResourceInvoker.<InvokeNextResultFilterAsync>g__Awaited|30_0[TFilter,TFilterAsync](ResourceInvoker invoker, Task lastTask, State next, Scope scope, Object state, Boolean isCompleted)
   at Microsoft.AspNetCore.Mvc.Infrastructure.ResourceInvoker.Rethrow(ResultExecutedContextSealed context)
   at Microsoft.AspNetCore.Mvc.Infrastructure.ResourceInvoker.ResultNext[TFilter,TFilterAsync](State& next, Scope& scope, Object& state, Boolean& isCompleted)
   at Microsoft.AspNetCore.Mvc.Infrastructure.ResourceInvoker.InvokeResultFilters()
--- End of stack trace from previous location ---
   at Microsoft.AspNetCore.Mvc.Infrastructure.ResourceInvoker.<InvokeNextResourceFilter>g__Awaited|25_0(ResourceInvoker invoker, Task lastTask, State next, Scope scope, Object state, Boolean isCompleted)
   at Microsoft.AspNetCore.Mvc.Infrastructure.ResourceInvoker.Rethrow(ResourceExecutedContextSealed context)
   at Microsoft.AspNetCore.Mvc.Infrastructure.ResourceInvoker.Next(State& next, Scope& scope, Object& state, Boolean& isCompleted)
   at Microsoft.AspNetCore.Mvc.Infrastructure.ResourceInvoker.<InvokeFilterPipelineAsync>g__Awaited|20_0(ResourceInvoker invoker, Task lastTask, State next, Scope scope, Object state, Boolean isCompleted)
   at Microsoft.AspNetCore.Mvc.Infrastructure.ResourceInvoker.<InvokeAsync>g__Logged|17_1(ResourceInvoker invoker)
   at Microsoft.AspNetCore.Mvc.Infrastructure.ResourceInvoker.<InvokeAsync>g__Logged|17_1(ResourceInvoker invoker)
   at Microsoft.AspNetCore.Routing.EndpointMiddleware.<Invoke>g__AwaitRequestTask|7_0(Endpoint endpoint, Task requestTask, ILogger logger)
   at Serilog.AspNetCore.RequestLoggingMiddleware.Invoke(HttpContext httpContext)
2025-12-25 15:44:01.755 +05:30 [ERR] An unhandled exception has occurred while executing the request.
System.ArgumentNullException: Value cannot be null. (Parameter 'source')
   at System.Linq.ThrowHelper.ThrowArgumentNullException(ExceptionArgument argument)
   at System.Linq.Enumerable.Count[TSource](IEnumerable`1 source)
   at AspNetCoreGeneratedDocument.Areas_Admin_Views_Dashboard_Sync_Mark_Result_Demo_Erp.<ExecuteAsync>b__18_0() in D:\vrs\vrserp25\VRSAPPUI\Areas\Admin\Views\Dashboard\Sync_Mark_Result_Demo_Erp.cshtml:line 87
   at Microsoft.AspNetCore.Razor.Runtime.TagHelpers.TagHelperExecutionContext.GetChildContentAsync(Boolean useCachedResult, HtmlEncoder encoder)
   at Microsoft.AspNetCore.Mvc.TagHelpers.RenderAtEndOfFormTagHelper.ProcessAsync(TagHelperContext context, TagHelperOutput output)
   at Microsoft.AspNetCore.Razor.Runtime.TagHelpers.TagHelperRunner.<RunAsync>g__Awaited|0_0(Task task, TagHelperExecutionContext executionContext, Int32 i, Int32 count)
   at AspNetCoreGeneratedDocument.Areas_Admin_Views_Dashboard_Sync_Mark_Result_Demo_Erp.ExecuteAsync() in D:\vrs\vrserp25\VRSAPPUI\Areas\Admin\Views\Dashboard\Sync_Mark_Result_Demo_Erp.cshtml:line 5
   at Microsoft.AspNetCore.Mvc.Razor.RazorView.RenderPageCoreAsync(IRazorPage page, ViewContext context)
   at Microsoft.AspNetCore.Mvc.Razor.RazorView.RenderPageAsync(IRazorPage page, ViewContext context, Boolean invokeViewStarts)
   at Microsoft.AspNetCore.Mvc.Razor.RazorView.RenderAsync(ViewContext context)
   at Microsoft.AspNetCore.Mvc.ViewFeatures.ViewExecutor.ExecuteAsync(ViewContext viewContext, String contentType, Nullable`1 statusCode)
   at Microsoft.AspNetCore.Mvc.ViewFeatures.ViewExecutor.ExecuteAsync(ViewContext viewContext, String contentType, Nullable`1 statusCode)
   at Microsoft.AspNetCore.Mvc.ViewFeatures.ViewExecutor.ExecuteAsync(ActionContext actionContext, IView view, ViewDataDictionary viewData, ITempDataDictionary tempData, String contentType, Nullable`1 statusCode)
   at Microsoft.AspNetCore.Mvc.ViewFeatures.ViewResultExecutor.ExecuteAsync(ActionContext context, ViewResult result)
   at Microsoft.AspNetCore.Mvc.ViewResult.ExecuteResultAsync(ActionContext context)
   at Microsoft.AspNetCore.Mvc.Infrastructure.ResourceInvoker.<InvokeNextResultFilterAsync>g__Awaited|30_0[TFilter,TFilterAsync](ResourceInvoker invoker, Task lastTask, State next, Scope scope, Object state, Boolean isCompleted)
   at Microsoft.AspNetCore.Mvc.Infrastructure.ResourceInvoker.Rethrow(ResultExecutedContextSealed context)
   at Microsoft.AspNetCore.Mvc.Infrastructure.ResourceInvoker.ResultNext[TFilter,TFilterAsync](State& next, Scope& scope, Object& state, Boolean& isCompleted)
   at Microsoft.AspNetCore.Mvc.Infrastructure.ResourceInvoker.InvokeResultFilters()
--- End of stack trace from previous location ---
   at Microsoft.AspNetCore.Mvc.Infrastructure.ResourceInvoker.<InvokeNextResourceFilter>g__Awaited|25_0(ResourceInvoker invoker, Task lastTask, State next, Scope scope, Object state, Boolean isCompleted)
   at Microsoft.AspNetCore.Mvc.Infrastructure.ResourceInvoker.Rethrow(ResourceExecutedContextSealed context)
   at Microsoft.AspNetCore.Mvc.Infrastructure.ResourceInvoker.Next(State& next, Scope& scope, Object& state, Boolean& isCompleted)
   at Microsoft.AspNetCore.Mvc.Infrastructure.ResourceInvoker.<InvokeFilterPipelineAsync>g__Awaited|20_0(ResourceInvoker invoker, Task lastTask, State next, Scope scope, Object state, Boolean isCompleted)
   at Microsoft.AspNetCore.Mvc.Infrastructure.ResourceInvoker.<InvokeAsync>g__Logged|17_1(ResourceInvoker invoker)
   at Microsoft.AspNetCore.Mvc.Infrastructure.ResourceInvoker.<InvokeAsync>g__Logged|17_1(ResourceInvoker invoker)
   at Microsoft.AspNetCore.Routing.EndpointMiddleware.<Invoke>g__AwaitRequestTask|7_0(Endpoint endpoint, Task requestTask, ILogger logger)
   at Serilog.AspNetCore.RequestLoggingMiddleware.Invoke(HttpContext httpContext)
   at Microsoft.AspNetCore.Authorization.AuthorizationMiddleware.Invoke(HttpContext context)
   at Microsoft.AspNetCore.Authentication.AuthenticationMiddleware.Invoke(HttpContext context)
   at Microsoft.AspNetCore.Session.SessionMiddleware.Invoke(HttpContext context)
   at Microsoft.AspNetCore.Session.SessionMiddleware.Invoke(HttpContext context)
   at Microsoft.AspNetCore.Diagnostics.DeveloperExceptionPageMiddlewareImpl.Invoke(HttpContext context)
2025-12-25 15:44:01.797 +05:30 [INF] Request finished HTTP/2 GET https://localhost:7071/admin/dashboard/sync_mark_result_demo_erp - 500 null text/html; charset=utf-8 731.7233ms
2025-12-25 15:44:01.809 +05:30 [INF] Request starting HTTP/2 GET https://localhost:7071/_vs/browserLink - null null
2025-12-25 15:44:01.809 +05:30 [INF] Request starting HTTP/2 GET https://localhost:7071/_framework/aspnetcore-browser-refresh.js - null null
2025-12-25 15:44:01.811 +05:30 [INF] Request finished HTTP/2 GET https://localhost:7071/_framework/aspnetcore-browser-refresh.js - 200 16501 application/javascript; charset=utf-8 1.7036ms
2025-12-25 15:44:01.833 +05:30 [INF] Request finished HTTP/2 GET https://localhost:7071/_vs/browserLink - 200 null text/javascript; charset=UTF-8 24.0476ms
2025-12-25 16:26:43.729 +05:30 [INF] Request starting HTTP/2 GET https://localhost:7071/admin/dashboard/sync_mark_result_demo_erp - null null
2025-12-25 16:26:43.753 +05:30 [INF] Executing endpoint 'VRSAPPUI.Areas.Admin.Controllers.DashboardController.Sync_Mark_Result_Demo_Erp (VRSAPPUI)'
2025-12-25 16:26:43.753 +05:30 [INF] Route matched with {area = "Admin", action = "Sync_Mark_Result_Demo_Erp", controller = "Dashboard"}. Executing controller action with signature System.Threading.Tasks.Task`1[Microsoft.AspNetCore.Mvc.IActionResult] Sync_Mark_Result_Demo_Erp(System.String, Int32, System.String) on controller VRSAPPUI.Areas.Admin.Controllers.DashboardController (VRSAPPUI).
2025-12-25 16:26:45.499 +05:30 [INF] Executing ViewResult, running view Sync_Mark_Result_Demo_Erp.
2025-12-25 16:26:45.630 +05:30 [INF] Executed ViewResult - view Sync_Mark_Result_Demo_Erp executed in 133.4594ms.
2025-12-25 16:26:45.630 +05:30 [INF] Executed action VRSAPPUI.Areas.Admin.Controllers.DashboardController.Sync_Mark_Result_Demo_Erp (VRSAPPUI) in 1876.6861ms
2025-12-25 16:26:45.630 +05:30 [INF] Executed endpoint 'VRSAPPUI.Areas.Admin.Controllers.DashboardController.Sync_Mark_Result_Demo_Erp (VRSAPPUI)'
2025-12-25 16:26:45.630 +05:30 [INF] HTTP GET /admin/dashboard/sync_mark_result_demo_erp responded 200 in 1877.0238 ms
2025-12-25 16:26:45.631 +05:30 [INF] Request finished HTTP/2 GET https://localhost:7071/admin/dashboard/sync_mark_result_demo_erp - 200 null text/html; charset=utf-8 1901.9577ms
2025-12-25 16:26:45.668 +05:30 [INF] Request starting HTTP/2 GET https://localhost:7071/js/AdminJs/StudentDemoToERP_Mapping.js?v=_AIW-TF03qdyObvxLLwsRzWjOgaZOtDZQ7_FiB7Zoag - null null
2025-12-25 16:26:45.671 +05:30 [INF] Request starting HTTP/2 GET https://localhost:7071/_vs/browserLink - null null
2025-12-25 16:26:45.673 +05:30 [INF] Request starting HTTP/2 GET https://localhost:7071/_framework/aspnetcore-browser-refresh.js - null null
2025-12-25 16:26:45.684 +05:30 [INF] Request finished HTTP/2 GET https://localhost:7071/_framework/aspnetcore-browser-refresh.js - 200 16501 application/javascript; charset=utf-8 12.1873ms
2025-12-25 16:26:45.703 +05:30 [INF] Request finished HTTP/2 GET https://localhost:7071/_vs/browserLink - 200 null text/javascript; charset=UTF-8 32.5019ms
2025-12-25 16:26:45.703 +05:30 [INF] The file /js/AdminJs/StudentDemoToERP_Mapping.js was not modified
2025-12-25 16:26:45.705 +05:30 [INF] Request finished HTTP/2 GET https://localhost:7071/js/AdminJs/StudentDemoToERP_Mapping.js?v=_AIW-TF03qdyObvxLLwsRzWjOgaZOtDZQ7_FiB7Zoag - 304 null text/javascript 37.0318ms
2025-12-25 16:26:50.037 +05:30 [INF] Request starting HTTP/2 POST https://localhost:7071/admin/dashboard/sync_mark_result_demo_erp - application/x-www-form-urlencoded 261
2025-12-25 16:26:50.040 +05:30 [INF] CORS policy execution successful.
2025-12-25 16:26:50.040 +05:30 [INF] Executing endpoint 'VRSAPPUI.Areas.Admin.Controllers.DashboardController.Sync_Mark_Result_Demo_Erp (VRSAPPUI)'
2025-12-25 16:26:50.040 +05:30 [INF] Route matched with {area = "Admin", action = "Sync_Mark_Result_Demo_Erp", controller = "Dashboard"}. Executing controller action with signature System.Threading.Tasks.Task`1[Microsoft.AspNetCore.Mvc.IActionResult] Sync_Mark_Result_Demo_Erp(System.String, Int32, System.String) on controller VRSAPPUI.Areas.Admin.Controllers.DashboardController (VRSAPPUI).
2025-12-25 16:26:50.231 +05:30 [INF] Executing ViewResult, running view Sync_Mark_Result_Demo_Erp.
2025-12-25 16:26:50.246 +05:30 [INF] Executed ViewResult - view Sync_Mark_Result_Demo_Erp executed in 15.6459ms.
2025-12-25 16:26:50.246 +05:30 [INF] Executed action VRSAPPUI.Areas.Admin.Controllers.DashboardController.Sync_Mark_Result_Demo_Erp (VRSAPPUI) in 206.2332ms
2025-12-25 16:26:50.246 +05:30 [INF] Executed endpoint 'VRSAPPUI.Areas.Admin.Controllers.DashboardController.Sync_Mark_Result_Demo_Erp (VRSAPPUI)'
2025-12-25 16:26:50.246 +05:30 [INF] HTTP POST /admin/dashboard/sync_mark_result_demo_erp responded 200 in 206.4119 ms
2025-12-25 16:26:50.247 +05:30 [INF] Request finished HTTP/2 POST https://localhost:7071/admin/dashboard/sync_mark_result_demo_erp - 200 null text/html; charset=utf-8 209.7487ms
2025-12-25 16:26:50.261 +05:30 [INF] Request starting HTTP/2 GET https://localhost:7071/_vs/browserLink - null null
2025-12-25 16:26:50.261 +05:30 [INF] Request starting HTTP/2 GET https://localhost:7071/_framework/aspnetcore-browser-refresh.js - null null
2025-12-25 16:26:50.266 +05:30 [INF] Request finished HTTP/2 GET https://localhost:7071/_framework/aspnetcore-browser-refresh.js - 200 16501 application/javascript; charset=utf-8 4.8993ms
2025-12-25 16:26:50.288 +05:30 [INF] Request finished HTTP/2 GET https://localhost:7071/_vs/browserLink - 200 null text/javascript; charset=UTF-8 26.7741ms
2025-12-25 16:26:51.675 +05:30 [INF] Request starting HTTP/2 POST https://localhost:7071/admin/dashboard/sync_mark_result_demo_erp - application/x-www-form-urlencoded 268
2025-12-25 16:26:51.678 +05:30 [INF] CORS policy execution successful.
2025-12-25 16:26:51.678 +05:30 [INF] Executing endpoint 'VRSAPPUI.Areas.Admin.Controllers.DashboardController.Sync_Mark_Result_Demo_Erp (VRSAPPUI)'
2025-12-25 16:26:51.678 +05:30 [INF] Route matched with {area = "Admin", action = "Sync_Mark_Result_Demo_Erp", controller = "Dashboard"}. Executing controller action with signature System.Threading.Tasks.Task`1[Microsoft.AspNetCore.Mvc.IActionResult] Sync_Mark_Result_Demo_Erp(System.String, Int32, System.String) on controller VRSAPPUI.Areas.Admin.Controllers.DashboardController (VRSAPPUI).
2025-12-25 16:26:51.757 +05:30 [INF] Executing ViewResult, running view Sync_Mark_Result_Demo_Erp.
2025-12-25 16:26:51.771 +05:30 [INF] Executed ViewResult - view Sync_Mark_Result_Demo_Erp executed in 14.2907ms.
2025-12-25 16:26:51.771 +05:30 [INF] Executed action VRSAPPUI.Areas.Admin.Controllers.DashboardController.Sync_Mark_Result_Demo_Erp (VRSAPPUI) in 92.796ms
2025-12-25 16:26:51.771 +05:30 [INF] Executed endpoint 'VRSAPPUI.Areas.Admin.Controllers.DashboardController.Sync_Mark_Result_Demo_Erp (VRSAPPUI)'
2025-12-25 16:26:51.771 +05:30 [INF] HTTP POST /admin/dashboard/sync_mark_result_demo_erp responded 200 in 93.1671 ms
2025-12-25 16:26:51.771 +05:30 [INF] Request finished HTTP/2 POST https://localhost:7071/admin/dashboard/sync_mark_result_demo_erp - 200 null text/html; charset=utf-8 96.5627ms
2025-12-25 16:26:51.779 +05:30 [INF] Request starting HTTP/2 GET https://localhost:7071/_framework/aspnetcore-browser-refresh.js - null null
2025-12-25 16:26:51.779 +05:30 [INF] Request starting HTTP/2 GET https://localhost:7071/_vs/browserLink - null null
2025-12-25 16:26:51.781 +05:30 [INF] Request finished HTTP/2 GET https://localhost:7071/_framework/aspnetcore-browser-refresh.js - 200 16501 application/javascript; charset=utf-8 2.0743ms
2025-12-25 16:26:51.802 +05:30 [INF] Request finished HTTP/2 GET https://localhost:7071/_vs/browserLink - 200 null text/javascript; charset=UTF-8 22.9987ms
2025-12-25 16:27:21.492 +05:30 [INF] Request starting HTTP/2 POST https://localhost:7071/admin/dashboard/sync_mark_result_demo_erp - application/x-www-form-urlencoded 268
2025-12-25 16:27:21.500 +05:30 [INF] CORS policy execution successful.
2025-12-25 16:27:21.500 +05:30 [INF] Executing endpoint 'VRSAPPUI.Areas.Admin.Controllers.DashboardController.Sync_Mark_Result_Demo_Erp (VRSAPPUI)'
2025-12-25 16:27:21.500 +05:30 [INF] Route matched with {area = "Admin", action = "Sync_Mark_Result_Demo_Erp", controller = "Dashboard"}. Executing controller action with signature System.Threading.Tasks.Task`1[Microsoft.AspNetCore.Mvc.IActionResult] Sync_Mark_Result_Demo_Erp(System.String, Int32, System.String) on controller VRSAPPUI.Areas.Admin.Controllers.DashboardController (VRSAPPUI).
2025-12-25 16:27:21.599 +05:30 [INF] Executing ViewResult, running view Sync_Mark_Result_Demo_Erp.
2025-12-25 16:27:21.623 +05:30 [INF] Executed ViewResult - view Sync_Mark_Result_Demo_Erp executed in 24.5005ms.
2025-12-25 16:27:21.623 +05:30 [INF] Executed action VRSAPPUI.Areas.Admin.Controllers.DashboardController.Sync_Mark_Result_Demo_Erp (VRSAPPUI) in 123.224ms
2025-12-25 16:27:21.623 +05:30 [INF] Executed endpoint 'VRSAPPUI.Areas.Admin.Controllers.DashboardController.Sync_Mark_Result_Demo_Erp (VRSAPPUI)'
2025-12-25 16:27:21.623 +05:30 [INF] HTTP POST /admin/dashboard/sync_mark_result_demo_erp responded 200 in 123.5610 ms
2025-12-25 16:27:21.624 +05:30 [INF] Request finished HTTP/2 POST https://localhost:7071/admin/dashboard/sync_mark_result_demo_erp - 200 null text/html; charset=utf-8 131.9143ms
2025-12-25 16:27:21.739 +05:30 [INF] Request starting HTTP/2 GET https://localhost:7071/_framework/aspnetcore-browser-refresh.js - null null
2025-12-25 16:27:21.740 +05:30 [INF] Request starting HTTP/2 GET https://localhost:7071/_vs/browserLink - null null
2025-12-25 16:27:21.741 +05:30 [INF] Request finished HTTP/2 GET https://localhost:7071/_framework/aspnetcore-browser-refresh.js - 200 16501 application/javascript; charset=utf-8 1.7519ms
2025-12-25 16:27:21.754 +05:30 [INF] Request finished HTTP/2 GET https://localhost:7071/_vs/browserLink - 200 null text/javascript; charset=UTF-8 14.9882ms
2025-12-25 16:27:25.906 +05:30 [INF] Request starting HTTP/2 POST https://localhost:7071/admin/dashboard/mappingdemotoerp - multipart/form-data; boundary=----WebKitFormBoundary0UUU98NADdV2lsL2 551
2025-12-25 16:27:25.907 +05:30 [INF] CORS policy execution successful.
2025-12-25 16:27:25.907 +05:30 [INF] Executing endpoint 'VRSAPPUI.Areas.Admin.Controllers.DashboardController.MappingDemoToErp (VRSAPPUI)'
2025-12-25 16:27:25.917 +05:30 [INF] Route matched with {area = "Admin", action = "MappingDemoToErp", controller = "Dashboard"}. Executing controller action with signature System.Threading.Tasks.Task`1[Microsoft.AspNetCore.Mvc.IActionResult] MappingDemoToErp(VRSMODEL.DTO.ORDINANCE_STUDENT_DTO) on controller VRSAPPUI.Areas.Admin.Controllers.DashboardController (VRSAPPUI).
