2025-11-12 12:20:20.973 +05:30 [INF] Now listening on: https://localhost:7071
2025-11-12 12:20:21.012 +05:30 [INF] Now listening on: http://localhost:5290
2025-11-12 12:20:21.089 +05:30 [INF] Application started. Press Ctrl+C to shut down.
2025-11-12 12:20:21.090 +05:30 [INF] Hosting environment: Development
2025-11-12 12:20:21.090 +05:30 [INF] Content root path: D:\VRSAGRAERP\VRSAPPUI
2025-11-12 12:20:22.376 +05:30 [INF] Request starting HTTP/2 GET https://localhost:7071/ - null null
2025-11-12 12:20:22.662 +05:30 [INF] Executing endpoint 'VRSAPPUI.Controllers.HomeController.Index (VRSAPPUI)'
2025-11-12 12:20:22.695 +05:30 [INF] Route matched with {action = "Index", controller = "Home", area = ""}. Executing controller action with signature System.Threading.Tasks.Task`1[Microsoft.AspNetCore.Mvc.IActionResult] Index() on controller VRSAPPUI.Controllers.HomeController (VRSAPPUI).
2025-11-12 12:20:24.019 +05:30 [INF] Executing ViewResult, running view Index.
2025-11-12 12:20:24.138 +05:30 [INF] Executed ViewResult - view Index executed in 126.4419ms.
2025-11-12 12:20:24.139 +05:30 [INF] Executed action VRSAPPUI.Controllers.HomeController.Index (VRSAPPUI) in 1442.3659ms
2025-11-12 12:20:24.139 +05:30 [INF] Executed endpoint 'VRSAPPUI.Controllers.HomeController.Index (VRSAPPUI)'
2025-11-12 12:20:24.142 +05:30 [INF] HTTP GET / responded 200 in 1480.5187 ms
2025-11-12 12:20:24.156 +05:30 [INF] Request finished HTTP/2 GET https://localhost:7071/ - 200 null text/html; charset=utf-8 1801.9531ms
2025-11-12 12:20:24.163 +05:30 [INF] Request starting HTTP/2 GET https://localhost:7071/pageui/plugins/icheck-bootstrap/icheck-bootstrap.min.css - null null
2025-11-12 12:20:24.163 +05:30 [INF] Request starting HTTP/2 GET https://localhost:7071/pageui/plugins/fontawesome-free/css/all.min.css - null null
2025-11-12 12:20:24.163 +05:30 [INF] Request starting HTTP/2 GET https://localhost:7071/pageui/dist/css/adminlte.min2167.css?v=3.2.0 - null null
2025-11-12 12:20:24.163 +05:30 [INF] Request starting HTTP/2 GET https://localhost:7071/pageui/plugins/jquery/jquery.min.js - null null
2025-11-12 12:20:24.168 +05:30 [INF] Request starting HTTP/2 GET https://localhost:7071/pageui/plugins/bootstrap/js/bootstrap.bundle.min.js - null null
2025-11-12 12:20:24.172 +05:30 [INF] Request starting HTTP/2 GET https://localhost:7071/pageui/dist/js/adminlte.min2167.js?v=3.2.0 - null null
2025-11-12 12:20:24.182 +05:30 [INF] Request starting HTTP/2 GET https://localhost:7071/_framework/aspnetcore-browser-refresh.js - null null
2025-11-12 12:20:24.194 +05:30 [INF] Request starting HTTP/2 GET https://localhost:7071/_vs/browserLink - null null
2025-11-12 12:20:24.273 +05:30 [INF] Request finished HTTP/2 GET https://localhost:7071/_framework/aspnetcore-browser-refresh.js - 200 16501 application/javascript; charset=utf-8 89.9893ms
2025-11-12 12:20:24.290 +05:30 [INF] Sending file. Request path: '/pageui/plugins/bootstrap/js/bootstrap.bundle.min.js'. Physical path: 'D:\VRSAGRAERP\VRSAPPUI\wwwroot\pageui\plugins\bootstrap\js\bootstrap.bundle.min.js'
2025-11-12 12:20:24.290 +05:30 [INF] Sending file. Request path: '/pageui/plugins/fontawesome-free/css/all.min.css'. Physical path: 'D:\VRSAGRAERP\VRSAPPUI\wwwroot\pageui\plugins\fontawesome-free\css\all.min.css'
2025-11-12 12:20:24.290 +05:30 [INF] Sending file. Request path: '/pageui/dist/js/adminlte.min2167.js'. Physical path: 'D:\VRSAGRAERP\VRSAPPUI\wwwroot\pageui\dist\js\adminlte.min2167.js'
2025-11-12 12:20:24.290 +05:30 [INF] Sending file. Request path: '/pageui/plugins/jquery/jquery.min.js'. Physical path: 'D:\VRSAGRAERP\VRSAPPUI\wwwroot\pageui\plugins\jquery\jquery.min.js'
2025-11-12 12:20:24.290 +05:30 [INF] Sending file. Request path: '/pageui/plugins/icheck-bootstrap/icheck-bootstrap.min.css'. Physical path: 'D:\VRSAGRAERP\VRSAPPUI\wwwroot\pageui\plugins\icheck-bootstrap\icheck-bootstrap.min.css'
2025-11-12 12:20:24.291 +05:30 [INF] Request finished HTTP/2 GET https://localhost:7071/pageui/plugins/jquery/jquery.min.js - 200 89501 text/javascript 127.8496ms
2025-11-12 12:20:24.291 +05:30 [INF] Request finished HTTP/2 GET https://localhost:7071/pageui/dist/js/adminlte.min2167.js?v=3.2.0 - 200 46329 text/javascript 118.9756ms
2025-11-12 12:20:24.291 +05:30 [INF] Request finished HTTP/2 GET https://localhost:7071/pageui/plugins/bootstrap/js/bootstrap.bundle.min.js - 200 83253 text/javascript 125.9566ms
2025-11-12 12:20:24.291 +05:30 [INF] Request finished HTTP/2 GET https://localhost:7071/pageui/plugins/fontawesome-free/css/all.min.css - 200 59317 text/css 128.5447ms
2025-11-12 12:20:24.291 +05:30 [INF] Request finished HTTP/2 GET https://localhost:7071/pageui/plugins/icheck-bootstrap/icheck-bootstrap.min.css - 200 12505 text/css 128.5345ms
2025-11-12 12:20:24.353 +05:30 [INF] Sending file. Request path: '/pageui/dist/css/adminlte.min2167.css'. Physical path: 'D:\VRSAGRAERP\VRSAPPUI\wwwroot\pageui\dist\css\adminlte.min2167.css'
2025-11-12 12:20:24.353 +05:30 [INF] Request finished HTTP/2 GET https://localhost:7071/pageui/dist/css/adminlte.min2167.css?v=3.2.0 - 200 1396747 text/css 190.664ms
2025-11-12 12:20:24.383 +05:30 [INF] Request finished HTTP/2 GET https://localhost:7071/_vs/browserLink - 200 null text/javascript; charset=UTF-8 191.2209ms
2025-11-12 12:20:24.599 +05:30 [INF] Request starting HTTP/2 GET https://localhost:7071/pageui/plugins/fontawesome-free/webfonts/fa-solid-900.woff2 - null null
2025-11-12 12:20:24.633 +05:30 [INF] Sending file. Request path: '/pageui/plugins/fontawesome-free/webfonts/fa-solid-900.woff2'. Physical path: 'D:\VRSAGRAERP\VRSAPPUI\wwwroot\pageui\plugins\fontawesome-free\webfonts\fa-solid-900.woff2'
2025-11-12 12:20:24.633 +05:30 [INF] Request finished HTTP/2 GET https://localhost:7071/pageui/plugins/fontawesome-free/webfonts/fa-solid-900.woff2 - 200 78268 font/woff2 34.776ms
2025-11-12 12:20:24.802 +05:30 [INF] Request starting HTTP/2 GET https://localhost:7071/favicon.ico - null null
2025-11-12 12:20:24.805 +05:30 [INF] Sending file. Request path: '/favicon.ico'. Physical path: 'D:\VRSAGRAERP\VRSAPPUI\wwwroot\favicon.ico'
2025-11-12 12:20:24.806 +05:30 [INF] Request finished HTTP/2 GET https://localhost:7071/favicon.ico - 200 15406 image/x-icon 4.5005ms
2025-11-12 12:21:33.950 +05:30 [INF] Request starting HTTP/2 GET https://localhost:7071/ADMIN/LOGIN - null null
2025-11-12 12:21:33.968 +05:30 [INF] Executing endpoint 'VRSAPPUI.Areas.Admin.Controllers.AccountController.Login (VRSAPPUI)'
2025-11-12 12:21:33.976 +05:30 [INF] Route matched with {area = "Admin", action = "Login", controller = "Account"}. Executing controller action with signature Microsoft.AspNetCore.Mvc.IActionResult Login(System.String) on controller VRSAPPUI.Areas.Admin.Controllers.AccountController (VRSAPPUI).
2025-11-12 12:21:34.007 +05:30 [INF] Executing ViewResult, running view Login.
2025-11-12 12:21:34.220 +05:30 [INF] Executed ViewResult - view Login executed in 214.0749ms.
2025-11-12 12:21:34.224 +05:30 [INF] Request starting HTTP/2 GET https://localhost:7071/_framework/aspnetcore-browser-refresh.js - null null
2025-11-12 12:21:34.224 +05:30 [INF] Executed action VRSAPPUI.Areas.Admin.Controllers.AccountController.Login (VRSAPPUI) in 248.632ms
2025-11-12 12:21:34.225 +05:30 [INF] Executed endpoint 'VRSAPPUI.Areas.Admin.Controllers.AccountController.Login (VRSAPPUI)'
2025-11-12 12:21:34.225 +05:30 [INF] Request starting HTTP/2 GET https://localhost:7071/pageui/plugins/sweetalert2/sweetalert2.min.js - null null
2025-11-12 12:21:34.225 +05:30 [INF] Request starting HTTP/2 GET https://localhost:7071/pageui/plugins/sweetalert2/sweetalert2.min.css - null null
2025-11-12 12:21:34.225 +05:30 [INF] HTTP GET /ADMIN/LOGIN responded 200 in 256.9231 ms
2025-11-12 12:21:34.227 +05:30 [INF] Request finished HTTP/2 GET https://localhost:7071/ADMIN/LOGIN - 200 null text/html; charset=utf-8 276.8555ms
2025-11-12 12:21:34.234 +05:30 [INF] Request finished HTTP/2 GET https://localhost:7071/_framework/aspnetcore-browser-refresh.js - 200 16501 application/javascript; charset=utf-8 7.2574ms
2025-11-12 12:21:34.241 +05:30 [INF] Sending file. Request path: '/pageui/plugins/sweetalert2/sweetalert2.min.css'. Physical path: 'D:\VRSAGRAERP\VRSAPPUI\wwwroot\pageui\plugins\sweetalert2\sweetalert2.min.css'
2025-11-12 12:21:34.241 +05:30 [INF] Sending file. Request path: '/pageui/plugins/sweetalert2/sweetalert2.min.js'. Physical path: 'D:\VRSAGRAERP\VRSAPPUI\wwwroot\pageui\plugins\sweetalert2\sweetalert2.min.js'
2025-11-12 12:21:34.242 +05:30 [INF] Request finished HTTP/2 GET https://localhost:7071/pageui/plugins/sweetalert2/sweetalert2.min.css - 200 37005 text/css 17.8821ms
2025-11-12 12:21:34.242 +05:30 [INF] Request starting HTTP/2 GET https://localhost:7071/_vs/browserLink - null null
2025-11-12 12:21:34.242 +05:30 [INF] Request finished HTTP/2 GET https://localhost:7071/pageui/plugins/sweetalert2/sweetalert2.min.js - 200 42910 text/javascript 18.0464ms
2025-11-12 12:21:34.274 +05:30 [INF] Request finished HTTP/2 GET https://localhost:7071/_vs/browserLink - 200 null text/javascript; charset=UTF-8 31.8179ms
2025-11-12 12:21:36.154 +05:30 [INF] Request starting HTTP/2 POST https://localhost:7071/admin/login - application/json; charset=UTF-8 37
2025-11-12 12:21:36.159 +05:30 [INF] CORS policy execution successful.
2025-11-12 12:21:36.165 +05:30 [INF] Executing endpoint 'VRSAPPUI.Areas.Admin.Controllers.AccountController.Login (VRSAPPUI)'
2025-11-12 12:21:36.171 +05:30 [INF] Route matched with {area = "Admin", action = "Login", controller = "Account"}. Executing controller action with signature System.Threading.Tasks.Task`1[Microsoft.AspNetCore.Mvc.IActionResult] Login(VRSMODEL.DTO.LoginDTO, System.String) on controller VRSAPPUI.Areas.Admin.Controllers.AccountController (VRSAPPUI).
2025-11-12 12:21:38.325 +05:30 [WRN] No store type was specified for the decimal property 'Sequence' on entity type 'NewMasters'. This will cause values to be silently truncated if they do not fit in the default precision and scale. Explicitly specify the SQL server column type that can accommodate all the values in 'OnModelCreating' using 'HasColumnType', specify precision and scale using 'HasPrecision', or configure a value converter using 'HasConversion'.
2025-11-12 12:21:40.760 +05:30 [INF] Executed DbCommand (110ms) [Parameters=[@__admin_AdminId_0='?' (DbType = Int32)], CommandType='"Text"', CommandTimeout='30']
SELECT [r].[RoleName]
FROM [Roles] AS [r]
INNER JOIN [AdminMasterRoles] AS [a] ON [r].[RoleId] = [a].[RoleId]
WHERE [a].[AdminId] = @__admin_AdminId_0
2025-11-12 12:21:40.915 +05:30 [INF] AuthenticationScheme: Cookies signed in.
2025-11-12 12:21:40.918 +05:30 [INF] Executing JsonResult, writing value of type 'System.String'.
2025-11-12 12:21:40.922 +05:30 [INF] Executed action VRSAPPUI.Areas.Admin.Controllers.AccountController.Login (VRSAPPUI) in 4750.6093ms
2025-11-12 12:21:40.922 +05:30 [INF] Executed endpoint 'VRSAPPUI.Areas.Admin.Controllers.AccountController.Login (VRSAPPUI)'
2025-11-12 12:21:40.923 +05:30 [INF] HTTP POST /admin/login responded 200 in 4757.9637 ms
2025-11-12 12:21:40.929 +05:30 [INF] Request finished HTTP/2 POST https://localhost:7071/admin/login - 200 null application/json; charset=utf-8 4775.9561ms
2025-11-12 12:21:40.938 +05:30 [INF] Request starting HTTP/2 GET https://localhost:7071/admin/dashboard - null null
2025-11-12 12:21:40.944 +05:30 [INF] Executing endpoint 'VRSAPPUI.Areas.Admin.Controllers.DashboardController.Index (VRSAPPUI)'
2025-11-12 12:21:40.947 +05:30 [INF] Route matched with {area = "Admin", action = "Index", controller = "Dashboard"}. Executing controller action with signature System.Threading.Tasks.Task`1[Microsoft.AspNetCore.Mvc.IActionResult] Index() on controller VRSAPPUI.Areas.Admin.Controllers.DashboardController (VRSAPPUI).
2025-11-12 12:21:40.978 +05:30 [INF] Executing ViewResult, running view Index.
2025-11-12 12:21:41.018 +05:30 [INF] Executed ViewResult - view Index executed in 41.2632ms.
2025-11-12 12:21:41.018 +05:30 [INF] Executed action VRSAPPUI.Areas.Admin.Controllers.DashboardController.Index (VRSAPPUI) in 71.0397ms
2025-11-12 12:21:41.018 +05:30 [INF] Executed endpoint 'VRSAPPUI.Areas.Admin.Controllers.DashboardController.Index (VRSAPPUI)'
2025-11-12 12:21:41.019 +05:30 [INF] HTTP GET /admin/dashboard responded 200 in 74.8122 ms
2025-11-12 12:21:41.019 +05:30 [INF] Request finished HTTP/2 GET https://localhost:7071/admin/dashboard - 200 null text/html; charset=utf-8 80.4019ms
2025-11-12 12:21:41.043 +05:30 [INF] Request starting HTTP/2 GET https://localhost:7071/pageui/plugins/overlayScrollbars/css/OverlayScrollbars.min.css - null null
2025-11-12 12:21:41.044 +05:30 [INF] Request starting HTTP/2 GET https://localhost:7071/pageui/plugins/tempusdominus-bootstrap-4/css/tempusdominus-bootstrap-4.min.css - null null
2025-11-12 12:21:41.044 +05:30 [INF] Request starting HTTP/2 GET https://localhost:7071/pageui/plugins/select2/css/select2.min.css - null null
2025-11-12 12:21:41.043 +05:30 [INF] Request starting HTTP/2 GET https://localhost:7071/pageui/plugins/bootstrap-colorpicker/css/bootstrap-colorpicker.min.css - null null
2025-11-12 12:21:41.044 +05:30 [INF] Request starting HTTP/2 GET https://localhost:7071/pageui/plugins/daterangepicker/daterangepicker.css - null null
2025-11-12 12:21:41.052 +05:30 [INF] Request starting HTTP/2 GET https://localhost:7071/pageui/plugins/select2-bootstrap4-theme/select2-bootstrap4.min.css - null null
2025-11-12 12:21:41.058 +05:30 [INF] Request starting HTTP/2 GET https://localhost:7071/pageui/plugins/bootstrap4-duallistbox/bootstrap-duallistbox.min.css - null null
2025-11-12 12:21:41.062 +05:30 [INF] Request starting HTTP/2 GET https://localhost:7071/pageui/plugins/toastr/toastr.min.css - null null
2025-11-12 12:21:41.063 +05:30 [INF] Request starting HTTP/2 GET https://localhost:7071/logo_header.png - null null
2025-11-12 12:21:41.063 +05:30 [INF] Request starting HTTP/2 GET https://localhost:7071/pageui/plugins/overlayScrollbars/js/jquery.overlayScrollbars.min.js - null null
2025-11-12 12:21:41.064 +05:30 [INF] Sending file. Request path: '/pageui/plugins/overlayScrollbars/css/OverlayScrollbars.min.css'. Physical path: 'D:\VRSAGRAERP\VRSAPPUI\wwwroot\pageui\plugins\overlayScrollbars\css\OverlayScrollbars.min.css'
2025-11-12 12:21:41.064 +05:30 [INF] Request starting HTTP/2 GET https://localhost:7071/pageui/plugins/select2/js/select2.full.min.js - null null
2025-11-12 12:21:41.064 +05:30 [INF] Request finished HTTP/2 GET https://localhost:7071/pageui/plugins/overlayScrollbars/css/OverlayScrollbars.min.css - 200 20020 text/css 20.87ms
2025-11-12 12:21:41.066 +05:30 [INF] Request starting HTTP/2 GET https://localhost:7071/pageui/plugins/bootstrap4-duallistbox/jquery.bootstrap-duallistbox.min.js - null null
2025-11-12 12:21:41.071 +05:30 [INF] Request starting HTTP/2 GET https://localhost:7071/pageui/plugins/moment/moment.min.js - null null
2025-11-12 12:21:41.076 +05:30 [INF] Request starting HTTP/2 GET https://localhost:7071/pageui/plugins/inputmask/jquery.inputmask.min.js - null null
2025-11-12 12:21:41.083 +05:30 [INF] Request starting HTTP/2 GET https://localhost:7071/pageui/plugins/daterangepicker/daterangepicker.js - null null
2025-11-12 12:21:41.088 +05:30 [INF] Sending file. Request path: '/pageui/plugins/bootstrap4-duallistbox/bootstrap-duallistbox.min.css'. Physical path: 'D:\VRSAGRAERP\VRSAPPUI\wwwroot\pageui\plugins\bootstrap4-duallistbox\bootstrap-duallistbox.min.css'
2025-11-12 12:21:41.089 +05:30 [INF] Request finished HTTP/2 GET https://localhost:7071/pageui/plugins/bootstrap4-duallistbox/bootstrap-duallistbox.min.css - 200 1552 text/css 30.8978ms
2025-11-12 12:21:41.092 +05:30 [INF] Request starting HTTP/2 GET https://localhost:7071/pageui/plugins/bootstrap-colorpicker/js/bootstrap-colorpicker.min.js - null null
2025-11-12 12:21:41.092 +05:30 [INF] Request starting HTTP/2 GET https://localhost:7071/pageui/dist/js/adminlte2167.js?v=3.2.0 - null null
2025-11-12 12:21:41.092 +05:30 [INF] Request starting HTTP/2 GET https://localhost:7071/pageui/plugins/tempusdominus-bootstrap-4/js/tempusdominus-bootstrap-4.min.js - null null
2025-11-12 12:21:41.092 +05:30 [INF] Request starting HTTP/2 GET https://localhost:7071/pageui/plugins/bootstrap-switch/js/bootstrap-switch.min.js - null null
2025-11-12 12:21:41.099 +05:30 [INF] Request starting HTTP/2 GET https://localhost:7071/pageui/plugins/jquery-mousewheel/jquery.mousewheel.js - null null
2025-11-12 12:21:41.106 +05:30 [INF] Request starting HTTP/2 GET https://localhost:7071/pageui/plugins/jquery-mapael/jquery.mapael.min.js - null null
2025-11-12 12:21:41.106 +05:30 [INF] Request starting HTTP/2 GET https://localhost:7071/pageui/plugins/raphael/raphael.min.js - null null
2025-11-12 12:21:41.116 +05:30 [INF] Request starting HTTP/2 GET https://localhost:7071/pageui/plugins/jquery-mapael/maps/usa_states.min.js - null null
2025-11-12 12:21:41.117 +05:30 [INF] Request starting HTTP/2 GET https://localhost:7071/pageui/plugins/chart.js/Chart.min.js - null null
2025-11-12 12:21:41.117 +05:30 [INF] Request starting HTTP/2 GET https://localhost:7071/pageui/plugins/toastr/toastr.min.js - null null
2025-11-12 12:21:41.122 +05:30 [INF] Request starting HTTP/2 GET https://localhost:7071/_framework/aspnetcore-browser-refresh.js - null null
2025-11-12 12:21:41.124 +05:30 [INF] Request starting HTTP/2 GET https://localhost:7071/_vs/browserLink - null null
2025-11-12 12:21:41.125 +05:30 [INF] Sending file. Request path: '/pageui/plugins/tempusdominus-bootstrap-4/css/tempusdominus-bootstrap-4.min.css'. Physical path: 'D:\VRSAGRAERP\VRSAPPUI\wwwroot\pageui\plugins\tempusdominus-bootstrap-4\css\tempusdominus-bootstrap-4.min.css'
2025-11-12 12:21:41.126 +05:30 [INF] Sending file. Request path: '/pageui/plugins/select2/css/select2.min.css'. Physical path: 'D:\VRSAGRAERP\VRSAPPUI\wwwroot\pageui\plugins\select2\css\select2.min.css'
2025-11-12 12:21:41.126 +05:30 [INF] Sending file. Request path: '/pageui/plugins/bootstrap-colorpicker/css/bootstrap-colorpicker.min.css'. Physical path: 'D:\VRSAGRAERP\VRSAPPUI\wwwroot\pageui\plugins\bootstrap-colorpicker\css\bootstrap-colorpicker.min.css'
2025-11-12 12:21:41.126 +05:30 [INF] Request finished HTTP/2 GET https://localhost:7071/pageui/plugins/tempusdominus-bootstrap-4/css/tempusdominus-bootstrap-4.min.css - 200 11967 text/css 82.5871ms
2025-11-12 12:21:41.127 +05:30 [INF] Request finished HTTP/2 GET https://localhost:7071/pageui/plugins/select2/css/select2.min.css - 200 14966 text/css 83.6505ms
2025-11-12 12:21:41.127 +05:30 [INF] Request finished HTTP/2 GET https://localhost:7071/pageui/plugins/bootstrap-colorpicker/css/bootstrap-colorpicker.min.css - 200 9495 text/css 83.9179ms
2025-11-12 12:21:41.128 +05:30 [INF] Sending file. Request path: '/pageui/plugins/jquery-mousewheel/jquery.mousewheel.js'. Physical path: 'D:\VRSAGRAERP\VRSAPPUI\wwwroot\pageui\plugins\jquery-mousewheel\jquery.mousewheel.js'
2025-11-12 12:21:41.129 +05:30 [INF] Sending file. Request path: '/pageui/plugins/daterangepicker/daterangepicker.css'. Physical path: 'D:\VRSAGRAERP\VRSAPPUI\wwwroot\pageui\plugins\daterangepicker\daterangepicker.css'
2025-11-12 12:21:41.130 +05:30 [INF] Request finished HTTP/2 GET https://localhost:7071/pageui/plugins/jquery-mousewheel/jquery.mousewheel.js - 200 3970 text/javascript 30.2645ms
2025-11-12 12:21:41.130 +05:30 [INF] Sending file. Request path: '/pageui/plugins/select2-bootstrap4-theme/select2-bootstrap4.min.css'. Physical path: 'D:\VRSAGRAERP\VRSAPPUI\wwwroot\pageui\plugins\select2-bootstrap4-theme\select2-bootstrap4.min.css'
2025-11-12 12:21:41.130 +05:30 [INF] Request finished HTTP/2 GET https://localhost:7071/pageui/plugins/select2-bootstrap4-theme/select2-bootstrap4.min.css - 200 6705 text/css 78.3986ms
2025-11-12 12:21:41.130 +05:30 [INF] Request finished HTTP/2 GET https://localhost:7071/pageui/plugins/daterangepicker/daterangepicker.css - 200 6371 text/css 86.4606ms
2025-11-12 12:21:41.140 +05:30 [INF] Sending file. Request path: '/pageui/plugins/toastr/toastr.min.css'. Physical path: 'D:\VRSAGRAERP\VRSAPPUI\wwwroot\pageui\plugins\toastr\toastr.min.css'
2025-11-12 12:21:41.141 +05:30 [INF] Sending file. Request path: '/logo_header.png'. Physical path: 'D:\VRSAGRAERP\VRSAPPUI\wwwroot\logo_header.png'
2025-11-12 12:21:41.141 +05:30 [INF] Request finished HTTP/2 GET https://localhost:7071/pageui/plugins/toastr/toastr.min.css - 200 6454 text/css 79.5348ms
2025-11-12 12:21:41.141 +05:30 [INF] Sending file. Request path: '/pageui/plugins/bootstrap-switch/js/bootstrap-switch.min.js'. Physical path: 'D:\VRSAGRAERP\VRSAPPUI\wwwroot\pageui\plugins\bootstrap-switch\js\bootstrap-switch.min.js'
2025-11-12 12:21:41.141 +05:30 [INF] Sending file. Request path: '/pageui/plugins/bootstrap4-duallistbox/jquery.bootstrap-duallistbox.min.js'. Physical path: 'D:\VRSAGRAERP\VRSAPPUI\wwwroot\pageui\plugins\bootstrap4-duallistbox\jquery.bootstrap-duallistbox.min.js'
2025-11-12 12:21:41.141 +05:30 [INF] Request finished HTTP/2 GET https://localhost:7071/logo_header.png - 200 15117 image/png 78.3715ms
2025-11-12 12:21:41.142 +05:30 [INF] Request finished HTTP/2 GET https://localhost:7071/pageui/plugins/bootstrap-switch/js/bootstrap-switch.min.js - 200 14920 text/javascript 49.8852ms
2025-11-12 12:21:41.142 +05:30 [INF] Request finished HTTP/2 GET https://localhost:7071/pageui/plugins/bootstrap4-duallistbox/jquery.bootstrap-duallistbox.min.js - 200 16859 text/javascript 76.4495ms
2025-11-12 12:21:41.143 +05:30 [INF] Request finished HTTP/2 GET https://localhost:7071/_framework/aspnetcore-browser-refresh.js - 200 16501 application/javascript; charset=utf-8 20.6409ms
2025-11-12 12:21:41.144 +05:30 [INF] Sending file. Request path: '/pageui/plugins/toastr/toastr.min.js'. Physical path: 'D:\VRSAGRAERP\VRSAPPUI\wwwroot\pageui\plugins\toastr\toastr.min.js'
2025-11-12 12:21:41.145 +05:30 [INF] Request finished HTTP/2 GET https://localhost:7071/pageui/plugins/toastr/toastr.min.js - 200 5251 text/javascript 27.1735ms
2025-11-12 12:21:41.150 +05:30 [INF] Sending file. Request path: '/pageui/plugins/overlayScrollbars/js/jquery.overlayScrollbars.min.js'. Physical path: 'D:\VRSAGRAERP\VRSAPPUI\wwwroot\pageui\plugins\overlayScrollbars\js\jquery.overlayScrollbars.min.js'
2025-11-12 12:21:41.150 +05:30 [INF] Sending file. Request path: '/pageui/plugins/jquery-mapael/jquery.mapael.min.js'. Physical path: 'D:\VRSAGRAERP\VRSAPPUI\wwwroot\pageui\plugins\jquery-mapael\jquery.mapael.min.js'
2025-11-12 12:21:41.150 +05:30 [INF] Sending file. Request path: '/pageui/plugins/daterangepicker/daterangepicker.js'. Physical path: 'D:\VRSAGRAERP\VRSAPPUI\wwwroot\pageui\plugins\daterangepicker\daterangepicker.js'
2025-11-12 12:21:41.151 +05:30 [INF] Request finished HTTP/2 GET https://localhost:7071/pageui/plugins/overlayScrollbars/js/jquery.overlayScrollbars.min.js - 200 42602 text/javascript 88.148ms
2025-11-12 12:21:41.152 +05:30 [INF] Request finished HTTP/2 GET https://localhost:7071/pageui/plugins/daterangepicker/daterangepicker.js - 200 39036 text/javascript 69.0023ms
2025-11-12 12:21:41.152 +05:30 [INF] Request finished HTTP/2 GET https://localhost:7071/pageui/plugins/jquery-mapael/jquery.mapael.min.js - 200 35973 text/javascript 44.9898ms
2025-11-12 12:21:41.162 +05:30 [INF] Sending file. Request path: '/pageui/plugins/moment/moment.min.js'. Physical path: 'D:\VRSAGRAERP\VRSAPPUI\wwwroot\pageui\plugins\moment\moment.min.js'
2025-11-12 12:21:41.163 +05:30 [INF] Request finished HTTP/2 GET https://localhost:7071/pageui/plugins/moment/moment.min.js - 200 58862 text/javascript 93.0564ms
2025-11-12 12:21:41.165 +05:30 [INF] Sending file. Request path: '/pageui/plugins/jquery-mapael/maps/usa_states.min.js'. Physical path: 'D:\VRSAGRAERP\VRSAPPUI\wwwroot\pageui\plugins\jquery-mapael\maps\usa_states.min.js'
2025-11-12 12:21:41.165 +05:30 [INF] Request finished HTTP/2 GET https://localhost:7071/pageui/plugins/jquery-mapael/maps/usa_states.min.js - 200 60834 text/javascript 49.6436ms
2025-11-12 12:21:41.166 +05:30 [INF] Sending file. Request path: '/pageui/plugins/select2/js/select2.full.min.js'. Physical path: 'D:\VRSAGRAERP\VRSAPPUI\wwwroot\pageui\plugins\select2\js\select2.full.min.js'
2025-11-12 12:21:41.167 +05:30 [INF] Sending file. Request path: '/pageui/dist/js/adminlte2167.js'. Physical path: 'D:\VRSAGRAERP\VRSAPPUI\wwwroot\pageui\dist\js\adminlte2167.js'
2025-11-12 12:21:41.167 +05:30 [INF] Request finished HTTP/2 GET https://localhost:7071/pageui/dist/js/adminlte2167.js?v=3.2.0 - 200 77267 text/javascript 75.3113ms
2025-11-12 12:21:41.169 +05:30 [INF] Sending file. Request path: '/pageui/plugins/tempusdominus-bootstrap-4/js/tempusdominus-bootstrap-4.min.js'. Physical path: 'D:\VRSAGRAERP\VRSAPPUI\wwwroot\pageui\plugins\tempusdominus-bootstrap-4\js\tempusdominus-bootstrap-4.min.js'
2025-11-12 12:21:41.170 +05:30 [INF] Request finished HTTP/2 GET https://localhost:7071/pageui/plugins/select2/js/select2.full.min.js - 200 79172 text/javascript 105.5596ms
2025-11-12 12:21:41.170 +05:30 [INF] Request finished HTTP/2 GET https://localhost:7071/pageui/plugins/tempusdominus-bootstrap-4/js/tempusdominus-bootstrap-4.min.js - 200 61588 text/javascript 78.359ms
2025-11-12 12:21:41.170 +05:30 [INF] Sending file. Request path: '/pageui/plugins/raphael/raphael.min.js'. Physical path: 'D:\VRSAGRAERP\VRSAPPUI\wwwroot\pageui\plugins\raphael\raphael.min.js'
2025-11-12 12:21:41.170 +05:30 [INF] Sending file. Request path: '/pageui/plugins/bootstrap-colorpicker/js/bootstrap-colorpicker.min.js'. Physical path: 'D:\VRSAGRAERP\VRSAPPUI\wwwroot\pageui\plugins\bootstrap-colorpicker\js\bootstrap-colorpicker.min.js'
2025-11-12 12:21:41.171 +05:30 [INF] Request finished HTTP/2 GET https://localhost:7071/pageui/plugins/bootstrap-colorpicker/js/bootstrap-colorpicker.min.js - 200 98019 text/javascript 79.5307ms
2025-11-12 12:21:41.171 +05:30 [INF] Sending file. Request path: '/pageui/plugins/inputmask/jquery.inputmask.min.js'. Physical path: 'D:\VRSAGRAERP\VRSAPPUI\wwwroot\pageui\plugins\inputmask\jquery.inputmask.min.js'
2025-11-12 12:21:41.172 +05:30 [INF] Request finished HTTP/2 GET https://localhost:7071/pageui/plugins/inputmask/jquery.inputmask.min.js - 200 99426 text/javascript 97.1394ms
2025-11-12 12:21:41.171 +05:30 [INF] Request finished HTTP/2 GET https://localhost:7071/pageui/plugins/raphael/raphael.min.js - 200 93167 text/javascript 64.5395ms
2025-11-12 12:21:41.272 +05:30 [INF] Request starting HTTP/2 GET https://localhost:7071/pageui/plugins/fontawesome-free/webfonts/fa-regular-400.woff2 - null null
2025-11-12 12:21:41.273 +05:30 [INF] Request finished HTTP/2 GET https://localhost:7071/_vs/browserLink - 200 null text/javascript; charset=UTF-8 149.4151ms
2025-11-12 12:21:41.285 +05:30 [INF] Sending file. Request path: '/pageui/plugins/chart.js/Chart.min.js'. Physical path: 'D:\VRSAGRAERP\VRSAPPUI\wwwroot\pageui\plugins\chart.js\Chart.min.js'
2025-11-12 12:21:41.285 +05:30 [INF] Request finished HTTP/2 GET https://localhost:7071/pageui/plugins/chart.js/Chart.min.js - 200 173077 text/javascript 169.2391ms
2025-11-12 12:21:41.285 +05:30 [INF] Sending file. Request path: '/pageui/plugins/fontawesome-free/webfonts/fa-regular-400.woff2'. Physical path: 'D:\VRSAGRAERP\VRSAPPUI\wwwroot\pageui\plugins\fontawesome-free\webfonts\fa-regular-400.woff2'
2025-11-12 12:21:41.286 +05:30 [INF] Request finished HTTP/2 GET https://localhost:7071/pageui/plugins/fontawesome-free/webfonts/fa-regular-400.woff2 - 200 13224 font/woff2 13.5586ms
