2025-12-03 10:57:32.401 +05:30 [INF] Now listening on: https://localhost:7071
2025-12-03 10:57:32.437 +05:30 [INF] Now listening on: http://localhost:5290
2025-12-03 10:57:32.515 +05:30 [INF] Application started. Press Ctrl+C to shut down.
2025-12-03 10:57:32.515 +05:30 [INF] Hosting environment: Development
2025-12-03 10:57:32.515 +05:30 [INF] Content root path: D:\VRSAGRAERP\VRSAPPUI
2025-12-03 10:57:34.786 +05:30 [INF] Request starting HTTP/2 GET https://localhost:7071/admin/dashboard/ordinance_mapping - null null
2025-12-03 10:57:34.786 +05:30 [INF] Request starting HTTP/2 GET https://localhost:7071/ - null null
2025-12-03 10:57:35.099 +05:30 [INF] Executing endpoint 'VRSAPPUI.Controllers.HomeController.Index (VRSAPPUI)'
2025-12-03 10:57:35.099 +05:30 [INF] Executing endpoint 'VRSAPPUI.Areas.Admin.Controllers.DashboardController.ORDINANCE_MAPPING (VRSAPPUI)'
2025-12-03 10:57:35.139 +05:30 [INF] Route matched with {action = "Index", controller = "Home", area = ""}. Executing controller action with signature System.Threading.Tasks.Task`1[Microsoft.AspNetCore.Mvc.IActionResult] Index() on controller VRSAPPUI.Controllers.HomeController (VRSAPPUI).
2025-12-03 10:57:35.139 +05:30 [INF] Route matched with {area = "Admin", action = "ORDINANCE_MAPPING", controller = "Dashboard"}. Executing controller action with signature System.Threading.Tasks.Task`1[Microsoft.AspNetCore.Mvc.IActionResult] ORDINANCE_MAPPING(Int32, System.String) on controller VRSAPPUI.Areas.Admin.Controllers.DashboardController (VRSAPPUI).
2025-12-03 10:57:35.441 +05:30 [INF] Authorization failed for the request at filter 'VRSAPPUI.Areas.Admin.Filters.CustomAdminAuthorize'.
2025-12-03 10:57:35.467 +05:30 [INF] Executing RedirectResult, redirecting to /admin/login.
2025-12-03 10:57:35.473 +05:30 [INF] Executed action VRSAPPUI.Areas.Admin.Controllers.DashboardController.ORDINANCE_MAPPING (VRSAPPUI) in 327.5823ms
2025-12-03 10:57:35.474 +05:30 [INF] Executed endpoint 'VRSAPPUI.Areas.Admin.Controllers.DashboardController.ORDINANCE_MAPPING (VRSAPPUI)'
2025-12-03 10:57:35.476 +05:30 [INF] HTTP GET /admin/dashboard/ordinance_mapping responded 302 in 378.0951 ms
2025-12-03 10:57:35.668 +05:30 [INF] Request finished HTTP/2 GET https://localhost:7071/admin/dashboard/ordinance_mapping - 302 null null 904.9368ms
2025-12-03 10:57:35.899 +05:30 [INF] Request starting HTTP/2 GET https://localhost:7071/admin/login - null null
2025-12-03 10:57:35.920 +05:30 [INF] Executing endpoint 'VRSAPPUI.Areas.Admin.Controllers.AccountController.Login (VRSAPPUI)'
2025-12-03 10:57:35.922 +05:30 [INF] Route matched with {area = "Admin", action = "Login", controller = "Account"}. Executing controller action with signature Microsoft.AspNetCore.Mvc.IActionResult Login(System.String) on controller VRSAPPUI.Areas.Admin.Controllers.AccountController (VRSAPPUI).
2025-12-03 10:57:36.526 +05:30 [INF] Executing ViewResult, running view Login.
2025-12-03 10:57:36.848 +05:30 [INF] Executed ViewResult - view Login executed in 331.1132ms.
2025-12-03 10:57:36.863 +05:30 [INF] Executed action VRSAPPUI.Areas.Admin.Controllers.AccountController.Login (VRSAPPUI) in 940.2671ms
2025-12-03 10:57:36.866 +05:30 [INF] Executed endpoint 'VRSAPPUI.Areas.Admin.Controllers.AccountController.Login (VRSAPPUI)'
2025-12-03 10:57:36.867 +05:30 [INF] HTTP GET /admin/login responded 200 in 946.8078 ms
2025-12-03 10:57:36.877 +05:30 [INF] Request finished HTTP/2 GET https://localhost:7071/admin/login - 200 null text/html; charset=utf-8 977.6741ms
2025-12-03 10:57:36.917 +05:30 [INF] Request starting HTTP/2 GET https://localhost:7071/_framework/aspnetcore-browser-refresh.js - null null
2025-12-03 10:57:36.926 +05:30 [INF] Request finished HTTP/2 GET https://localhost:7071/_framework/aspnetcore-browser-refresh.js - 200 16501 application/javascript; charset=utf-8 9.7744ms
2025-12-03 10:57:37.143 +05:30 [INF] Request starting HTTP/1.1 GET https://localhost:7071/pageui/plugins/bootstrap/js/bootstrap.bundle.min.js.map - null null
2025-12-03 10:57:37.146 +05:30 [INF] HTTP GET /pageui/plugins/bootstrap/js/bootstrap.bundle.min.js.map responded 404 in 0.2063 ms
2025-12-03 10:57:37.148 +05:30 [INF] Request finished HTTP/1.1 GET https://localhost:7071/pageui/plugins/bootstrap/js/bootstrap.bundle.min.js.map - 404 0 null 5.2315ms
2025-12-03 10:57:37.150 +05:30 [INF] Request reached the end of the middleware pipeline without being handled by application code. Request path: GET https://localhost:7071/pageui/plugins/bootstrap/js/bootstrap.bundle.min.js.map, Response status code: 404
2025-12-03 10:57:37.163 +05:30 [INF] Request starting HTTP/2 GET https://localhost:7071/pageui/plugins/bootstrap/js/bootstrap.bundle.min.js.map - null null
2025-12-03 10:57:37.169 +05:30 [INF] HTTP GET /pageui/plugins/bootstrap/js/bootstrap.bundle.min.js.map responded 404 in 0.0425 ms
2025-12-03 10:57:37.169 +05:30 [INF] Request finished HTTP/2 GET https://localhost:7071/pageui/plugins/bootstrap/js/bootstrap.bundle.min.js.map - 404 0 null 6.1418ms
2025-12-03 10:57:37.169 +05:30 [INF] Request reached the end of the middleware pipeline without being handled by application code. Request path: GET https://localhost:7071/pageui/plugins/bootstrap/js/bootstrap.bundle.min.js.map, Response status code: 404
2025-12-03 10:57:43.721 +05:30 [INF] Executing ViewResult, running view Index.
2025-12-03 10:57:43.804 +05:30 [INF] Executed ViewResult - view Index executed in 85.6767ms.
2025-12-03 10:57:43.804 +05:30 [INF] Executed action VRSAPPUI.Controllers.HomeController.Index (VRSAPPUI) in 8663.7804ms
2025-12-03 10:57:43.804 +05:30 [INF] Executed endpoint 'VRSAPPUI.Controllers.HomeController.Index (VRSAPPUI)'
2025-12-03 10:57:43.804 +05:30 [INF] HTTP GET / responded 200 in 8708.6362 ms
2025-12-03 10:57:43.804 +05:30 [INF] Request finished HTTP/2 GET https://localhost:7071/ - 200 null text/html; charset=utf-8 9042.0326ms
2025-12-03 10:57:43.873 +05:30 [INF] Request starting HTTP/2 GET https://localhost:7071/_framework/aspnetcore-browser-refresh.js - null null
2025-12-03 10:57:43.873 +05:30 [INF] Request starting HTTP/2 GET https://localhost:7071/_vs/browserLink - null null
2025-12-03 10:57:43.876 +05:30 [INF] Request finished HTTP/2 GET https://localhost:7071/_framework/aspnetcore-browser-refresh.js - 200 16501 application/javascript; charset=utf-8 3.7148ms
2025-12-03 10:57:43.881 +05:30 [INF] Request starting HTTP/2 GET https://localhost:7071/images/home-bg.webp - null null
2025-12-03 10:57:43.881 +05:30 [INF] HTTP GET /images/home-bg.webp responded 404 in 0.0252 ms
2025-12-03 10:57:43.882 +05:30 [INF] Request finished HTTP/2 GET https://localhost:7071/images/home-bg.webp - 404 0 null 1.6618ms
2025-12-03 10:57:43.882 +05:30 [INF] Request reached the end of the middleware pipeline without being handled by application code. Request path: GET https://localhost:7071/images/home-bg.webp, Response status code: 404
2025-12-03 10:57:43.939 +05:30 [INF] Request finished HTTP/2 GET https://localhost:7071/_vs/browserLink - 200 null text/javascript; charset=UTF-8 66.0519ms
2025-12-03 10:57:44.091 +05:30 [INF] Request starting HTTP/1.1 GET https://localhost:7071/Themes/vendors/scripts/bootstrap-select.min.js.map - null null
2025-12-03 10:57:44.092 +05:30 [INF] HTTP GET /Themes/vendors/scripts/bootstrap-select.min.js.map responded 404 in 0.0172 ms
2025-12-03 10:57:44.093 +05:30 [INF] Request finished HTTP/1.1 GET https://localhost:7071/Themes/vendors/scripts/bootstrap-select.min.js.map - 404 0 null 1.6762ms
2025-12-03 10:57:44.093 +05:30 [INF] Request reached the end of the middleware pipeline without being handled by application code. Request path: GET https://localhost:7071/Themes/vendors/scripts/bootstrap-select.min.js.map, Response status code: 404
2025-12-03 10:57:44.103 +05:30 [INF] Request starting HTTP/2 GET https://localhost:7071/Themes/vendors/scripts/bootstrap-select.min.js.map - null null
2025-12-03 10:57:44.103 +05:30 [INF] HTTP GET /Themes/vendors/scripts/bootstrap-select.min.js.map responded 404 in 0.0145 ms
2025-12-03 10:57:44.103 +05:30 [INF] Request finished HTTP/2 GET https://localhost:7071/Themes/vendors/scripts/bootstrap-select.min.js.map - 404 0 null 1.3684ms
2025-12-03 10:57:44.104 +05:30 [INF] Request reached the end of the middleware pipeline without being handled by application code. Request path: GET https://localhost:7071/Themes/vendors/scripts/bootstrap-select.min.js.map, Response status code: 404
2025-12-03 10:58:04.654 +05:30 [INF] Request starting HTTP/2 POST https://localhost:7071/admin/login - application/json; charset=UTF-8 37
2025-12-03 10:58:04.665 +05:30 [INF] CORS policy execution successful.
2025-12-03 10:58:04.667 +05:30 [INF] Executing endpoint 'VRSAPPUI.Areas.Admin.Controllers.AccountController.Login (VRSAPPUI)'
2025-12-03 10:58:04.672 +05:30 [INF] Route matched with {area = "Admin", action = "Login", controller = "Account"}. Executing controller action with signature System.Threading.Tasks.Task`1[Microsoft.AspNetCore.Mvc.IActionResult] Login(VRSMODEL.DTO.LoginDTO, System.String) on controller VRSAPPUI.Areas.Admin.Controllers.AccountController (VRSAPPUI).
2025-12-03 10:58:05.652 +05:30 [WRN] No store type was specified for the decimal property 'Sequence' on entity type 'NewMasters'. This will cause values to be silently truncated if they do not fit in the default precision and scale. Explicitly specify the SQL server column type that can accommodate all the values in 'OnModelCreating' using 'HasColumnType', specify precision and scale using 'HasPrecision', or configure a value converter using 'HasConversion'.
2025-12-03 10:58:07.282 +05:30 [INF] Executed DbCommand (169ms) [Parameters=[@__admin_AdminId_0='?' (DbType = Int32)], CommandType='"Text"', CommandTimeout='30']
SELECT [r].[RoleName]
FROM [Roles] AS [r]
INNER JOIN [AdminMasterRoles] AS [a] ON [r].[RoleId] = [a].[RoleId]
WHERE [a].[AdminId] = @__admin_AdminId_0
2025-12-03 10:58:07.417 +05:30 [INF] AuthenticationScheme: Cookies signed in.
2025-12-03 10:58:07.419 +05:30 [INF] Executing JsonResult, writing value of type 'System.String'.
2025-12-03 10:58:07.420 +05:30 [INF] Executed action VRSAPPUI.Areas.Admin.Controllers.AccountController.Login (VRSAPPUI) in 2747.9311ms
2025-12-03 10:58:07.420 +05:30 [INF] Executed endpoint 'VRSAPPUI.Areas.Admin.Controllers.AccountController.Login (VRSAPPUI)'
2025-12-03 10:58:07.420 +05:30 [INF] HTTP POST /admin/login responded 200 in 2754.1449 ms
2025-12-03 10:58:07.425 +05:30 [INF] Request finished HTTP/2 POST https://localhost:7071/admin/login - 200 null application/json; charset=utf-8 2771.1103ms
2025-12-03 10:58:07.436 +05:30 [INF] Request starting HTTP/2 GET https://localhost:7071/admin/dashboard - null null
2025-12-03 10:58:07.442 +05:30 [INF] Executing endpoint 'VRSAPPUI.Areas.Admin.Controllers.DashboardController.Index (VRSAPPUI)'
2025-12-03 10:58:07.445 +05:30 [INF] Route matched with {area = "Admin", action = "Index", controller = "Dashboard"}. Executing controller action with signature System.Threading.Tasks.Task`1[Microsoft.AspNetCore.Mvc.IActionResult] Index() on controller VRSAPPUI.Areas.Admin.Controllers.DashboardController (VRSAPPUI).
2025-12-03 10:58:07.480 +05:30 [INF] Executing ViewResult, running view Index.
2025-12-03 10:58:07.540 +05:30 [INF] Executed ViewResult - view Index executed in 60.329ms.
2025-12-03 10:58:07.540 +05:30 [INF] Executed action VRSAPPUI.Areas.Admin.Controllers.DashboardController.Index (VRSAPPUI) in 94.8381ms
2025-12-03 10:58:07.541 +05:30 [INF] Executed endpoint 'VRSAPPUI.Areas.Admin.Controllers.DashboardController.Index (VRSAPPUI)'
2025-12-03 10:58:07.541 +05:30 [INF] HTTP GET /admin/dashboard responded 200 in 98.2104 ms
2025-12-03 10:58:07.545 +05:30 [INF] Request finished HTTP/2 GET https://localhost:7071/admin/dashboard - 200 null text/html; charset=utf-8 107.775ms
2025-12-03 10:58:07.626 +05:30 [INF] Request starting HTTP/2 GET https://localhost:7071/_framework/aspnetcore-browser-refresh.js - null null
2025-12-03 10:58:07.628 +05:30 [INF] Request starting HTTP/2 GET https://localhost:7071/_vs/browserLink - null null
2025-12-03 10:58:07.628 +05:30 [INF] Request finished HTTP/2 GET https://localhost:7071/_framework/aspnetcore-browser-refresh.js - 200 16501 application/javascript; charset=utf-8 3.0742ms
2025-12-03 10:58:07.658 +05:30 [INF] Request finished HTTP/2 GET https://localhost:7071/_vs/browserLink - 200 null text/javascript; charset=UTF-8 31.0577ms
2025-12-03 10:58:07.694 +05:30 [INF] Request starting HTTP/1.1 GET https://localhost:7071/pageui/plugins/bootstrap-colorpicker/js/bootstrap-colorpicker.min.js.map - null null
2025-12-03 10:58:07.694 +05:30 [INF] Request starting HTTP/1.1 GET https://localhost:7071/pageui/plugins/moment/moment.min.js.map - null null
2025-12-03 10:58:07.694 +05:30 [INF] HTTP GET /pageui/plugins/bootstrap-colorpicker/js/bootstrap-colorpicker.min.js.map responded 404 in 0.0192 ms
2025-12-03 10:58:07.694 +05:30 [INF] HTTP GET /pageui/plugins/moment/moment.min.js.map responded 404 in 0.0193 ms
2025-12-03 10:58:07.695 +05:30 [INF] Request finished HTTP/1.1 GET https://localhost:7071/pageui/plugins/bootstrap-colorpicker/js/bootstrap-colorpicker.min.js.map - 404 0 null 1.5822ms
2025-12-03 10:58:07.695 +05:30 [INF] Request reached the end of the middleware pipeline without being handled by application code. Request path: GET https://localhost:7071/pageui/plugins/bootstrap-colorpicker/js/bootstrap-colorpicker.min.js.map, Response status code: 404
2025-12-03 10:58:07.695 +05:30 [INF] Request finished HTTP/1.1 GET https://localhost:7071/pageui/plugins/moment/moment.min.js.map - 404 0 null 1.7988ms
2025-12-03 10:58:07.695 +05:30 [INF] Request reached the end of the middleware pipeline without being handled by application code. Request path: GET https://localhost:7071/pageui/plugins/moment/moment.min.js.map, Response status code: 404
2025-12-03 10:58:07.699 +05:30 [INF] Request starting HTTP/1.1 GET https://localhost:7071/pageui/plugins/toastr/toastr.js.map - null null
2025-12-03 10:58:07.700 +05:30 [INF] HTTP GET /pageui/plugins/toastr/toastr.js.map responded 404 in 0.0154 ms
2025-12-03 10:58:07.700 +05:30 [INF] Request finished HTTP/1.1 GET https://localhost:7071/pageui/plugins/toastr/toastr.js.map - 404 0 null 0.9362ms
2025-12-03 10:58:07.700 +05:30 [INF] Request reached the end of the middleware pipeline without being handled by application code. Request path: GET https://localhost:7071/pageui/plugins/toastr/toastr.js.map, Response status code: 404
2025-12-03 10:58:07.706 +05:30 [INF] Request starting HTTP/2 GET https://localhost:7071/pageui/plugins/bootstrap-colorpicker/js/bootstrap-colorpicker.min.js.map - null null
2025-12-03 10:58:07.707 +05:30 [INF] HTTP GET /pageui/plugins/bootstrap-colorpicker/js/bootstrap-colorpicker.min.js.map responded 404 in 0.0140 ms
2025-12-03 10:58:07.707 +05:30 [INF] Request finished HTTP/2 GET https://localhost:7071/pageui/plugins/bootstrap-colorpicker/js/bootstrap-colorpicker.min.js.map - 404 0 null 1.8825ms
2025-12-03 10:58:07.707 +05:30 [INF] Request reached the end of the middleware pipeline without being handled by application code. Request path: GET https://localhost:7071/pageui/plugins/bootstrap-colorpicker/js/bootstrap-colorpicker.min.js.map, Response status code: 404
2025-12-03 10:58:07.712 +05:30 [INF] Request starting HTTP/2 GET https://localhost:7071/pageui/plugins/moment/moment.min.js.map - null null
2025-12-03 10:58:07.712 +05:30 [INF] Request starting HTTP/2 GET https://localhost:7071/pageui/plugins/toastr/toastr.js.map - null null
2025-12-03 10:58:07.713 +05:30 [INF] HTTP GET /pageui/plugins/toastr/toastr.js.map responded 404 in 0.0174 ms
2025-12-03 10:58:07.713 +05:30 [INF] HTTP GET /pageui/plugins/moment/moment.min.js.map responded 404 in 0.0131 ms
2025-12-03 10:58:07.713 +05:30 [INF] Request finished HTTP/2 GET https://localhost:7071/pageui/plugins/moment/moment.min.js.map - 404 0 null 1.4512ms
2025-12-03 10:58:07.713 +05:30 [INF] Request finished HTTP/2 GET https://localhost:7071/pageui/plugins/toastr/toastr.js.map - 404 0 null 1.4464ms
2025-12-03 10:58:07.713 +05:30 [INF] Request reached the end of the middleware pipeline without being handled by application code. Request path: GET https://localhost:7071/pageui/plugins/toastr/toastr.js.map, Response status code: 404
2025-12-03 10:58:07.713 +05:30 [INF] Request reached the end of the middleware pipeline without being handled by application code. Request path: GET https://localhost:7071/pageui/plugins/moment/moment.min.js.map, Response status code: 404
2025-12-03 11:46:36.789 +05:30 [INF] Request starting HTTP/2 GET https://localhost:7071/admin/dashboard - null null
2025-12-03 11:46:36.801 +05:30 [INF] Request starting HTTP/2 GET https://localhost:7071/ - null null
2025-12-03 11:46:36.810 +05:30 [INF] Executing endpoint 'VRSAPPUI.Areas.Admin.Controllers.DashboardController.Index (VRSAPPUI)'
2025-12-03 11:46:36.810 +05:30 [INF] Executing endpoint 'VRSAPPUI.Controllers.HomeController.Index (VRSAPPUI)'
2025-12-03 11:46:36.817 +05:30 [INF] Route matched with {area = "Admin", action = "Index", controller = "Dashboard"}. Executing controller action with signature System.Threading.Tasks.Task`1[Microsoft.AspNetCore.Mvc.IActionResult] Index() on controller VRSAPPUI.Areas.Admin.Controllers.DashboardController (VRSAPPUI).
2025-12-03 11:46:36.817 +05:30 [INF] Route matched with {action = "Index", controller = "Home", area = ""}. Executing controller action with signature System.Threading.Tasks.Task`1[Microsoft.AspNetCore.Mvc.IActionResult] Index() on controller VRSAPPUI.Controllers.HomeController (VRSAPPUI).
2025-12-03 11:46:36.820 +05:30 [INF] Executing ViewResult, running view Index.
2025-12-03 11:46:36.843 +05:30 [INF] Executed ViewResult - view Index executed in 23.9583ms.
2025-12-03 11:46:36.843 +05:30 [INF] Executed action VRSAPPUI.Areas.Admin.Controllers.DashboardController.Index (VRSAPPUI) in 25.8375ms
2025-12-03 11:46:36.844 +05:30 [INF] Executed endpoint 'VRSAPPUI.Areas.Admin.Controllers.DashboardController.Index (VRSAPPUI)'
2025-12-03 11:46:36.844 +05:30 [INF] HTTP GET /admin/dashboard responded 200 in 34.2913 ms
2025-12-03 11:46:36.846 +05:30 [INF] Request finished HTTP/2 GET https://localhost:7071/admin/dashboard - 200 null text/html; charset=utf-8 57.1868ms
2025-12-03 11:46:36.869 +05:30 [INF] Request starting HTTP/2 GET https://localhost:7071/_framework/aspnetcore-browser-refresh.js - null null
2025-12-03 11:46:36.871 +05:30 [INF] Request finished HTTP/2 GET https://localhost:7071/_framework/aspnetcore-browser-refresh.js - 200 16501 application/javascript; charset=utf-8 2.3259ms
2025-12-03 11:46:36.887 +05:30 [INF] Request starting HTTP/2 GET https://localhost:7071/_vs/browserLink - null null
2025-12-03 11:46:36.906 +05:30 [INF] Request finished HTTP/2 GET https://localhost:7071/_vs/browserLink - 200 null text/javascript; charset=UTF-8 19.7128ms
2025-12-03 11:46:43.264 +05:30 [INF] Executing ViewResult, running view Index.
2025-12-03 11:46:43.283 +05:30 [INF] Executed ViewResult - view Index executed in 20.3689ms.
2025-12-03 11:46:43.284 +05:30 [INF] Executed action VRSAPPUI.Controllers.HomeController.Index (VRSAPPUI) in 6466.1132ms
2025-12-03 11:46:43.284 +05:30 [INF] Executed endpoint 'VRSAPPUI.Controllers.HomeController.Index (VRSAPPUI)'
2025-12-03 11:46:43.284 +05:30 [INF] HTTP GET / responded 200 in 6473.8907 ms
2025-12-03 11:46:43.284 +05:30 [INF] Request finished HTTP/2 GET https://localhost:7071/ - 200 null text/html; charset=utf-8 6483.4195ms
2025-12-03 11:46:43.302 +05:30 [INF] Request starting HTTP/2 GET https://localhost:7071/_vs/browserLink - null null
2025-12-03 11:46:43.302 +05:30 [INF] Request starting HTTP/2 GET https://localhost:7071/_framework/aspnetcore-browser-refresh.js - null null
2025-12-03 11:46:43.305 +05:30 [INF] Request finished HTTP/2 GET https://localhost:7071/_framework/aspnetcore-browser-refresh.js - 200 16501 application/javascript; charset=utf-8 2.6658ms
2025-12-03 11:46:43.338 +05:30 [INF] Request finished HTTP/2 GET https://localhost:7071/_vs/browserLink - 200 null text/javascript; charset=UTF-8 35.5083ms
2025-12-03 11:46:43.341 +05:30 [INF] Request starting HTTP/2 GET https://localhost:7071/images/home-bg.webp - null null
2025-12-03 11:46:43.343 +05:30 [INF] HTTP GET /images/home-bg.webp responded 404 in 0.0373 ms
2025-12-03 11:46:43.343 +05:30 [INF] Request finished HTTP/2 GET https://localhost:7071/images/home-bg.webp - 404 0 null 2.5537ms
2025-12-03 11:46:43.343 +05:30 [INF] Request reached the end of the middleware pipeline without being handled by application code. Request path: GET https://localhost:7071/images/home-bg.webp, Response status code: 404
2025-12-03 12:00:42.316 +05:30 [INF] Request starting HTTP/2 GET https://localhost:7071/admin/dashboard - null null
2025-12-03 12:00:42.331 +05:30 [INF] Executing endpoint 'VRSAPPUI.Areas.Admin.Controllers.DashboardController.Index (VRSAPPUI)'
2025-12-03 12:00:42.338 +05:30 [INF] Route matched with {area = "Admin", action = "Index", controller = "Dashboard"}. Executing controller action with signature System.Threading.Tasks.Task`1[Microsoft.AspNetCore.Mvc.IActionResult] Index() on controller VRSAPPUI.Areas.Admin.Controllers.DashboardController (VRSAPPUI).
2025-12-03 12:00:42.341 +05:30 [INF] Executing ViewResult, running view Index.
2025-12-03 12:00:42.363 +05:30 [INF] Executed ViewResult - view Index executed in 23.111ms.
2025-12-03 12:00:42.364 +05:30 [INF] Executed action VRSAPPUI.Areas.Admin.Controllers.DashboardController.Index (VRSAPPUI) in 25.2325ms
2025-12-03 12:00:42.364 +05:30 [INF] Executed endpoint 'VRSAPPUI.Areas.Admin.Controllers.DashboardController.Index (VRSAPPUI)'
2025-12-03 12:00:42.364 +05:30 [INF] HTTP GET /admin/dashboard responded 200 in 33.0095 ms
2025-12-03 12:00:42.364 +05:30 [INF] Request finished HTTP/2 GET https://localhost:7071/admin/dashboard - 200 null text/html; charset=utf-8 48.7273ms
2025-12-03 12:00:42.377 +05:30 [INF] Request starting HTTP/2 GET https://localhost:7071/logo_header.png - null null
2025-12-03 12:00:42.380 +05:30 [INF] Request starting HTTP/2 GET https://localhost:7071/_framework/aspnetcore-browser-refresh.js - null null
2025-12-03 12:00:42.380 +05:30 [INF] Request starting HTTP/2 GET https://localhost:7071/_vs/browserLink - null null
2025-12-03 12:00:42.381 +05:30 [INF] Request finished HTTP/2 GET https://localhost:7071/_framework/aspnetcore-browser-refresh.js - 200 16501 application/javascript; charset=utf-8 1.7139ms
2025-12-03 12:00:42.411 +05:30 [INF] The file /logo_header.png was not modified
2025-12-03 12:00:42.414 +05:30 [INF] Request finished HTTP/2 GET https://localhost:7071/_vs/browserLink - 200 null text/javascript; charset=UTF-8 34.2192ms
2025-12-03 12:00:42.414 +05:30 [INF] Request finished HTTP/2 GET https://localhost:7071/logo_header.png - 304 null image/png 36.898ms
2025-12-03 13:18:02.455 +05:30 [INF] Request starting HTTP/2 GET https://localhost:7071/admin/dashboard/ordinance_student_apply - null null
2025-12-03 13:18:02.468 +05:30 [INF] HTTP GET /admin/dashboard/ordinance_student_apply responded 404 in 0.0145 ms
2025-12-03 13:18:02.468 +05:30 [INF] Request finished HTTP/2 GET https://localhost:7071/admin/dashboard/ordinance_student_apply - 404 null null 14.7138ms
2025-12-03 13:18:02.468 +05:30 [INF] Request reached the end of the middleware pipeline without being handled by application code. Request path: GET https://localhost:7071/admin/dashboard/ordinance_student_apply, Response status code: 404
2025-12-03 15:34:15.510 +05:30 [INF] Request starting HTTP/2 GET https://localhost:7071/ - null null
2025-12-03 15:34:15.531 +05:30 [INF] Executing endpoint 'VRSAPPUI.Controllers.HomeController.Index (VRSAPPUI)'
2025-12-03 15:34:15.540 +05:30 [INF] Route matched with {action = "Index", controller = "Home", area = ""}. Executing controller action with signature System.Threading.Tasks.Task`1[Microsoft.AspNetCore.Mvc.IActionResult] Index() on controller VRSAPPUI.Controllers.HomeController (VRSAPPUI).
2025-12-03 15:34:15.609 +05:30 [INF] Request starting HTTP/2 GET https://localhost:7071/ - null null
2025-12-03 15:34:15.613 +05:30 [INF] Executing endpoint 'VRSAPPUI.Controllers.HomeController.Index (VRSAPPUI)'
2025-12-03 15:34:15.616 +05:30 [INF] Route matched with {action = "Index", controller = "Home", area = ""}. Executing controller action with signature System.Threading.Tasks.Task`1[Microsoft.AspNetCore.Mvc.IActionResult] Index() on controller VRSAPPUI.Controllers.HomeController (VRSAPPUI).
