2025-11-25 16:10:34.552 +05:30 [INF] Now listening on: https://localhost:7071
2025-11-25 16:10:34.591 +05:30 [INF] Now listening on: http://localhost:5290
2025-11-25 16:10:34.674 +05:30 [INF] Application started. Press Ctrl+C to shut down.
2025-11-25 16:10:34.674 +05:30 [INF] Hosting environment: Development
2025-11-25 16:10:34.674 +05:30 [INF] Content root path: D:\VRSAGRAERP\VRSAPPUI
2025-11-25 16:10:37.143 +05:30 [INF] Request starting HTTP/2 GET https://localhost:7071/ - null null
2025-11-25 16:10:37.506 +05:30 [INF] Executing endpoint 'VRSAPPUI.Controllers.HomeController.Index (VRSAPPUI)'
2025-11-25 16:10:37.551 +05:30 [INF] Route matched with {action = "Index", controller = "Home", area = ""}. Executing controller action with signature System.Threading.Tasks.Task`1[Microsoft.AspNetCore.Mvc.IActionResult] Index() on controller VRSAPPUI.Controllers.HomeController (VRSAPPUI).
2025-11-25 16:10:40.721 +05:30 [INF] Executing ViewResult, running view Index.
2025-11-25 16:10:40.969 +05:30 [INF] Executed ViewResult - view Index executed in 255.0723ms.
2025-11-25 16:10:40.974 +05:30 [INF] Executed action VRSAPPUI.Controllers.HomeController.Index (VRSAPPUI) in 3420.7823ms
2025-11-25 16:10:40.974 +05:30 [INF] Executed endpoint 'VRSAPPUI.Controllers.HomeController.Index (VRSAPPUI)'
2025-11-25 16:10:40.976 +05:30 [INF] HTTP GET / responded 200 in 3473.4936 ms
2025-11-25 16:10:40.990 +05:30 [INF] Request finished HTTP/2 GET https://localhost:7071/ - 200 null text/html; charset=utf-8 3887.2068ms
2025-11-25 16:10:41.078 +05:30 [INF] Request starting HTTP/2 GET https://localhost:7071/_framework/aspnetcore-browser-refresh.js - null null
2025-11-25 16:10:41.078 +05:30 [INF] Request starting HTTP/2 GET https://localhost:7071/_vs/browserLink - null null
2025-11-25 16:10:41.086 +05:30 [INF] Request finished HTTP/2 GET https://localhost:7071/_framework/aspnetcore-browser-refresh.js - 200 16501 application/javascript; charset=utf-8 8.1818ms
2025-11-25 16:10:41.190 +05:30 [INF] Request finished HTTP/2 GET https://localhost:7071/_vs/browserLink - 200 null text/javascript; charset=UTF-8 111.9719ms
2025-11-25 16:10:41.375 +05:30 [INF] Request starting HTTP/2 GET https://localhost:7071/images/home-bg.webp - null null
2025-11-25 16:10:41.386 +05:30 [INF] HTTP GET /images/home-bg.webp responded 404 in 0.2386 ms
2025-11-25 16:10:41.387 +05:30 [INF] Request finished HTTP/2 GET https://localhost:7071/images/home-bg.webp - 404 0 null 12.521ms
2025-11-25 16:10:41.388 +05:30 [INF] Request reached the end of the middleware pipeline without being handled by application code. Request path: GET https://localhost:7071/images/home-bg.webp, Response status code: 404
2025-11-25 16:11:43.555 +05:30 [INF] Request starting HTTP/2 GET https://localhost:7071/admin/login - null null
2025-11-25 16:11:43.570 +05:30 [INF] Executing endpoint 'VRSAPPUI.Areas.Admin.Controllers.AccountController.Login (VRSAPPUI)'
2025-11-25 16:11:43.577 +05:30 [INF] Route matched with {area = "Admin", action = "Login", controller = "Account"}. Executing controller action with signature Microsoft.AspNetCore.Mvc.IActionResult Login(System.String) on controller VRSAPPUI.Areas.Admin.Controllers.AccountController (VRSAPPUI).
2025-11-25 16:11:43.606 +05:30 [INF] Executing ViewResult, running view Login.
2025-11-25 16:11:43.770 +05:30 [INF] Executed ViewResult - view Login executed in 164.5936ms.
2025-11-25 16:11:43.772 +05:30 [INF] Executed action VRSAPPUI.Areas.Admin.Controllers.AccountController.Login (VRSAPPUI) in 193.9776ms
2025-11-25 16:11:43.772 +05:30 [INF] Executed endpoint 'VRSAPPUI.Areas.Admin.Controllers.AccountController.Login (VRSAPPUI)'
2025-11-25 16:11:43.772 +05:30 [INF] HTTP GET /admin/login responded 200 in 201.9316 ms
2025-11-25 16:11:43.772 +05:30 [INF] Request finished HTTP/2 GET https://localhost:7071/admin/login - 200 null text/html; charset=utf-8 217.6794ms
2025-11-25 16:11:43.811 +05:30 [INF] Request starting HTTP/2 GET https://localhost:7071/_framework/aspnetcore-browser-refresh.js - null null
2025-11-25 16:11:43.811 +05:30 [INF] Request starting HTTP/2 GET https://localhost:7071/pageui/dist/css/adminlte.min2167.css?v=3.2.0 - null null
2025-11-25 16:11:43.812 +05:30 [INF] Request finished HTTP/2 GET https://localhost:7071/_framework/aspnetcore-browser-refresh.js - 200 16501 application/javascript; charset=utf-8 1.5565ms
2025-11-25 16:11:43.813 +05:30 [INF] Request starting HTTP/2 GET https://localhost:7071/pageui/plugins/sweetalert2/sweetalert2.min.css - null null
2025-11-25 16:11:43.820 +05:30 [INF] The file /pageui/plugins/sweetalert2/sweetalert2.min.css was not modified
2025-11-25 16:11:43.820 +05:30 [INF] Request finished HTTP/2 GET https://localhost:7071/pageui/plugins/sweetalert2/sweetalert2.min.css - 304 null text/css 7.9595ms
2025-11-25 16:11:43.828 +05:30 [INF] Request starting HTTP/2 GET https://localhost:7071/pageui/dist/js/adminlte.min2167.js?v=3.2.0 - null null
2025-11-25 16:11:43.829 +05:30 [INF] Request starting HTTP/2 GET https://localhost:7071/_vs/browserLink - null null
2025-11-25 16:11:43.829 +05:30 [INF] The file /pageui/dist/js/adminlte.min2167.js was not modified
2025-11-25 16:11:43.829 +05:30 [INF] Request finished HTTP/2 GET https://localhost:7071/pageui/dist/js/adminlte.min2167.js?v=3.2.0 - 304 null text/javascript 1.1348ms
2025-11-25 16:11:43.864 +05:30 [INF] Request finished HTTP/2 GET https://localhost:7071/_vs/browserLink - 200 null text/javascript; charset=UTF-8 35.9209ms
2025-11-25 16:11:43.927 +05:30 [INF] Sending file. Request path: '/pageui/dist/css/adminlte.min2167.css'. Physical path: 'D:\VRSAGRAERP\VRSAPPUI\wwwroot\pageui\dist\css\adminlte.min2167.css'
2025-11-25 16:11:43.928 +05:30 [INF] Request finished HTTP/2 GET https://localhost:7071/pageui/dist/css/adminlte.min2167.css?v=3.2.0 - 200 1659667 text/css 117.0049ms
2025-11-25 16:11:54.477 +05:30 [INF] Request starting HTTP/2 POST https://localhost:7071/admin/login - application/json; charset=UTF-8 35
2025-11-25 16:11:54.481 +05:30 [INF] CORS policy execution successful.
2025-11-25 16:11:54.483 +05:30 [INF] Executing endpoint 'VRSAPPUI.Areas.Admin.Controllers.AccountController.Login (VRSAPPUI)'
2025-11-25 16:11:54.488 +05:30 [INF] Route matched with {area = "Admin", action = "Login", controller = "Account"}. Executing controller action with signature System.Threading.Tasks.Task`1[Microsoft.AspNetCore.Mvc.IActionResult] Login(VRSMODEL.DTO.LoginDTO, System.String) on controller VRSAPPUI.Areas.Admin.Controllers.AccountController (VRSAPPUI).
2025-11-25 16:11:54.562 +05:30 [INF] Executing JsonResult, writing value of type 'System.String'.
2025-11-25 16:11:54.564 +05:30 [INF] Executed action VRSAPPUI.Areas.Admin.Controllers.AccountController.Login (VRSAPPUI) in 75.9583ms
2025-11-25 16:11:54.564 +05:30 [INF] Executed endpoint 'VRSAPPUI.Areas.Admin.Controllers.AccountController.Login (VRSAPPUI)'
2025-11-25 16:11:54.564 +05:30 [INF] HTTP POST /admin/login responded 200 in 81.3815 ms
2025-11-25 16:11:54.564 +05:30 [INF] Request finished HTTP/2 POST https://localhost:7071/admin/login - 200 null application/json; charset=utf-8 87.6045ms
2025-11-25 16:12:02.536 +05:30 [INF] Request starting HTTP/2 POST https://localhost:7071/admin/login - application/json; charset=UTF-8 37
2025-11-25 16:12:02.537 +05:30 [INF] CORS policy execution successful.
2025-11-25 16:12:02.537 +05:30 [INF] Executing endpoint 'VRSAPPUI.Areas.Admin.Controllers.AccountController.Login (VRSAPPUI)'
2025-11-25 16:12:02.538 +05:30 [INF] Route matched with {area = "Admin", action = "Login", controller = "Account"}. Executing controller action with signature System.Threading.Tasks.Task`1[Microsoft.AspNetCore.Mvc.IActionResult] Login(VRSMODEL.DTO.LoginDTO, System.String) on controller VRSAPPUI.Areas.Admin.Controllers.AccountController (VRSAPPUI).
2025-11-25 16:12:03.292 +05:30 [WRN] No store type was specified for the decimal property 'Sequence' on entity type 'NewMasters'. This will cause values to be silently truncated if they do not fit in the default precision and scale. Explicitly specify the SQL server column type that can accommodate all the values in 'OnModelCreating' using 'HasColumnType', specify precision and scale using 'HasPrecision', or configure a value converter using 'HasConversion'.
2025-11-25 16:12:04.859 +05:30 [INF] Executed DbCommand (124ms) [Parameters=[@__admin_AdminId_0='?' (DbType = Int32)], CommandType='"Text"', CommandTimeout='30']
SELECT [r].[RoleName]
FROM [Roles] AS [r]
INNER JOIN [AdminMasterRoles] AS [a] ON [r].[RoleId] = [a].[RoleId]
WHERE [a].[AdminId] = @__admin_AdminId_0
2025-11-25 16:12:04.994 +05:30 [INF] AuthenticationScheme: Cookies signed in.
2025-11-25 16:12:04.995 +05:30 [INF] Executing JsonResult, writing value of type 'System.String'.
2025-11-25 16:12:04.995 +05:30 [INF] Executed action VRSAPPUI.Areas.Admin.Controllers.AccountController.Login (VRSAPPUI) in 2457.0522ms
2025-11-25 16:12:04.995 +05:30 [INF] Executed endpoint 'VRSAPPUI.Areas.Admin.Controllers.AccountController.Login (VRSAPPUI)'
2025-11-25 16:12:04.995 +05:30 [INF] HTTP POST /admin/login responded 200 in 2457.5688 ms
2025-11-25 16:12:05.001 +05:30 [INF] Request finished HTTP/2 POST https://localhost:7071/admin/login - 200 null application/json; charset=utf-8 2466.9513ms
2025-11-25 16:12:05.019 +05:30 [INF] Request starting HTTP/2 GET https://localhost:7071/admin/dashboard - null null
2025-11-25 16:12:05.025 +05:30 [INF] Executing endpoint 'VRSAPPUI.Areas.Admin.Controllers.DashboardController.Index (VRSAPPUI)'
2025-11-25 16:12:05.028 +05:30 [INF] Route matched with {area = "Admin", action = "Index", controller = "Dashboard"}. Executing controller action with signature System.Threading.Tasks.Task`1[Microsoft.AspNetCore.Mvc.IActionResult] Index() on controller VRSAPPUI.Areas.Admin.Controllers.DashboardController (VRSAPPUI).
2025-11-25 16:12:05.059 +05:30 [INF] Executing ViewResult, running view Index.
2025-11-25 16:12:05.111 +05:30 [INF] Executed ViewResult - view Index executed in 52.7006ms.
2025-11-25 16:12:05.112 +05:30 [INF] Executed action VRSAPPUI.Areas.Admin.Controllers.DashboardController.Index (VRSAPPUI) in 83.5411ms
2025-11-25 16:12:05.112 +05:30 [INF] Executed endpoint 'VRSAPPUI.Areas.Admin.Controllers.DashboardController.Index (VRSAPPUI)'
2025-11-25 16:12:05.112 +05:30 [INF] HTTP GET /admin/dashboard responded 200 in 86.6835 ms
2025-11-25 16:12:05.112 +05:30 [INF] Request finished HTTP/2 GET https://localhost:7071/admin/dashboard - 200 null text/html; charset=utf-8 92.7174ms
2025-11-25 16:12:05.153 +05:30 [INF] Request starting HTTP/2 GET https://localhost:7071/pageui/plugins/sweetalert2-theme-bootstrap-4/bootstrap-4.min.css - null null
2025-11-25 16:12:05.153 +05:30 [INF] The file /pageui/plugins/sweetalert2-theme-bootstrap-4/bootstrap-4.min.css was not modified
2025-11-25 16:12:05.153 +05:30 [INF] Request finished HTTP/2 GET https://localhost:7071/pageui/plugins/sweetalert2-theme-bootstrap-4/bootstrap-4.min.css - 304 null text/css 0.6968ms
2025-11-25 16:12:05.221 +05:30 [INF] Request starting HTTP/2 GET https://localhost:7071/pageui/plugins/select2/js/select2.full.min.js - null null
2025-11-25 16:12:05.221 +05:30 [INF] The file /pageui/plugins/select2/js/select2.full.min.js was not modified
2025-11-25 16:12:05.222 +05:30 [INF] Request finished HTTP/2 GET https://localhost:7071/pageui/plugins/select2/js/select2.full.min.js - 304 null text/javascript 5.5308ms
2025-11-25 16:12:05.282 +05:30 [INF] Request starting HTTP/2 GET https://localhost:7071/_framework/aspnetcore-browser-refresh.js - null null
2025-11-25 16:12:05.284 +05:30 [INF] Request finished HTTP/2 GET https://localhost:7071/_framework/aspnetcore-browser-refresh.js - 200 16501 application/javascript; charset=utf-8 2.4877ms
2025-11-25 16:12:05.381 +05:30 [INF] Request starting HTTP/2 GET https://localhost:7071/_vs/browserLink - null null
2025-11-25 16:12:05.396 +05:30 [INF] Request finished HTTP/2 GET https://localhost:7071/_vs/browserLink - 200 null text/javascript; charset=UTF-8 15.3323ms
2025-11-25 16:12:09.151 +05:30 [INF] Request starting HTTP/2 GET https://localhost:7071/Admin/Dashboard/CheckResultData?RollNumber=2403980140053 - null null
2025-11-25 16:12:09.163 +05:30 [INF] Executing endpoint 'VRSAPPUI.Areas.Admin.Controllers.DashboardController.CheckResultData (VRSAPPUI)'
2025-11-25 16:12:09.168 +05:30 [INF] Route matched with {area = "Admin", action = "CheckResultData", controller = "Dashboard"}. Executing controller action with signature System.Threading.Tasks.Task`1[Microsoft.AspNetCore.Mvc.IActionResult] CheckResultData(System.String) on controller VRSAPPUI.Areas.Admin.Controllers.DashboardController (VRSAPPUI).
2025-11-25 16:12:10.099 +05:30 [INF] Executing PartialViewResult, running view _PageData.
2025-11-25 16:12:10.121 +05:30 [INF] Executed PartialViewResult - view _PageData executed in 22.7272ms.
2025-11-25 16:12:10.121 +05:30 [INF] Executed action VRSAPPUI.Areas.Admin.Controllers.DashboardController.CheckResultData (VRSAPPUI) in 952.5611ms
2025-11-25 16:12:10.121 +05:30 [INF] Executed endpoint 'VRSAPPUI.Areas.Admin.Controllers.DashboardController.CheckResultData (VRSAPPUI)'
2025-11-25 16:12:10.121 +05:30 [INF] HTTP GET /Admin/Dashboard/CheckResultData responded 200 in 957.9051 ms
2025-11-25 16:12:10.121 +05:30 [WRN] Unable to configure Browser Link script injection on the response. 
2025-11-25 16:12:10.122 +05:30 [INF] Request finished HTTP/2 GET https://localhost:7071/Admin/Dashboard/CheckResultData?RollNumber=2403980140053 - 200 null text/html; charset=utf-8 971.2308ms
2025-11-25 16:12:11.734 +05:30 [INF] Request starting HTTP/2 GET https://localhost:7071/resultpreview/QmFjaGVsb3Igb2YgRWR1Y2F0aW9uKEIuRWQuKSAtIFNFQ09ORCBZRUFSJDI0MDM5ODAxNDAwNTMkQWZmaWxpYXRlZCBDb2xsZWdlJFJFR1VMQVIkMjAyNC0yNSRNQVktMjAyNSQx - null null
2025-11-25 16:12:11.739 +05:30 [INF] Executing endpoint 'VRSAPPUI.Controllers.HomeController.ResultPreview (VRSAPPUI)'
2025-11-25 16:12:11.745 +05:30 [INF] Route matched with {action = "ResultPreview", controller = "Home", area = ""}. Executing controller action with signature System.Threading.Tasks.Task`1[Microsoft.AspNetCore.Mvc.IActionResult] ResultPreview(System.String) on controller VRSAPPUI.Controllers.HomeController (VRSAPPUI).
2025-11-25 16:12:11.759 +05:30 [INF] Executing RedirectResult, redirecting to /result/MjQwMzk4MDE0MDA1Mw%3D%3D.
2025-11-25 16:12:11.759 +05:30 [INF] Executed action VRSAPPUI.Controllers.HomeController.ResultPreview (VRSAPPUI) in 14.7148ms
2025-11-25 16:12:11.759 +05:30 [INF] Executed endpoint 'VRSAPPUI.Controllers.HomeController.ResultPreview (VRSAPPUI)'
2025-11-25 16:12:11.759 +05:30 [INF] HTTP GET /resultpreview/QmFjaGVsb3Igb2YgRWR1Y2F0aW9uKEIuRWQuKSAtIFNFQ09ORCBZRUFSJDI0MDM5ODAxNDAwNTMkQWZmaWxpYXRlZCBDb2xsZWdlJFJFR1VMQVIkMjAyNC0yNSRNQVktMjAyNSQx responded 302 in 20.2476 ms
2025-11-25 16:12:11.760 +05:30 [INF] Session started; Key:bec0ac26-ebde-70ff-9879-1a6c7fc01aca, Id:1e3af24a-34db-399d-a1af-a84a0e41e0ab
2025-11-25 16:12:11.762 +05:30 [INF] Request finished HTTP/2 GET https://localhost:7071/resultpreview/QmFjaGVsb3Igb2YgRWR1Y2F0aW9uKEIuRWQuKSAtIFNFQ09ORCBZRUFSJDI0MDM5ODAxNDAwNTMkQWZmaWxpYXRlZCBDb2xsZWdlJFJFR1VMQVIkMjAyNC0yNSRNQVktMjAyNSQx - 302 null null 27.6737ms
2025-11-25 16:12:11.766 +05:30 [INF] Request starting HTTP/2 GET https://localhost:7071/result/MjQwMzk4MDE0MDA1Mw== - null null
2025-11-25 16:12:11.770 +05:30 [INF] Executing endpoint 'VRSAPPUI.Controllers.HomeController.Result (VRSAPPUI)'
2025-11-25 16:12:11.774 +05:30 [INF] Route matched with {action = "Result", controller = "Home", area = ""}. Executing controller action with signature System.Threading.Tasks.Task`1[Microsoft.AspNetCore.Mvc.IActionResult] Result(System.String) on controller VRSAPPUI.Controllers.HomeController (VRSAPPUI).
2025-11-25 16:12:19.315 +05:30 [INF] Executing ViewResult, running view Result.
2025-11-25 16:12:23.255 +05:30 [INF] Executed ViewResult - view Result executed in 3940.2474ms.
2025-11-25 16:12:23.255 +05:30 [INF] Executed action VRSAPPUI.Controllers.HomeController.Result (VRSAPPUI) in 11480.1597ms
2025-11-25 16:12:23.255 +05:30 [INF] Executed endpoint 'VRSAPPUI.Controllers.HomeController.Result (VRSAPPUI)'
2025-11-25 16:12:23.255 +05:30 [INF] HTTP GET /result/MjQwMzk4MDE0MDA1Mw== responded 200 in 11485.1305 ms
2025-11-25 16:12:23.255 +05:30 [INF] Request finished HTTP/2 GET https://localhost:7071/result/MjQwMzk4MDE0MDA1Mw== - 200 null text/html; charset=utf-8 11488.6604ms
2025-11-25 16:12:23.300 +05:30 [INF] Request starting HTTP/2 GET https://localhost:7071/_framework/aspnetcore-browser-refresh.js - null null
2025-11-25 16:12:23.302 +05:30 [INF] Request finished HTTP/2 GET https://localhost:7071/_framework/aspnetcore-browser-refresh.js - 200 16501 application/javascript; charset=utf-8 2.1466ms
2025-11-25 16:12:23.303 +05:30 [INF] Request starting HTTP/2 GET https://localhost:7071/_vs/browserLink - null null
2025-11-25 16:12:23.323 +05:30 [INF] Request finished HTTP/2 GET https://localhost:7071/_vs/browserLink - 200 null text/javascript; charset=UTF-8 19.8859ms
2025-11-25 16:12:23.595 +05:30 [INF] Request starting HTTP/2 POST https://localhost:7071/Home/VisitCountSet - application/json; charset=UTF-8 145
2025-11-25 16:12:23.596 +05:30 [INF] CORS policy execution successful.
2025-11-25 16:12:23.597 +05:30 [INF] Executing endpoint 'VRSAPPUI.Controllers.HomeController.VisitCountSet (VRSAPPUI)'
2025-11-25 16:12:23.602 +05:30 [INF] Route matched with {action = "VisitCountSet", controller = "Home", area = ""}. Executing controller action with signature System.Threading.Tasks.Task`1[Microsoft.AspNetCore.Mvc.IActionResult] VisitCountSet(VRSMODEL.DTO.StudentMasterDTO) on controller VRSAPPUI.Controllers.HomeController (VRSAPPUI).
2025-11-25 16:12:24.200 +05:30 [INF] Executing JsonResult, writing value of type 'System.String'.
2025-11-25 16:12:24.200 +05:30 [INF] Executed action VRSAPPUI.Controllers.HomeController.VisitCountSet (VRSAPPUI) in 597.3122ms
2025-11-25 16:12:24.200 +05:30 [INF] Executed endpoint 'VRSAPPUI.Controllers.HomeController.VisitCountSet (VRSAPPUI)'
2025-11-25 16:12:24.200 +05:30 [INF] HTTP POST /Home/VisitCountSet responded 200 in 603.3810 ms
2025-11-25 16:12:24.200 +05:30 [INF] Request finished HTTP/2 POST https://localhost:7071/Home/VisitCountSet - 200 null application/json; charset=utf-8 605.1166ms
2025-11-25 16:12:32.115 +05:30 [INF] Request starting HTTP/2 GET https://localhost:7071/result/MjQwMzk4MDE0MDA1Mw== - null null
2025-11-25 16:12:32.118 +05:30 [INF] Executing endpoint 'VRSAPPUI.Controllers.HomeController.Result (VRSAPPUI)'
2025-11-25 16:12:32.118 +05:30 [INF] Route matched with {action = "Result", controller = "Home", area = ""}. Executing controller action with signature System.Threading.Tasks.Task`1[Microsoft.AspNetCore.Mvc.IActionResult] Result(System.String) on controller VRSAPPUI.Controllers.HomeController (VRSAPPUI).
2025-11-25 16:12:41.092 +05:30 [INF] Executing ViewResult, running view Result.
2025-11-25 16:14:48.546 +05:30 [INF] Executed ViewResult - view Result executed in 127503.257ms.
2025-11-25 16:14:48.546 +05:30 [INF] Executed action VRSAPPUI.Controllers.HomeController.Result (VRSAPPUI) in 136427.703ms
2025-11-25 16:14:48.546 +05:30 [INF] Executed endpoint 'VRSAPPUI.Controllers.HomeController.Result (VRSAPPUI)'
2025-11-25 16:14:48.546 +05:30 [INF] HTTP GET /result/MjQwMzk4MDE0MDA1Mw== responded 200 in 136427.9725 ms
2025-11-25 16:14:48.546 +05:30 [INF] Request finished HTTP/2 GET https://localhost:7071/result/MjQwMzk4MDE0MDA1Mw== - 200 null text/html; charset=utf-8 136431.5781ms
2025-11-25 16:14:48.558 +05:30 [INF] Request starting HTTP/2 GET https://localhost:7071/_vs/browserLink - null null
2025-11-25 16:14:48.558 +05:30 [INF] Request starting HTTP/2 GET https://localhost:7071/_framework/aspnetcore-browser-refresh.js - null null
2025-11-25 16:14:48.560 +05:30 [INF] Request finished HTTP/2 GET https://localhost:7071/_framework/aspnetcore-browser-refresh.js - 200 16501 application/javascript; charset=utf-8 1.356ms
2025-11-25 16:14:48.581 +05:30 [INF] Request finished HTTP/2 GET https://localhost:7071/_vs/browserLink - 200 null text/javascript; charset=UTF-8 22.6901ms
2025-11-25 16:14:48.755 +05:30 [INF] Request starting HTTP/2 POST https://localhost:7071/Home/VisitCountSet - application/json; charset=UTF-8 145
2025-11-25 16:14:48.757 +05:30 [INF] CORS policy execution successful.
2025-11-25 16:14:48.757 +05:30 [INF] Executing endpoint 'VRSAPPUI.Controllers.HomeController.VisitCountSet (VRSAPPUI)'
2025-11-25 16:14:48.757 +05:30 [INF] Route matched with {action = "VisitCountSet", controller = "Home", area = ""}. Executing controller action with signature System.Threading.Tasks.Task`1[Microsoft.AspNetCore.Mvc.IActionResult] VisitCountSet(VRSMODEL.DTO.StudentMasterDTO) on controller VRSAPPUI.Controllers.HomeController (VRSAPPUI).
2025-11-25 16:14:48.785 +05:30 [INF] Executing JsonResult, writing value of type 'System.String'.
2025-11-25 16:14:48.785 +05:30 [INF] Executed action VRSAPPUI.Controllers.HomeController.VisitCountSet (VRSAPPUI) in 27.5652ms
2025-11-25 16:14:48.785 +05:30 [INF] Executed endpoint 'VRSAPPUI.Controllers.HomeController.VisitCountSet (VRSAPPUI)'
2025-11-25 16:14:48.785 +05:30 [INF] HTTP POST /Home/VisitCountSet responded 200 in 27.8191 ms
2025-11-25 16:14:48.785 +05:30 [INF] Request finished HTTP/2 POST https://localhost:7071/Home/VisitCountSet - 200 null application/json; charset=utf-8 30.548ms
2025-11-25 16:14:57.522 +05:30 [INF] Request starting HTTP/2 GET https://localhost:7071/result/MjQwMzk4MDE0MDA1Mw== - null null
2025-11-25 16:14:57.531 +05:30 [INF] Executing endpoint 'VRSAPPUI.Controllers.HomeController.Result (VRSAPPUI)'
2025-11-25 16:14:57.531 +05:30 [INF] Route matched with {action = "Result", controller = "Home", area = ""}. Executing controller action with signature System.Threading.Tasks.Task`1[Microsoft.AspNetCore.Mvc.IActionResult] Result(System.String) on controller VRSAPPUI.Controllers.HomeController (VRSAPPUI).
2025-11-25 16:15:00.134 +05:30 [INF] Executing ViewResult, running view Result.
2025-11-25 16:24:48.401 +05:30 [INF] Executed ViewResult - view Result executed in 588267.3513ms.
2025-11-25 16:24:48.402 +05:30 [INF] Executed action VRSAPPUI.Controllers.HomeController.Result (VRSAPPUI) in 590870.8173ms
2025-11-25 16:24:48.402 +05:30 [INF] Executed endpoint 'VRSAPPUI.Controllers.HomeController.Result (VRSAPPUI)'
2025-11-25 16:24:48.402 +05:30 [INF] HTTP GET /result/MjQwMzk4MDE0MDA1Mw== responded 200 in 590871.1522 ms
2025-11-25 16:24:48.402 +05:30 [INF] Request finished HTTP/2 GET https://localhost:7071/result/MjQwMzk4MDE0MDA1Mw== - 200 null text/html; charset=utf-8 590880.4849ms
2025-11-25 16:24:48.420 +05:30 [INF] Request starting HTTP/2 GET https://localhost:7071/_framework/aspnetcore-browser-refresh.js - null null
2025-11-25 16:24:48.421 +05:30 [INF] Request finished HTTP/2 GET https://localhost:7071/_framework/aspnetcore-browser-refresh.js - 200 16501 application/javascript; charset=utf-8 1.6775ms
2025-11-25 16:24:48.421 +05:30 [INF] Request starting HTTP/2 GET https://localhost:7071/_vs/browserLink - null null
2025-11-25 16:24:48.439 +05:30 [INF] Request finished HTTP/2 GET https://localhost:7071/_vs/browserLink - 200 null text/javascript; charset=UTF-8 17.9414ms
2025-11-25 16:24:48.627 +05:30 [INF] Request starting HTTP/2 POST https://localhost:7071/Home/VisitCountSet - application/json; charset=UTF-8 145
2025-11-25 16:24:48.628 +05:30 [INF] CORS policy execution successful.
2025-11-25 16:24:48.628 +05:30 [INF] Executing endpoint 'VRSAPPUI.Controllers.HomeController.VisitCountSet (VRSAPPUI)'
2025-11-25 16:24:48.628 +05:30 [INF] Route matched with {action = "VisitCountSet", controller = "Home", area = ""}. Executing controller action with signature System.Threading.Tasks.Task`1[Microsoft.AspNetCore.Mvc.IActionResult] VisitCountSet(VRSMODEL.DTO.StudentMasterDTO) on controller VRSAPPUI.Controllers.HomeController (VRSAPPUI).
2025-11-25 16:24:49.131 +05:30 [INF] Executing JsonResult, writing value of type 'System.String'.
2025-11-25 16:24:49.131 +05:30 [INF] Executed action VRSAPPUI.Controllers.HomeController.VisitCountSet (VRSAPPUI) in 503.2325ms
2025-11-25 16:24:49.131 +05:30 [INF] Executed endpoint 'VRSAPPUI.Controllers.HomeController.VisitCountSet (VRSAPPUI)'
2025-11-25 16:24:49.131 +05:30 [INF] HTTP POST /Home/VisitCountSet responded 200 in 503.4463 ms
2025-11-25 16:24:49.131 +05:30 [INF] Request finished HTTP/2 POST https://localhost:7071/Home/VisitCountSet - 200 null application/json; charset=utf-8 504.3211ms
2025-11-25 16:24:50.674 +05:30 [INF] Request starting HTTP/2 GET https://localhost:7071/result/MjQwMzk4MDE0MDA1Mw== - null null
2025-11-25 16:24:50.685 +05:30 [INF] Executing endpoint 'VRSAPPUI.Controllers.HomeController.Result (VRSAPPUI)'
2025-11-25 16:24:50.685 +05:30 [INF] Route matched with {action = "Result", controller = "Home", area = ""}. Executing controller action with signature System.Threading.Tasks.Task`1[Microsoft.AspNetCore.Mvc.IActionResult] Result(System.String) on controller VRSAPPUI.Controllers.HomeController (VRSAPPUI).
2025-11-25 16:24:52.600 +05:30 [INF] Executing ViewResult, running view Result.
2025-11-25 16:24:54.920 +05:30 [INF] Executed ViewResult - view Result executed in 2320.4103ms.
2025-11-25 16:24:54.921 +05:30 [INF] Executed action VRSAPPUI.Controllers.HomeController.Result (VRSAPPUI) in 4235.8064ms
2025-11-25 16:24:54.921 +05:30 [INF] Executed endpoint 'VRSAPPUI.Controllers.HomeController.Result (VRSAPPUI)'
2025-11-25 16:24:54.921 +05:30 [INF] HTTP GET /result/MjQwMzk4MDE0MDA1Mw== responded 200 in 4236.0109 ms
2025-11-25 16:24:54.921 +05:30 [INF] Request finished HTTP/2 GET https://localhost:7071/result/MjQwMzk4MDE0MDA1Mw== - 200 null text/html; charset=utf-8 4247.5287ms
2025-11-25 16:24:54.931 +05:30 [INF] Request starting HTTP/2 GET https://localhost:7071/_framework/aspnetcore-browser-refresh.js - null null
2025-11-25 16:24:54.932 +05:30 [INF] Request starting HTTP/2 GET https://localhost:7071/_vs/browserLink - null null
2025-11-25 16:24:54.932 +05:30 [INF] Request finished HTTP/2 GET https://localhost:7071/_framework/aspnetcore-browser-refresh.js - 200 16501 application/javascript; charset=utf-8 1.4918ms
2025-11-25 16:24:54.948 +05:30 [INF] Request finished HTTP/2 GET https://localhost:7071/_vs/browserLink - 200 null text/javascript; charset=UTF-8 16.8733ms
2025-11-25 16:24:55.037 +05:30 [INF] Request starting HTTP/2 POST https://localhost:7071/Home/VisitCountSet - application/json; charset=UTF-8 145
2025-11-25 16:24:55.038 +05:30 [INF] CORS policy execution successful.
2025-11-25 16:24:55.039 +05:30 [INF] Executing endpoint 'VRSAPPUI.Controllers.HomeController.VisitCountSet (VRSAPPUI)'
2025-11-25 16:24:55.039 +05:30 [INF] Route matched with {action = "VisitCountSet", controller = "Home", area = ""}. Executing controller action with signature System.Threading.Tasks.Task`1[Microsoft.AspNetCore.Mvc.IActionResult] VisitCountSet(VRSMODEL.DTO.StudentMasterDTO) on controller VRSAPPUI.Controllers.HomeController (VRSAPPUI).
2025-11-25 16:24:55.071 +05:30 [INF] Executing JsonResult, writing value of type 'System.String'.
2025-11-25 16:24:55.071 +05:30 [INF] Executed action VRSAPPUI.Controllers.HomeController.VisitCountSet (VRSAPPUI) in 31.9897ms
2025-11-25 16:24:55.071 +05:30 [INF] Executed endpoint 'VRSAPPUI.Controllers.HomeController.VisitCountSet (VRSAPPUI)'
2025-11-25 16:24:55.071 +05:30 [INF] HTTP POST /Home/VisitCountSet responded 200 in 32.3099 ms
2025-11-25 16:24:55.071 +05:30 [INF] Request finished HTTP/2 POST https://localhost:7071/Home/VisitCountSet - 200 null application/json; charset=utf-8 34.0381ms
2025-11-25 16:24:56.651 +05:30 [INF] Request starting HTTP/2 GET https://localhost:7071/result/MjQwMzk4MDE0MDA1Mw== - null null
2025-11-25 16:24:56.653 +05:30 [INF] Executing endpoint 'VRSAPPUI.Controllers.HomeController.Result (VRSAPPUI)'
2025-11-25 16:24:56.653 +05:30 [INF] Route matched with {action = "Result", controller = "Home", area = ""}. Executing controller action with signature System.Threading.Tasks.Task`1[Microsoft.AspNetCore.Mvc.IActionResult] Result(System.String) on controller VRSAPPUI.Controllers.HomeController (VRSAPPUI).
2025-11-25 16:25:12.912 +05:30 [INF] Executing ViewResult, running view Result.
2025-11-25 16:36:07.839 +05:30 [INF] Executed ViewResult - view Result executed in 654926.1419ms.
2025-11-25 16:36:07.839 +05:30 [INF] Executed action VRSAPPUI.Controllers.HomeController.Result (VRSAPPUI) in 671185.3989ms
2025-11-25 16:36:07.839 +05:30 [INF] Executed endpoint 'VRSAPPUI.Controllers.HomeController.Result (VRSAPPUI)'
2025-11-25 16:36:07.839 +05:30 [INF] HTTP GET /result/MjQwMzk4MDE0MDA1Mw== responded 200 in 671185.7240 ms
2025-11-25 16:36:07.840 +05:30 [INF] Request finished HTTP/2 GET https://localhost:7071/result/MjQwMzk4MDE0MDA1Mw== - 200 null text/html; charset=utf-8 671189.393ms
2025-11-25 16:36:07.852 +05:30 [INF] Request starting HTTP/2 GET https://localhost:7071/_framework/aspnetcore-browser-refresh.js - null null
2025-11-25 16:36:07.852 +05:30 [INF] Request starting HTTP/2 GET https://localhost:7071/_vs/browserLink - null null
2025-11-25 16:36:07.853 +05:30 [INF] Request finished HTTP/2 GET https://localhost:7071/_framework/aspnetcore-browser-refresh.js - 200 16501 application/javascript; charset=utf-8 1.3575ms
2025-11-25 16:36:07.873 +05:30 [INF] Request finished HTTP/2 GET https://localhost:7071/_vs/browserLink - 200 null text/javascript; charset=UTF-8 21.3132ms
2025-11-25 16:36:08.020 +05:30 [INF] Request starting HTTP/2 POST https://localhost:7071/Home/VisitCountSet - application/json; charset=UTF-8 145
2025-11-25 16:36:08.021 +05:30 [INF] CORS policy execution successful.
2025-11-25 16:36:08.021 +05:30 [INF] Executing endpoint 'VRSAPPUI.Controllers.HomeController.VisitCountSet (VRSAPPUI)'
2025-11-25 16:36:08.022 +05:30 [INF] Route matched with {action = "VisitCountSet", controller = "Home", area = ""}. Executing controller action with signature System.Threading.Tasks.Task`1[Microsoft.AspNetCore.Mvc.IActionResult] VisitCountSet(VRSMODEL.DTO.StudentMasterDTO) on controller VRSAPPUI.Controllers.HomeController (VRSAPPUI).
2025-11-25 16:36:08.205 +05:30 [INF] Executing JsonResult, writing value of type 'System.String'.
2025-11-25 16:36:08.205 +05:30 [INF] Executed action VRSAPPUI.Controllers.HomeController.VisitCountSet (VRSAPPUI) in 183.2281ms
2025-11-25 16:36:08.205 +05:30 [INF] Executed endpoint 'VRSAPPUI.Controllers.HomeController.VisitCountSet (VRSAPPUI)'
2025-11-25 16:36:08.205 +05:30 [INF] HTTP POST /Home/VisitCountSet responded 200 in 183.4795 ms
2025-11-25 16:36:08.205 +05:30 [INF] Request finished HTTP/2 POST https://localhost:7071/Home/VisitCountSet - 200 null application/json; charset=utf-8 184.8715ms
2025-11-25 16:36:10.100 +05:30 [INF] Request starting HTTP/2 GET https://localhost:7071/result/MjQwMzk4MDE0MDA1Mw== - null null
2025-11-25 16:36:10.111 +05:30 [INF] Executing endpoint 'VRSAPPUI.Controllers.HomeController.Result (VRSAPPUI)'
2025-11-25 16:36:10.111 +05:30 [INF] Route matched with {action = "Result", controller = "Home", area = ""}. Executing controller action with signature System.Threading.Tasks.Task`1[Microsoft.AspNetCore.Mvc.IActionResult] Result(System.String) on controller VRSAPPUI.Controllers.HomeController (VRSAPPUI).
2025-11-25 16:36:11.085 +05:30 [INF] Accessing expired session, Key:bec0ac26-ebde-70ff-9879-1a6c7fc01aca
2025-11-25 16:36:17.347 +05:30 [INF] Executing RedirectResult, redirecting to /.
2025-11-25 16:36:17.348 +05:30 [INF] Executed action VRSAPPUI.Controllers.HomeController.Result (VRSAPPUI) in 7236.5327ms
2025-11-25 16:36:17.348 +05:30 [INF] Executed endpoint 'VRSAPPUI.Controllers.HomeController.Result (VRSAPPUI)'
2025-11-25 16:36:17.348 +05:30 [INF] HTTP GET /result/MjQwMzk4MDE0MDA1Mw== responded 302 in 7236.7581 ms
2025-11-25 16:36:17.348 +05:30 [INF] Request finished HTTP/2 GET https://localhost:7071/result/MjQwMzk4MDE0MDA1Mw== - 302 null null 7248.9448ms
2025-11-25 16:36:17.352 +05:30 [INF] Request starting HTTP/2 GET https://localhost:7071/ - null null
2025-11-25 16:36:17.354 +05:30 [INF] Executing endpoint 'VRSAPPUI.Controllers.HomeController.Index (VRSAPPUI)'
2025-11-25 16:36:17.354 +05:30 [INF] Route matched with {action = "Index", controller = "Home", area = ""}. Executing controller action with signature System.Threading.Tasks.Task`1[Microsoft.AspNetCore.Mvc.IActionResult] Index() on controller VRSAPPUI.Controllers.HomeController (VRSAPPUI).
2025-11-25 16:36:18.040 +05:30 [INF] Executing ViewResult, running view Index.
2025-11-25 16:36:18.049 +05:30 [INF] Executed ViewResult - view Index executed in 9.6057ms.
2025-11-25 16:36:18.050 +05:30 [INF] Executed action VRSAPPUI.Controllers.HomeController.Index (VRSAPPUI) in 695.4517ms
2025-11-25 16:36:18.050 +05:30 [INF] Executed endpoint 'VRSAPPUI.Controllers.HomeController.Index (VRSAPPUI)'
2025-11-25 16:36:18.050 +05:30 [INF] HTTP GET / responded 200 in 695.7043 ms
2025-11-25 16:36:18.050 +05:30 [INF] Request finished HTTP/2 GET https://localhost:7071/ - 200 null text/html; charset=utf-8 698.2645ms
2025-11-25 16:36:18.092 +05:30 [INF] Request starting HTTP/2 GET https://localhost:7071/_framework/aspnetcore-browser-refresh.js - null null
2025-11-25 16:36:18.093 +05:30 [INF] Request finished HTTP/2 GET https://localhost:7071/_framework/aspnetcore-browser-refresh.js - 200 16501 application/javascript; charset=utf-8 2.0551ms
2025-11-25 16:36:18.093 +05:30 [INF] Request starting HTTP/2 GET https://localhost:7071/_vs/browserLink - null null
2025-11-25 16:36:18.114 +05:30 [INF] Request finished HTTP/2 GET https://localhost:7071/_vs/browserLink - 200 null text/javascript; charset=UTF-8 20.4557ms
2025-11-25 16:36:18.122 +05:30 [INF] Request starting HTTP/2 GET https://localhost:7071/images/home-bg.webp - null null
2025-11-25 16:36:18.123 +05:30 [INF] HTTP GET /images/home-bg.webp responded 404 in 0.0111 ms
2025-11-25 16:36:18.123 +05:30 [INF] Request finished HTTP/2 GET https://localhost:7071/images/home-bg.webp - 404 0 null 1.4916ms
2025-11-25 16:36:18.123 +05:30 [INF] Request reached the end of the middleware pipeline without being handled by application code. Request path: GET https://localhost:7071/images/home-bg.webp, Response status code: 404
2025-11-25 16:36:20.778 +05:30 [INF] Request starting HTTP/2 GET https://localhost:7071/Admin/Dashboard/CheckResultData?RollNumber=2403980140053 - null null
2025-11-25 16:36:20.786 +05:30 [INF] Executing endpoint 'VRSAPPUI.Areas.Admin.Controllers.DashboardController.CheckResultData (VRSAPPUI)'
2025-11-25 16:36:20.786 +05:30 [INF] Route matched with {area = "Admin", action = "CheckResultData", controller = "Dashboard"}. Executing controller action with signature System.Threading.Tasks.Task`1[Microsoft.AspNetCore.Mvc.IActionResult] CheckResultData(System.String) on controller VRSAPPUI.Areas.Admin.Controllers.DashboardController (VRSAPPUI).
2025-11-25 16:36:21.321 +05:30 [INF] Executing PartialViewResult, running view _PageData.
2025-11-25 16:36:21.323 +05:30 [INF] Executed PartialViewResult - view _PageData executed in 2.5619ms.
2025-11-25 16:36:21.323 +05:30 [INF] Executed action VRSAPPUI.Areas.Admin.Controllers.DashboardController.CheckResultData (VRSAPPUI) in 537.2995ms
2025-11-25 16:36:21.323 +05:30 [INF] Executed endpoint 'VRSAPPUI.Areas.Admin.Controllers.DashboardController.CheckResultData (VRSAPPUI)'
2025-11-25 16:36:21.323 +05:30 [INF] HTTP GET /Admin/Dashboard/CheckResultData responded 200 in 537.6076 ms
2025-11-25 16:36:21.323 +05:30 [WRN] Unable to configure Browser Link script injection on the response. 
2025-11-25 16:36:21.324 +05:30 [INF] Request finished HTTP/2 GET https://localhost:7071/Admin/Dashboard/CheckResultData?RollNumber=2403980140053 - 200 null text/html; charset=utf-8 545.4978ms
2025-11-25 16:36:22.248 +05:30 [INF] Request starting HTTP/2 GET https://localhost:7071/resultpreview/QmFjaGVsb3Igb2YgRWR1Y2F0aW9uKEIuRWQuKSAtIFNFQ09ORCBZRUFSJDI0MDM5ODAxNDAwNTMkQWZmaWxpYXRlZCBDb2xsZWdlJFJFR1VMQVIkMjAyNC0yNSRNQVktMjAyNSQx - null null
2025-11-25 16:36:22.254 +05:30 [INF] Executing endpoint 'VRSAPPUI.Controllers.HomeController.ResultPreview (VRSAPPUI)'
2025-11-25 16:36:22.254 +05:30 [INF] Route matched with {action = "ResultPreview", controller = "Home", area = ""}. Executing controller action with signature System.Threading.Tasks.Task`1[Microsoft.AspNetCore.Mvc.IActionResult] ResultPreview(System.String) on controller VRSAPPUI.Controllers.HomeController (VRSAPPUI).
2025-11-25 16:36:22.254 +05:30 [INF] Accessing expired session, Key:bec0ac26-ebde-70ff-9879-1a6c7fc01aca
2025-11-25 16:36:22.255 +05:30 [INF] Executing RedirectResult, redirecting to /result/MjQwMzk4MDE0MDA1Mw%3D%3D.
2025-11-25 16:36:22.255 +05:30 [INF] Executed action VRSAPPUI.Controllers.HomeController.ResultPreview (VRSAPPUI) in 0.7386ms
2025-11-25 16:36:22.255 +05:30 [INF] Executed endpoint 'VRSAPPUI.Controllers.HomeController.ResultPreview (VRSAPPUI)'
2025-11-25 16:36:22.255 +05:30 [INF] HTTP GET /resultpreview/QmFjaGVsb3Igb2YgRWR1Y2F0aW9uKEIuRWQuKSAtIFNFQ09ORCBZRUFSJDI0MDM5ODAxNDAwNTMkQWZmaWxpYXRlZCBDb2xsZWdlJFJFR1VMQVIkMjAyNC0yNSRNQVktMjAyNSQx responded 302 in 0.9532 ms
2025-11-25 16:36:22.255 +05:30 [INF] Session started; Key:bec0ac26-ebde-70ff-9879-1a6c7fc01aca, Id:c7f0dfa6-344b-68dc-8903-b21e339bb69e
2025-11-25 16:36:22.255 +05:30 [INF] Request finished HTTP/2 GET https://localhost:7071/resultpreview/QmFjaGVsb3Igb2YgRWR1Y2F0aW9uKEIuRWQuKSAtIFNFQ09ORCBZRUFSJDI0MDM5ODAxNDAwNTMkQWZmaWxpYXRlZCBDb2xsZWdlJFJFR1VMQVIkMjAyNC0yNSRNQVktMjAyNSQx - 302 null null 7.6305ms
2025-11-25 16:36:22.258 +05:30 [INF] Request starting HTTP/2 GET https://localhost:7071/result/MjQwMzk4MDE0MDA1Mw== - null null
2025-11-25 16:36:22.261 +05:30 [INF] Executing endpoint 'VRSAPPUI.Controllers.HomeController.Result (VRSAPPUI)'
2025-11-25 16:36:22.261 +05:30 [INF] Route matched with {action = "Result", controller = "Home", area = ""}. Executing controller action with signature System.Threading.Tasks.Task`1[Microsoft.AspNetCore.Mvc.IActionResult] Result(System.String) on controller VRSAPPUI.Controllers.HomeController (VRSAPPUI).
2025-11-25 16:36:23.530 +05:30 [INF] Executing ViewResult, running view Result.
2025-11-25 16:38:08.989 +05:30 [INF] Now listening on: https://localhost:7071
2025-11-25 16:38:09.019 +05:30 [INF] Now listening on: http://localhost:5290
2025-11-25 16:38:09.080 +05:30 [INF] Application started. Press Ctrl+C to shut down.
2025-11-25 16:38:09.080 +05:30 [INF] Hosting environment: Development
2025-11-25 16:38:09.081 +05:30 [INF] Content root path: D:\VRSAGRAERP\VRSAPPUI
2025-11-25 16:38:10.334 +05:30 [INF] Request starting HTTP/2 GET https://localhost:7071/ - null null
2025-11-25 16:38:10.507 +05:30 [INF] Executing endpoint 'VRSAPPUI.Controllers.HomeController.Index (VRSAPPUI)'
2025-11-25 16:38:10.534 +05:30 [INF] Route matched with {action = "Index", controller = "Home", area = ""}. Executing controller action with signature System.Threading.Tasks.Task`1[Microsoft.AspNetCore.Mvc.IActionResult] Index() on controller VRSAPPUI.Controllers.HomeController (VRSAPPUI).
2025-11-25 16:38:11.744 +05:30 [INF] Executing ViewResult, running view Index.
2025-11-25 16:38:11.909 +05:30 [INF] Executed ViewResult - view Index executed in 171.8579ms.
2025-11-25 16:38:11.912 +05:30 [INF] Executed action VRSAPPUI.Controllers.HomeController.Index (VRSAPPUI) in 1377.2468ms
2025-11-25 16:38:11.913 +05:30 [INF] Executed endpoint 'VRSAPPUI.Controllers.HomeController.Index (VRSAPPUI)'
2025-11-25 16:38:11.915 +05:30 [INF] HTTP GET / responded 200 in 1409.2050 ms
2025-11-25 16:38:11.928 +05:30 [INF] Request finished HTTP/2 GET https://localhost:7071/ - 200 null text/html; charset=utf-8 1616.9698ms
2025-11-25 16:38:11.950 +05:30 [INF] Request starting HTTP/2 GET https://localhost:7071/_framework/aspnetcore-browser-refresh.js - null null
2025-11-25 16:38:11.951 +05:30 [INF] Request starting HTTP/2 GET https://localhost:7071/_vs/browserLink - null null
2025-11-25 16:38:11.958 +05:30 [INF] Request finished HTTP/2 GET https://localhost:7071/_framework/aspnetcore-browser-refresh.js - 200 16501 application/javascript; charset=utf-8 8.184ms
2025-11-25 16:38:12.002 +05:30 [INF] Request finished HTTP/2 GET https://localhost:7071/_vs/browserLink - 200 null text/javascript; charset=UTF-8 51.2912ms
2025-11-25 16:38:12.045 +05:30 [INF] Request starting HTTP/2 GET https://localhost:7071/images/home-bg.webp - null null
2025-11-25 16:38:12.056 +05:30 [INF] HTTP GET /images/home-bg.webp responded 404 in 0.2481 ms
2025-11-25 16:38:12.057 +05:30 [INF] Request finished HTTP/2 GET https://localhost:7071/images/home-bg.webp - 404 0 null 11.6163ms
2025-11-25 16:38:12.058 +05:30 [INF] Request reached the end of the middleware pipeline without being handled by application code. Request path: GET https://localhost:7071/images/home-bg.webp, Response status code: 404
2025-11-25 16:38:14.393 +05:30 [INF] Request starting HTTP/2 GET https://localhost:7071/admin/dashboard/ - null null
2025-11-25 16:38:14.411 +05:30 [INF] Executing endpoint 'VRSAPPUI.Areas.Admin.Controllers.DashboardController.Index (VRSAPPUI)'
2025-11-25 16:38:14.416 +05:30 [INF] Route matched with {area = "Admin", action = "Index", controller = "Dashboard"}. Executing controller action with signature System.Threading.Tasks.Task`1[Microsoft.AspNetCore.Mvc.IActionResult] Index() on controller VRSAPPUI.Areas.Admin.Controllers.DashboardController (VRSAPPUI).
2025-11-25 16:38:14.427 +05:30 [INF] Authorization failed for the request at filter 'VRSAPPUI.Areas.Admin.Filters.CustomAdminAuthorize'.
2025-11-25 16:38:14.429 +05:30 [INF] Executing RedirectResult, redirecting to /admin/login.
2025-11-25 16:38:14.429 +05:30 [INF] Executed action VRSAPPUI.Areas.Admin.Controllers.DashboardController.Index (VRSAPPUI) in 13.5773ms
2025-11-25 16:38:14.430 +05:30 [INF] Executed endpoint 'VRSAPPUI.Areas.Admin.Controllers.DashboardController.Index (VRSAPPUI)'
2025-11-25 16:38:14.430 +05:30 [INF] HTTP GET /admin/dashboard/ responded 302 in 18.8694 ms
2025-11-25 16:38:14.430 +05:30 [INF] Request finished HTTP/2 GET https://localhost:7071/admin/dashboard/ - 302 null null 36.7022ms
2025-11-25 16:38:14.433 +05:30 [INF] Request starting HTTP/2 GET https://localhost:7071/admin/login - null null
2025-11-25 16:38:14.438 +05:30 [INF] Executing endpoint 'VRSAPPUI.Areas.Admin.Controllers.AccountController.Login (VRSAPPUI)'
2025-11-25 16:38:14.445 +05:30 [INF] Route matched with {area = "Admin", action = "Login", controller = "Account"}. Executing controller action with signature Microsoft.AspNetCore.Mvc.IActionResult Login(System.String) on controller VRSAPPUI.Areas.Admin.Controllers.AccountController (VRSAPPUI).
2025-11-25 16:38:14.473 +05:30 [INF] Executing ViewResult, running view Login.
2025-11-25 16:38:14.504 +05:30 [INF] Executed ViewResult - view Login executed in 32.7136ms.
2025-11-25 16:38:14.505 +05:30 [INF] Executed action VRSAPPUI.Areas.Admin.Controllers.AccountController.Login (VRSAPPUI) in 59.8202ms
2025-11-25 16:38:14.506 +05:30 [INF] Executed endpoint 'VRSAPPUI.Areas.Admin.Controllers.AccountController.Login (VRSAPPUI)'
2025-11-25 16:38:14.506 +05:30 [INF] HTTP GET /admin/login responded 200 in 68.0038 ms
2025-11-25 16:38:14.506 +05:30 [INF] Request finished HTTP/2 GET https://localhost:7071/admin/login - 200 null text/html; charset=utf-8 73.0399ms
2025-11-25 16:38:14.536 +05:30 [INF] Request starting HTTP/2 GET https://localhost:7071/_framework/aspnetcore-browser-refresh.js - null null
2025-11-25 16:38:14.538 +05:30 [INF] Request starting HTTP/2 GET https://localhost:7071/_vs/browserLink - null null
2025-11-25 16:38:14.539 +05:30 [INF] Request finished HTTP/2 GET https://localhost:7071/_framework/aspnetcore-browser-refresh.js - 200 16501 application/javascript; charset=utf-8 3.3509ms
2025-11-25 16:38:14.572 +05:30 [INF] Request finished HTTP/2 GET https://localhost:7071/_vs/browserLink - 200 null text/javascript; charset=UTF-8 33.6642ms
2025-11-25 16:38:16.159 +05:30 [INF] Request starting HTTP/2 POST https://localhost:7071/admin/login - application/json; charset=UTF-8 37
2025-11-25 16:38:16.163 +05:30 [INF] CORS policy execution successful.
2025-11-25 16:38:16.164 +05:30 [INF] Executing endpoint 'VRSAPPUI.Areas.Admin.Controllers.AccountController.Login (VRSAPPUI)'
2025-11-25 16:38:16.167 +05:30 [INF] Route matched with {area = "Admin", action = "Login", controller = "Account"}. Executing controller action with signature System.Threading.Tasks.Task`1[Microsoft.AspNetCore.Mvc.IActionResult] Login(VRSMODEL.DTO.LoginDTO, System.String) on controller VRSAPPUI.Areas.Admin.Controllers.AccountController (VRSAPPUI).
2025-11-25 16:38:16.979 +05:30 [WRN] No store type was specified for the decimal property 'Sequence' on entity type 'NewMasters'. This will cause values to be silently truncated if they do not fit in the default precision and scale. Explicitly specify the SQL server column type that can accommodate all the values in 'OnModelCreating' using 'HasColumnType', specify precision and scale using 'HasPrecision', or configure a value converter using 'HasConversion'.
2025-11-25 16:38:17.845 +05:30 [INF] Executed DbCommand (74ms) [Parameters=[@__admin_AdminId_0='?' (DbType = Int32)], CommandType='"Text"', CommandTimeout='30']
SELECT [r].[RoleName]
FROM [Roles] AS [r]
INNER JOIN [AdminMasterRoles] AS [a] ON [r].[RoleId] = [a].[RoleId]
WHERE [a].[AdminId] = @__admin_AdminId_0
2025-11-25 16:38:17.966 +05:30 [INF] AuthenticationScheme: Cookies signed in.
2025-11-25 16:38:17.967 +05:30 [INF] Executing JsonResult, writing value of type 'System.String'.
2025-11-25 16:38:17.971 +05:30 [INF] Executed action VRSAPPUI.Areas.Admin.Controllers.AccountController.Login (VRSAPPUI) in 1803.8771ms
2025-11-25 16:38:17.971 +05:30 [INF] Executed endpoint 'VRSAPPUI.Areas.Admin.Controllers.AccountController.Login (VRSAPPUI)'
2025-11-25 16:38:17.971 +05:30 [INF] HTTP POST /admin/login responded 200 in 1807.6990 ms
2025-11-25 16:38:17.978 +05:30 [INF] Request finished HTTP/2 POST https://localhost:7071/admin/login - 200 null application/json; charset=utf-8 1819.551ms
2025-11-25 16:38:17.995 +05:30 [INF] Request starting HTTP/2 GET https://localhost:7071/admin/dashboard - null null
2025-11-25 16:38:18.001 +05:30 [INF] Executing endpoint 'VRSAPPUI.Areas.Admin.Controllers.DashboardController.Index (VRSAPPUI)'
2025-11-25 16:38:18.002 +05:30 [INF] Route matched with {area = "Admin", action = "Index", controller = "Dashboard"}. Executing controller action with signature System.Threading.Tasks.Task`1[Microsoft.AspNetCore.Mvc.IActionResult] Index() on controller VRSAPPUI.Areas.Admin.Controllers.DashboardController (VRSAPPUI).
2025-11-25 16:38:18.032 +05:30 [INF] Executing ViewResult, running view Index.
2025-11-25 16:38:18.071 +05:30 [INF] Executed ViewResult - view Index executed in 39.2198ms.
2025-11-25 16:38:18.072 +05:30 [INF] Executed action VRSAPPUI.Areas.Admin.Controllers.DashboardController.Index (VRSAPPUI) in 70.4185ms
2025-11-25 16:38:18.073 +05:30 [INF] Executed endpoint 'VRSAPPUI.Areas.Admin.Controllers.DashboardController.Index (VRSAPPUI)'
2025-11-25 16:38:18.073 +05:30 [INF] HTTP GET /admin/dashboard responded 200 in 71.4620 ms
2025-11-25 16:38:18.073 +05:30 [INF] Request finished HTTP/2 GET https://localhost:7071/admin/dashboard - 200 null text/html; charset=utf-8 78.3912ms
2025-11-25 16:38:18.135 +05:30 [INF] Request starting HTTP/2 GET https://localhost:7071/_framework/aspnetcore-browser-refresh.js - null null
2025-11-25 16:38:18.137 +05:30 [INF] Request finished HTTP/2 GET https://localhost:7071/_framework/aspnetcore-browser-refresh.js - 200 16501 application/javascript; charset=utf-8 2.2519ms
2025-11-25 16:38:18.140 +05:30 [INF] Request starting HTTP/2 GET https://localhost:7071/_vs/browserLink - null null
2025-11-25 16:38:18.154 +05:30 [INF] Request finished HTTP/2 GET https://localhost:7071/_vs/browserLink - 200 null text/javascript; charset=UTF-8 14.9949ms
2025-11-25 16:38:25.141 +05:30 [INF] Request starting HTTP/2 GET https://localhost:7071/Admin/Dashboard/CheckResultData?RollNumber=2403980140053 - null null
2025-11-25 16:38:25.146 +05:30 [INF] Executing endpoint 'VRSAPPUI.Areas.Admin.Controllers.DashboardController.CheckResultData (VRSAPPUI)'
2025-11-25 16:38:25.150 +05:30 [INF] Route matched with {area = "Admin", action = "CheckResultData", controller = "Dashboard"}. Executing controller action with signature System.Threading.Tasks.Task`1[Microsoft.AspNetCore.Mvc.IActionResult] CheckResultData(System.String) on controller VRSAPPUI.Areas.Admin.Controllers.DashboardController (VRSAPPUI).
2025-11-25 16:38:25.740 +05:30 [INF] Executing PartialViewResult, running view _PageData.
2025-11-25 16:38:25.756 +05:30 [INF] Executed PartialViewResult - view _PageData executed in 16.8603ms.
2025-11-25 16:38:25.756 +05:30 [INF] Executed action VRSAPPUI.Areas.Admin.Controllers.DashboardController.CheckResultData (VRSAPPUI) in 606.0898ms
2025-11-25 16:38:25.756 +05:30 [INF] Executed endpoint 'VRSAPPUI.Areas.Admin.Controllers.DashboardController.CheckResultData (VRSAPPUI)'
2025-11-25 16:38:25.756 +05:30 [INF] HTTP GET /Admin/Dashboard/CheckResultData responded 200 in 610.2572 ms
2025-11-25 16:38:25.756 +05:30 [WRN] Unable to configure Browser Link script injection on the response. 
2025-11-25 16:38:25.757 +05:30 [INF] Request finished HTTP/2 GET https://localhost:7071/Admin/Dashboard/CheckResultData?RollNumber=2403980140053 - 200 null text/html; charset=utf-8 615.6119ms
2025-11-25 16:38:36.928 +05:30 [INF] Request starting HTTP/2 GET https://localhost:7071/resultpreview/QmFjaGVsb3Igb2YgRWR1Y2F0aW9uKEIuRWQuKSAtIFNFQ09ORCBZRUFSJDI0MDM5ODAxNDAwNTMkQWZmaWxpYXRlZCBDb2xsZWdlJFJFR1VMQVIkMjAyNC0yNSRNQVktMjAyNSQx - null null
2025-11-25 16:38:36.933 +05:30 [INF] Executing endpoint 'VRSAPPUI.Controllers.HomeController.ResultPreview (VRSAPPUI)'
2025-11-25 16:38:36.937 +05:30 [INF] Route matched with {action = "ResultPreview", controller = "Home", area = ""}. Executing controller action with signature System.Threading.Tasks.Task`1[Microsoft.AspNetCore.Mvc.IActionResult] ResultPreview(System.String) on controller VRSAPPUI.Controllers.HomeController (VRSAPPUI).
2025-11-25 16:38:36.950 +05:30 [INF] Executing RedirectResult, redirecting to /result/MjQwMzk4MDE0MDA1Mw%3D%3D.
2025-11-25 16:38:36.951 +05:30 [INF] Executed action VRSAPPUI.Controllers.HomeController.ResultPreview (VRSAPPUI) in 13.0373ms
2025-11-25 16:38:36.951 +05:30 [INF] Executed endpoint 'VRSAPPUI.Controllers.HomeController.ResultPreview (VRSAPPUI)'
2025-11-25 16:38:36.951 +05:30 [INF] HTTP GET /resultpreview/QmFjaGVsb3Igb2YgRWR1Y2F0aW9uKEIuRWQuKSAtIFNFQ09ORCBZRUFSJDI0MDM5ODAxNDAwNTMkQWZmaWxpYXRlZCBDb2xsZWdlJFJFR1VMQVIkMjAyNC0yNSRNQVktMjAyNSQx responded 302 in 17.9958 ms
2025-11-25 16:38:36.951 +05:30 [INF] Session started; Key:663c838f-dbe4-ce6d-c9f2-b72ae2a42e5a, Id:822850e5-48c6-2d11-7071-b51d9eecca6f
2025-11-25 16:38:36.953 +05:30 [INF] Request finished HTTP/2 GET https://localhost:7071/resultpreview/QmFjaGVsb3Igb2YgRWR1Y2F0aW9uKEIuRWQuKSAtIFNFQ09ORCBZRUFSJDI0MDM5ODAxNDAwNTMkQWZmaWxpYXRlZCBDb2xsZWdlJFJFR1VMQVIkMjAyNC0yNSRNQVktMjAyNSQx - 302 null null 24.9402ms
2025-11-25 16:38:36.958 +05:30 [INF] Request starting HTTP/2 GET https://localhost:7071/result/MjQwMzk4MDE0MDA1Mw== - null null
2025-11-25 16:38:36.961 +05:30 [INF] Executing endpoint 'VRSAPPUI.Controllers.HomeController.Result (VRSAPPUI)'
2025-11-25 16:38:36.964 +05:30 [INF] Route matched with {action = "Result", controller = "Home", area = ""}. Executing controller action with signature System.Threading.Tasks.Task`1[Microsoft.AspNetCore.Mvc.IActionResult] Result(System.String) on controller VRSAPPUI.Controllers.HomeController (VRSAPPUI).
2025-11-25 16:38:38.754 +05:30 [INF] Executing ViewResult, running view Result.
2025-11-25 16:39:24.924 +05:30 [INF] Request starting HTTP/2 GET https://localhost:7071/resultpreview/QmFjaGVsb3Igb2YgRWR1Y2F0aW9uKEIuRWQuKSAtIFNFQ09ORCBZRUFSJDI0MDM5ODAxNDAwNTMkQWZmaWxpYXRlZCBDb2xsZWdlJFJFR1VMQVIkMjAyNC0yNSRNQVktMjAyNSQx - null null
2025-11-25 16:39:24.933 +05:30 [INF] Executing endpoint 'VRSAPPUI.Controllers.HomeController.ResultPreview (VRSAPPUI)'
2025-11-25 16:39:24.933 +05:30 [INF] Route matched with {action = "ResultPreview", controller = "Home", area = ""}. Executing controller action with signature System.Threading.Tasks.Task`1[Microsoft.AspNetCore.Mvc.IActionResult] ResultPreview(System.String) on controller VRSAPPUI.Controllers.HomeController (VRSAPPUI).
2025-11-25 16:39:24.934 +05:30 [INF] Executing RedirectResult, redirecting to /result/MjQwMzk4MDE0MDA1Mw%3D%3D.
2025-11-25 16:39:24.934 +05:30 [INF] Executed action VRSAPPUI.Controllers.HomeController.ResultPreview (VRSAPPUI) in 1.3488ms
2025-11-25 16:39:24.934 +05:30 [INF] Executed endpoint 'VRSAPPUI.Controllers.HomeController.ResultPreview (VRSAPPUI)'
2025-11-25 16:39:24.934 +05:30 [INF] HTTP GET /resultpreview/QmFjaGVsb3Igb2YgRWR1Y2F0aW9uKEIuRWQuKSAtIFNFQ09ORCBZRUFSJDI0MDM5ODAxNDAwNTMkQWZmaWxpYXRlZCBDb2xsZWdlJFJFR1VMQVIkMjAyNC0yNSRNQVktMjAyNSQx responded 302 in 1.5993 ms
2025-11-25 16:39:24.936 +05:30 [INF] Request finished HTTP/2 GET https://localhost:7071/resultpreview/QmFjaGVsb3Igb2YgRWR1Y2F0aW9uKEIuRWQuKSAtIFNFQ09ORCBZRUFSJDI0MDM5ODAxNDAwNTMkQWZmaWxpYXRlZCBDb2xsZWdlJFJFR1VMQVIkMjAyNC0yNSRNQVktMjAyNSQx - 302 null null 12.3308ms
2025-11-25 16:39:24.937 +05:30 [INF] Executed ViewResult - view Result executed in 46184.5506ms.
2025-11-25 16:39:24.938 +05:30 [INF] Executed action VRSAPPUI.Controllers.HomeController.Result (VRSAPPUI) in 47973.325ms
2025-11-25 16:39:24.938 +05:30 [INF] Executed endpoint 'VRSAPPUI.Controllers.HomeController.Result (VRSAPPUI)'
2025-11-25 16:39:24.938 +05:30 [INF] HTTP GET /result/MjQwMzk4MDE0MDA1Mw== responded 200 in 47976.6549 ms
2025-11-25 16:39:24.939 +05:30 [INF] Request finished HTTP/2 GET https://localhost:7071/result/MjQwMzk4MDE0MDA1Mw== - 200 null text/html; charset=utf-8 47979.7494ms
2025-11-25 16:39:24.945 +05:30 [INF] Request starting HTTP/2 GET https://localhost:7071/result/MjQwMzk4MDE0MDA1Mw== - null null
2025-11-25 16:39:24.948 +05:30 [INF] Executing endpoint 'VRSAPPUI.Controllers.HomeController.Result (VRSAPPUI)'
2025-11-25 16:39:24.948 +05:30 [INF] Route matched with {action = "Result", controller = "Home", area = ""}. Executing controller action with signature System.Threading.Tasks.Task`1[Microsoft.AspNetCore.Mvc.IActionResult] Result(System.String) on controller VRSAPPUI.Controllers.HomeController (VRSAPPUI).
2025-11-25 16:39:25.650 +05:30 [INF] Executing ViewResult, running view Result.
2025-11-25 16:39:27.537 +05:30 [INF] Executed ViewResult - view Result executed in 1886.2648ms.
2025-11-25 16:39:27.537 +05:30 [INF] Executed action VRSAPPUI.Controllers.HomeController.Result (VRSAPPUI) in 2588.4437ms
2025-11-25 16:39:27.537 +05:30 [INF] Executed endpoint 'VRSAPPUI.Controllers.HomeController.Result (VRSAPPUI)'
2025-11-25 16:39:27.537 +05:30 [INF] HTTP GET /result/MjQwMzk4MDE0MDA1Mw== responded 200 in 2588.9521 ms
2025-11-25 16:39:27.538 +05:30 [INF] Request finished HTTP/2 GET https://localhost:7071/result/MjQwMzk4MDE0MDA1Mw== - 200 null text/html; charset=utf-8 2594.3217ms
2025-11-25 16:39:27.587 +05:30 [INF] Request starting HTTP/2 GET https://localhost:7071/_framework/aspnetcore-browser-refresh.js - null null
2025-11-25 16:39:27.589 +05:30 [INF] Request finished HTTP/2 GET https://localhost:7071/_framework/aspnetcore-browser-refresh.js - 200 16501 application/javascript; charset=utf-8 1.6633ms
2025-11-25 16:39:27.591 +05:30 [INF] Request starting HTTP/2 GET https://localhost:7071/_vs/browserLink - null null
2025-11-25 16:39:27.608 +05:30 [INF] Request finished HTTP/2 GET https://localhost:7071/_vs/browserLink - 200 null text/javascript; charset=UTF-8 17.0602ms
2025-11-25 16:39:27.774 +05:30 [INF] Request starting HTTP/2 POST https://localhost:7071/Home/VisitCountSet - application/json; charset=UTF-8 145
2025-11-25 16:39:27.776 +05:30 [INF] CORS policy execution successful.
2025-11-25 16:39:27.776 +05:30 [INF] Executing endpoint 'VRSAPPUI.Controllers.HomeController.VisitCountSet (VRSAPPUI)'
2025-11-25 16:39:27.781 +05:30 [INF] Route matched with {action = "VisitCountSet", controller = "Home", area = ""}. Executing controller action with signature System.Threading.Tasks.Task`1[Microsoft.AspNetCore.Mvc.IActionResult] VisitCountSet(VRSMODEL.DTO.StudentMasterDTO) on controller VRSAPPUI.Controllers.HomeController (VRSAPPUI).
2025-11-25 16:39:28.543 +05:30 [INF] Executing JsonResult, writing value of type 'System.String'.
2025-11-25 16:39:28.543 +05:30 [INF] Executed action VRSAPPUI.Controllers.HomeController.VisitCountSet (VRSAPPUI) in 761.9302ms
2025-11-25 16:39:28.543 +05:30 [INF] Executed endpoint 'VRSAPPUI.Controllers.HomeController.VisitCountSet (VRSAPPUI)'
2025-11-25 16:39:28.543 +05:30 [INF] HTTP POST /Home/VisitCountSet responded 200 in 766.7093 ms
2025-11-25 16:39:28.543 +05:30 [INF] Request finished HTTP/2 POST https://localhost:7071/Home/VisitCountSet - 200 null application/json; charset=utf-8 768.7395ms
