2025-11-10 16:05:39.526 +05:30 [INF] Now listening on: https://localhost:7071
2025-11-10 16:05:39.568 +05:30 [INF] Now listening on: http://localhost:5290
2025-11-10 16:05:39.645 +05:30 [INF] Application started. Press Ctrl+C to shut down.
2025-11-10 16:05:39.645 +05:30 [INF] Hosting environment: Development
2025-11-10 16:05:39.645 +05:30 [INF] Content root path: D:\VRSAGRAERP\VRSAPPUI
2025-11-10 16:05:42.785 +05:30 [INF] Request starting HTTP/2 GET https://localhost:7071/ - null null
2025-11-10 16:05:43.305 +05:30 [INF] Executing endpoint 'VRSAPPUI.Controllers.HomeController.Index (VRSAPPUI)'
2025-11-10 16:05:43.343 +05:30 [INF] Route matched with {action = "Index", controller = "Home", area = ""}. Executing controller action with signature System.Threading.Tasks.Task`1[Microsoft.AspNetCore.Mvc.IActionResult] Index() on controller VRSAPPUI.Controllers.HomeController (VRSAPPUI).
2025-11-10 16:05:45.073 +05:30 [INF] Executing ViewResult, running view Index.
2025-11-10 16:05:45.195 +05:30 [INF] Executed ViewResult - view Index executed in 133.8474ms.
2025-11-10 16:05:45.196 +05:30 [INF] Executed action VRSAPPUI.Controllers.HomeController.Index (VRSAPPUI) in 1851.8767ms
2025-11-10 16:05:45.197 +05:30 [INF] Executed endpoint 'VRSAPPUI.Controllers.HomeController.Index (VRSAPPUI)'
2025-11-10 16:05:45.200 +05:30 [INF] HTTP GET / responded 200 in 1895.2395 ms
2025-11-10 16:05:45.232 +05:30 [INF] Request starting HTTP/2 GET https://localhost:7071/_framework/aspnetcore-browser-refresh.js - null null
2025-11-10 16:05:45.237 +05:30 [INF] Request finished HTTP/2 GET https://localhost:7071/ - 200 null text/html; charset=utf-8 2467.4838ms
2025-11-10 16:05:45.251 +05:30 [INF] Request finished HTTP/2 GET https://localhost:7071/_framework/aspnetcore-browser-refresh.js - 200 16501 application/javascript; charset=utf-8 19.174ms
2025-11-10 16:05:45.313 +05:30 [INF] Request starting HTTP/2 GET https://localhost:7071/_vs/browserLink - null null
2025-11-10 16:05:45.400 +05:30 [INF] Request finished HTTP/2 GET https://localhost:7071/_vs/browserLink - 200 null text/javascript; charset=UTF-8 87.0646ms
2025-11-10 16:05:45.445 +05:30 [INF] Request starting HTTP/1.1 GET https://localhost:7071/pageui/plugins/bootstrap/js/bootstrap.bundle.min.js.map - null null
2025-11-10 16:05:45.452 +05:30 [INF] HTTP GET /pageui/plugins/bootstrap/js/bootstrap.bundle.min.js.map responded 404 in 0.1267 ms
2025-11-10 16:05:45.454 +05:30 [INF] Request finished HTTP/1.1 GET https://localhost:7071/pageui/plugins/bootstrap/js/bootstrap.bundle.min.js.map - 404 0 null 9.8386ms
2025-11-10 16:05:45.456 +05:30 [INF] Request reached the end of the middleware pipeline without being handled by application code. Request path: GET https://localhost:7071/pageui/plugins/bootstrap/js/bootstrap.bundle.min.js.map, Response status code: 404
2025-11-10 16:05:45.470 +05:30 [INF] Request starting HTTP/2 GET https://localhost:7071/pageui/plugins/bootstrap/js/bootstrap.bundle.min.js.map - null null
2025-11-10 16:05:45.475 +05:30 [INF] HTTP GET /pageui/plugins/bootstrap/js/bootstrap.bundle.min.js.map responded 404 in 0.0487 ms
2025-11-10 16:05:45.475 +05:30 [INF] Request finished HTTP/2 GET https://localhost:7071/pageui/plugins/bootstrap/js/bootstrap.bundle.min.js.map - 404 0 null 5.9569ms
2025-11-10 16:05:45.476 +05:30 [INF] Request reached the end of the middleware pipeline without being handled by application code. Request path: GET https://localhost:7071/pageui/plugins/bootstrap/js/bootstrap.bundle.min.js.map, Response status code: 404
2025-11-10 16:05:45.540 +05:30 [INF] Request starting HTTP/1.1 GET https://localhost:7071/pageui/dist/js/adminlte.min.js.map - null null
2025-11-10 16:05:45.541 +05:30 [INF] HTTP GET /pageui/dist/js/adminlte.min.js.map responded 404 in 0.0441 ms
2025-11-10 16:05:45.542 +05:30 [INF] Request finished HTTP/1.1 GET https://localhost:7071/pageui/dist/js/adminlte.min.js.map - 404 0 null 1.6925ms
2025-11-10 16:05:45.542 +05:30 [INF] Request reached the end of the middleware pipeline without being handled by application code. Request path: GET https://localhost:7071/pageui/dist/js/adminlte.min.js.map, Response status code: 404
2025-11-10 16:05:45.547 +05:30 [INF] Request starting HTTP/2 GET https://localhost:7071/pageui/dist/js/adminlte.min.js.map - null null
2025-11-10 16:05:45.548 +05:30 [INF] HTTP GET /pageui/dist/js/adminlte.min.js.map responded 404 in 0.0114 ms
2025-11-10 16:05:45.548 +05:30 [INF] Request finished HTTP/2 GET https://localhost:7071/pageui/dist/js/adminlte.min.js.map - 404 0 null 1.32ms
2025-11-10 16:05:45.548 +05:30 [INF] Request reached the end of the middleware pipeline without being handled by application code. Request path: GET https://localhost:7071/pageui/dist/js/adminlte.min.js.map, Response status code: 404
2025-11-10 16:12:50.760 +05:30 [INF] Request starting HTTP/2 GET https://localhost:7071/ADMIN/LOGIN - null null
2025-11-10 16:12:50.772 +05:30 [INF] Executing endpoint 'VRSAPPUI.Areas.Admin.Controllers.AccountController.Login (VRSAPPUI)'
2025-11-10 16:12:50.783 +05:30 [INF] Route matched with {area = "Admin", action = "Login", controller = "Account"}. Executing controller action with signature Microsoft.AspNetCore.Mvc.IActionResult Login(System.String) on controller VRSAPPUI.Areas.Admin.Controllers.AccountController (VRSAPPUI).
2025-11-10 16:12:50.825 +05:30 [INF] Executing ViewResult, running view Login.
2025-11-10 16:12:51.251 +05:30 [INF] Request starting HTTP/2 GET https://localhost:7071/pageui/plugins/sweetalert2/sweetalert2.min.css - null null
2025-11-10 16:12:51.261 +05:30 [INF] Request starting HTTP/2 GET https://localhost:7071/_framework/aspnetcore-browser-refresh.js - null null
2025-11-10 16:12:51.264 +05:30 [INF] Request starting HTTP/2 GET https://localhost:7071/_vs/browserLink - null null
2025-11-10 16:12:51.264 +05:30 [INF] Request finished HTTP/2 GET https://localhost:7071/_framework/aspnetcore-browser-refresh.js - 200 16501 application/javascript; charset=utf-8 3.7354ms
2025-11-10 16:12:51.267 +05:30 [INF] The file /pageui/plugins/sweetalert2/sweetalert2.min.css was not modified
2025-11-10 16:12:51.272 +05:30 [INF] Executed ViewResult - view Login executed in 449.6178ms.
2025-11-10 16:12:51.281 +05:30 [INF] Request finished HTTP/2 GET https://localhost:7071/pageui/plugins/sweetalert2/sweetalert2.min.css - 304 null text/css 29.9306ms
2025-11-10 16:12:51.283 +05:30 [INF] Executed action VRSAPPUI.Areas.Admin.Controllers.AccountController.Login (VRSAPPUI) in 500.1407ms
2025-11-10 16:12:51.283 +05:30 [INF] Executed endpoint 'VRSAPPUI.Areas.Admin.Controllers.AccountController.Login (VRSAPPUI)'
2025-11-10 16:12:51.284 +05:30 [INF] HTTP GET /ADMIN/LOGIN responded 200 in 511.6810 ms
2025-11-10 16:12:51.285 +05:30 [INF] Request finished HTTP/2 GET https://localhost:7071/ADMIN/LOGIN - 200 null text/html; charset=utf-8 525.2353ms
2025-11-10 16:12:51.299 +05:30 [INF] Request finished HTTP/2 GET https://localhost:7071/_vs/browserLink - 200 null text/javascript; charset=UTF-8 35.4518ms
2025-11-10 16:12:52.777 +05:30 [INF] Request starting HTTP/2 POST https://localhost:7071/admin/login - application/json; charset=UTF-8 37
2025-11-10 16:12:52.784 +05:30 [INF] CORS policy execution successful.
2025-11-10 16:12:52.795 +05:30 [INF] Executing endpoint 'VRSAPPUI.Areas.Admin.Controllers.AccountController.Login (VRSAPPUI)'
2025-11-10 16:12:52.800 +05:30 [INF] Route matched with {area = "Admin", action = "Login", controller = "Account"}. Executing controller action with signature System.Threading.Tasks.Task`1[Microsoft.AspNetCore.Mvc.IActionResult] Login(VRSMODEL.DTO.LoginDTO, System.String) on controller VRSAPPUI.Areas.Admin.Controllers.AccountController (VRSAPPUI).
2025-11-10 16:12:55.708 +05:30 [WRN] No store type was specified for the decimal property 'Sequence' on entity type 'NewMasters'. This will cause values to be silently truncated if they do not fit in the default precision and scale. Explicitly specify the SQL server column type that can accommodate all the values in 'OnModelCreating' using 'HasColumnType', specify precision and scale using 'HasPrecision', or configure a value converter using 'HasConversion'.
2025-11-10 16:12:57.773 +05:30 [INF] Executed DbCommand (131ms) [Parameters=[@__admin_AdminId_0='?' (DbType = Int32)], CommandType='"Text"', CommandTimeout='30']
SELECT [r].[RoleName]
FROM [Roles] AS [r]
INNER JOIN [AdminMasterRoles] AS [a] ON [r].[RoleId] = [a].[RoleId]
WHERE [a].[AdminId] = @__admin_AdminId_0
2025-11-10 16:12:57.935 +05:30 [INF] AuthenticationScheme: Cookies signed in.
2025-11-10 16:12:57.940 +05:30 [INF] Executing JsonResult, writing value of type 'System.String'.
2025-11-10 16:12:57.945 +05:30 [INF] Executed action VRSAPPUI.Areas.Admin.Controllers.AccountController.Login (VRSAPPUI) in 5144.67ms
2025-11-10 16:12:57.946 +05:30 [INF] Executed endpoint 'VRSAPPUI.Areas.Admin.Controllers.AccountController.Login (VRSAPPUI)'
2025-11-10 16:12:57.946 +05:30 [INF] HTTP POST /admin/login responded 200 in 5151.1249 ms
2025-11-10 16:12:57.955 +05:30 [INF] Request finished HTTP/2 POST https://localhost:7071/admin/login - 200 null application/json; charset=utf-8 5177.8117ms
2025-11-10 16:12:57.960 +05:30 [INF] Request starting HTTP/2 GET https://localhost:7071/admin/dashboard - null null
2025-11-10 16:12:57.966 +05:30 [INF] Executing endpoint 'VRSAPPUI.Areas.Admin.Controllers.DashboardController.Index (VRSAPPUI)'
2025-11-10 16:12:57.972 +05:30 [INF] Route matched with {area = "Admin", action = "Index", controller = "Dashboard"}. Executing controller action with signature System.Threading.Tasks.Task`1[Microsoft.AspNetCore.Mvc.IActionResult] Index() on controller VRSAPPUI.Areas.Admin.Controllers.DashboardController (VRSAPPUI).
2025-11-10 16:12:58.017 +05:30 [INF] Executing ViewResult, running view Index.
2025-11-10 16:12:58.065 +05:30 [INF] Executed ViewResult - view Index executed in 48.4465ms.
2025-11-10 16:12:58.077 +05:30 [INF] Executed action VRSAPPUI.Areas.Admin.Controllers.DashboardController.Index (VRSAPPUI) in 105.2527ms
2025-11-10 16:12:58.077 +05:30 [INF] Executed endpoint 'VRSAPPUI.Areas.Admin.Controllers.DashboardController.Index (VRSAPPUI)'
2025-11-10 16:12:58.080 +05:30 [INF] HTTP GET /admin/dashboard responded 200 in 113.6946 ms
2025-11-10 16:12:58.082 +05:30 [INF] Request finished HTTP/2 GET https://localhost:7071/admin/dashboard - 200 null text/html; charset=utf-8 122.2573ms
2025-11-10 16:12:58.092 +05:30 [INF] Request starting HTTP/2 GET https://localhost:7071/_framework/aspnetcore-browser-refresh.js - null null
2025-11-10 16:12:58.094 +05:30 [INF] Request finished HTTP/2 GET https://localhost:7071/_framework/aspnetcore-browser-refresh.js - 200 16501 application/javascript; charset=utf-8 2.9929ms
2025-11-10 16:12:58.100 +05:30 [INF] Request starting HTTP/2 GET https://localhost:7071/_vs/browserLink - null null
2025-11-10 16:12:58.117 +05:30 [INF] Request finished HTTP/2 GET https://localhost:7071/_vs/browserLink - 200 null text/javascript; charset=UTF-8 17.615ms
2025-11-10 16:12:58.187 +05:30 [INF] Request starting HTTP/1.1 GET https://localhost:7071/pageui/plugins/moment/moment.min.js.map - null null
2025-11-10 16:12:58.187 +05:30 [INF] HTTP GET /pageui/plugins/moment/moment.min.js.map responded 404 in 0.0098 ms
2025-11-10 16:12:58.187 +05:30 [INF] Request finished HTTP/1.1 GET https://localhost:7071/pageui/plugins/moment/moment.min.js.map - 404 0 null 0.7042ms
2025-11-10 16:12:58.187 +05:30 [INF] Request reached the end of the middleware pipeline without being handled by application code. Request path: GET https://localhost:7071/pageui/plugins/moment/moment.min.js.map, Response status code: 404
2025-11-10 16:12:58.219 +05:30 [INF] Request starting HTTP/2 GET https://localhost:7071/pageui/plugins/moment/moment.min.js.map - null null
2025-11-10 16:12:58.227 +05:30 [INF] HTTP GET /pageui/plugins/moment/moment.min.js.map responded 404 in 0.0239 ms
2025-11-10 16:12:58.227 +05:30 [INF] Request finished HTTP/2 GET https://localhost:7071/pageui/plugins/moment/moment.min.js.map - 404 0 null 8.0235ms
2025-11-10 16:12:58.227 +05:30 [INF] Request reached the end of the middleware pipeline without being handled by application code. Request path: GET https://localhost:7071/pageui/plugins/moment/moment.min.js.map, Response status code: 404
2025-11-10 16:12:58.272 +05:30 [INF] Request starting HTTP/1.1 GET https://localhost:7071/pageui/plugins/bootstrap-colorpicker/js/bootstrap-colorpicker.min.js.map - null null
2025-11-10 16:12:58.272 +05:30 [INF] HTTP GET /pageui/plugins/bootstrap-colorpicker/js/bootstrap-colorpicker.min.js.map responded 404 in 0.0148 ms
2025-11-10 16:12:58.273 +05:30 [INF] Request finished HTTP/1.1 GET https://localhost:7071/pageui/plugins/bootstrap-colorpicker/js/bootstrap-colorpicker.min.js.map - 404 0 null 0.9368ms
2025-11-10 16:12:58.273 +05:30 [INF] Request reached the end of the middleware pipeline without being handled by application code. Request path: GET https://localhost:7071/pageui/plugins/bootstrap-colorpicker/js/bootstrap-colorpicker.min.js.map, Response status code: 404
2025-11-10 16:12:58.316 +05:30 [INF] Request starting HTTP/2 GET https://localhost:7071/pageui/plugins/bootstrap-colorpicker/js/bootstrap-colorpicker.min.js.map - null null
2025-11-10 16:12:58.316 +05:30 [INF] HTTP GET /pageui/plugins/bootstrap-colorpicker/js/bootstrap-colorpicker.min.js.map responded 404 in 0.0119 ms
2025-11-10 16:12:58.317 +05:30 [INF] Request finished HTTP/2 GET https://localhost:7071/pageui/plugins/bootstrap-colorpicker/js/bootstrap-colorpicker.min.js.map - 404 0 null 1.196ms
2025-11-10 16:12:58.317 +05:30 [INF] Request reached the end of the middleware pipeline without being handled by application code. Request path: GET https://localhost:7071/pageui/plugins/bootstrap-colorpicker/js/bootstrap-colorpicker.min.js.map, Response status code: 404
2025-11-10 16:12:58.375 +05:30 [INF] Request starting HTTP/1.1 GET https://localhost:7071/pageui/plugins/toastr/toastr.js.map - null null
2025-11-10 16:12:58.376 +05:30 [INF] HTTP GET /pageui/plugins/toastr/toastr.js.map responded 404 in 0.0164 ms
2025-11-10 16:12:58.376 +05:30 [INF] Request finished HTTP/1.1 GET https://localhost:7071/pageui/plugins/toastr/toastr.js.map - 404 0 null 0.9923ms
2025-11-10 16:12:58.376 +05:30 [INF] Request reached the end of the middleware pipeline without being handled by application code. Request path: GET https://localhost:7071/pageui/plugins/toastr/toastr.js.map, Response status code: 404
2025-11-10 16:12:58.414 +05:30 [INF] Request starting HTTP/2 GET https://localhost:7071/pageui/plugins/toastr/toastr.js.map - null null
2025-11-10 16:12:58.415 +05:30 [INF] HTTP GET /pageui/plugins/toastr/toastr.js.map responded 404 in 0.0298 ms
2025-11-10 16:12:58.415 +05:30 [INF] Request finished HTTP/2 GET https://localhost:7071/pageui/plugins/toastr/toastr.js.map - 404 0 null 0.8569ms
2025-11-10 16:12:58.415 +05:30 [INF] Request reached the end of the middleware pipeline without being handled by application code. Request path: GET https://localhost:7071/pageui/plugins/toastr/toastr.js.map, Response status code: 404
2025-11-10 16:13:02.900 +05:30 [INF] Request starting HTTP/2 GET https://localhost:7071/admin/dashboard/course_master - null null
2025-11-10 16:13:02.915 +05:30 [INF] Executing endpoint 'VRSAPPUI.Areas.Admin.Controllers.DashboardController.COURSE_MASTER (VRSAPPUI)'
2025-11-10 16:13:02.919 +05:30 [INF] Route matched with {area = "Admin", action = "COURSE_MASTER", controller = "Dashboard"}. Executing controller action with signature System.Threading.Tasks.Task`1[Microsoft.AspNetCore.Mvc.IActionResult] COURSE_MASTER(Int32, System.String) on controller VRSAPPUI.Areas.Admin.Controllers.DashboardController (VRSAPPUI).
2025-11-10 16:13:02.998 +05:30 [INF] Executing ViewResult, running view COURSE_MASTER.
2025-11-10 16:13:03.146 +05:30 [INF] Executed ViewResult - view COURSE_MASTER executed in 149.1262ms.
2025-11-10 16:13:03.146 +05:30 [INF] Executed action VRSAPPUI.Areas.Admin.Controllers.DashboardController.COURSE_MASTER (VRSAPPUI) in 227.1802ms
2025-11-10 16:13:03.147 +05:30 [INF] Executed endpoint 'VRSAPPUI.Areas.Admin.Controllers.DashboardController.COURSE_MASTER (VRSAPPUI)'
2025-11-10 16:13:03.147 +05:30 [INF] HTTP GET /admin/dashboard/course_master responded 200 in 231.7568 ms
2025-11-10 16:13:03.147 +05:30 [INF] Request finished HTTP/2 GET https://localhost:7071/admin/dashboard/course_master - 200 null text/html; charset=utf-8 247.2503ms
2025-11-10 16:13:03.228 +05:30 [INF] Request starting HTTP/2 GET https://localhost:7071/_vs/browserLink - null null
2025-11-10 16:13:03.228 +05:30 [INF] Request starting HTTP/2 GET https://localhost:7071/_framework/aspnetcore-browser-refresh.js - null null
2025-11-10 16:13:03.229 +05:30 [INF] Request finished HTTP/2 GET https://localhost:7071/_framework/aspnetcore-browser-refresh.js - 200 16501 application/javascript; charset=utf-8 1.7865ms
2025-11-10 16:13:03.245 +05:30 [INF] Request finished HTTP/2 GET https://localhost:7071/_vs/browserLink - 200 null text/javascript; charset=UTF-8 17.9404ms
2025-11-10 16:13:06.226 +05:30 [INF] Request starting HTTP/2 GET https://localhost:7071/admin/dashboard/ordinance_master - null null
2025-11-10 16:13:06.233 +05:30 [INF] Executing endpoint 'VRSAPPUI.Areas.Admin.Controllers.DashboardController.ORDINANCE_MASTER (VRSAPPUI)'
2025-11-10 16:13:06.238 +05:30 [INF] Route matched with {area = "Admin", action = "ORDINANCE_MASTER", controller = "Dashboard"}. Executing controller action with signature System.Threading.Tasks.Task`1[Microsoft.AspNetCore.Mvc.IActionResult] ORDINANCE_MASTER(Int32, System.String) on controller VRSAPPUI.Areas.Admin.Controllers.DashboardController (VRSAPPUI).
2025-11-10 16:13:06.254 +05:30 [INF] Executing ViewResult, running view ORDINANCE_MASTER.
2025-11-10 16:13:06.273 +05:30 [INF] Executed ViewResult - view ORDINANCE_MASTER executed in 21.0444ms.
2025-11-10 16:13:06.274 +05:30 [INF] Executed action VRSAPPUI.Areas.Admin.Controllers.DashboardController.ORDINANCE_MASTER (VRSAPPUI) in 36.0998ms
2025-11-10 16:13:06.274 +05:30 [INF] Executed endpoint 'VRSAPPUI.Areas.Admin.Controllers.DashboardController.ORDINANCE_MASTER (VRSAPPUI)'
2025-11-10 16:13:06.274 +05:30 [INF] HTTP GET /admin/dashboard/ordinance_master responded 200 in 40.8929 ms
2025-11-10 16:13:06.274 +05:30 [INF] Request finished HTTP/2 GET https://localhost:7071/admin/dashboard/ordinance_master - 200 null text/html; charset=utf-8 48.2552ms
2025-11-10 16:13:06.286 +05:30 [INF] Request starting HTTP/2 GET https://localhost:7071/_framework/aspnetcore-browser-refresh.js - null null
2025-11-10 16:13:06.286 +05:30 [INF] Request starting HTTP/2 GET https://localhost:7071/_vs/browserLink - null null
2025-11-10 16:13:06.288 +05:30 [INF] Request finished HTTP/2 GET https://localhost:7071/_framework/aspnetcore-browser-refresh.js - 200 16501 application/javascript; charset=utf-8 1.806ms
2025-11-10 16:13:06.308 +05:30 [INF] Request finished HTTP/2 GET https://localhost:7071/_vs/browserLink - 200 null text/javascript; charset=UTF-8 22.1708ms
2025-11-10 16:13:08.188 +05:30 [INF] Request starting HTTP/2 GET https://localhost:7071/admin/dashboard/editpapermaster?pcode=2 - null null
2025-11-10 16:13:08.191 +05:30 [INF] Executing endpoint 'VRSAPPUI.Areas.Admin.Controllers.DashboardController.EditPaperMaster (VRSAPPUI)'
2025-11-10 16:13:08.196 +05:30 [INF] Route matched with {area = "Admin", action = "EditPaperMaster", controller = "Dashboard"}. Executing controller action with signature System.Threading.Tasks.Task`1[Microsoft.AspNetCore.Mvc.IActionResult] EditPaperMaster(System.String) on controller VRSAPPUI.Areas.Admin.Controllers.DashboardController (VRSAPPUI).
2025-11-10 16:13:15.843 +05:30 [INF] Executed action VRSAPPUI.Areas.Admin.Controllers.DashboardController.EditPaperMaster (VRSAPPUI) in 7646.3025ms
2025-11-10 16:13:15.844 +05:30 [INF] Executed endpoint 'VRSAPPUI.Areas.Admin.Controllers.DashboardController.EditPaperMaster (VRSAPPUI)'
2025-11-10 16:13:15.845 +05:30 [ERR] HTTP GET /admin/dashboard/editpapermaster responded 500 in 7653.7554 ms
System.NullReferenceException: Object reference not set to an instance of an object.
   at VRSAPPUI.Areas.Admin.Controllers.DashboardController.EditPaperMaster(String pcode) in D:\VRSAGRAERP\VRSAPPUI\Areas\Admin\Controllers\DashboardController.cs:line 163
   at Microsoft.AspNetCore.Mvc.Infrastructure.ActionMethodExecutor.TaskOfIActionResultExecutor.Execute(ActionContext actionContext, IActionResultTypeMapper mapper, ObjectMethodExecutor executor, Object controller, Object[] arguments)
   at Microsoft.AspNetCore.Mvc.Infrastructure.ControllerActionInvoker.<InvokeActionMethodAsync>g__Awaited|12_0(ControllerActionInvoker invoker, ValueTask`1 actionResultValueTask)
   at Microsoft.AspNetCore.Mvc.Infrastructure.ControllerActionInvoker.<InvokeNextActionFilterAsync>g__Awaited|10_0(ControllerActionInvoker invoker, Task lastTask, State next, Scope scope, Object state, Boolean isCompleted)
   at Microsoft.AspNetCore.Mvc.Infrastructure.ControllerActionInvoker.Rethrow(ActionExecutedContextSealed context)
   at Microsoft.AspNetCore.Mvc.Infrastructure.ControllerActionInvoker.Next(State& next, Scope& scope, Object& state, Boolean& isCompleted)
   at Microsoft.AspNetCore.Mvc.Infrastructure.ControllerActionInvoker.<InvokeInnerFilterAsync>g__Awaited|13_0(ControllerActionInvoker invoker, Task lastTask, State next, Scope scope, Object state, Boolean isCompleted)
   at Microsoft.AspNetCore.Mvc.Infrastructure.ResourceInvoker.<InvokeNextResourceFilter>g__Awaited|25_0(ResourceInvoker invoker, Task lastTask, State next, Scope scope, Object state, Boolean isCompleted)
   at Microsoft.AspNetCore.Mvc.Infrastructure.ResourceInvoker.Rethrow(ResourceExecutedContextSealed context)
   at Microsoft.AspNetCore.Mvc.Infrastructure.ResourceInvoker.Next(State& next, Scope& scope, Object& state, Boolean& isCompleted)
   at Microsoft.AspNetCore.Mvc.Infrastructure.ResourceInvoker.<InvokeFilterPipelineAsync>g__Awaited|20_0(ResourceInvoker invoker, Task lastTask, State next, Scope scope, Object state, Boolean isCompleted)
   at Microsoft.AspNetCore.Mvc.Infrastructure.ResourceInvoker.<InvokeAsync>g__Logged|17_1(ResourceInvoker invoker)
   at Microsoft.AspNetCore.Mvc.Infrastructure.ResourceInvoker.<InvokeAsync>g__Logged|17_1(ResourceInvoker invoker)
   at Microsoft.AspNetCore.Routing.EndpointMiddleware.<Invoke>g__AwaitRequestTask|7_0(Endpoint endpoint, Task requestTask, ILogger logger)
   at Serilog.AspNetCore.RequestLoggingMiddleware.Invoke(HttpContext httpContext)
2025-11-10 16:13:15.868 +05:30 [ERR] An unhandled exception has occurred while executing the request.
System.NullReferenceException: Object reference not set to an instance of an object.
   at VRSAPPUI.Areas.Admin.Controllers.DashboardController.EditPaperMaster(String pcode) in D:\VRSAGRAERP\VRSAPPUI\Areas\Admin\Controllers\DashboardController.cs:line 163
   at Microsoft.AspNetCore.Mvc.Infrastructure.ActionMethodExecutor.TaskOfIActionResultExecutor.Execute(ActionContext actionContext, IActionResultTypeMapper mapper, ObjectMethodExecutor executor, Object controller, Object[] arguments)
   at Microsoft.AspNetCore.Mvc.Infrastructure.ControllerActionInvoker.<InvokeActionMethodAsync>g__Awaited|12_0(ControllerActionInvoker invoker, ValueTask`1 actionResultValueTask)
   at Microsoft.AspNetCore.Mvc.Infrastructure.ControllerActionInvoker.<InvokeNextActionFilterAsync>g__Awaited|10_0(ControllerActionInvoker invoker, Task lastTask, State next, Scope scope, Object state, Boolean isCompleted)
   at Microsoft.AspNetCore.Mvc.Infrastructure.ControllerActionInvoker.Rethrow(ActionExecutedContextSealed context)
   at Microsoft.AspNetCore.Mvc.Infrastructure.ControllerActionInvoker.Next(State& next, Scope& scope, Object& state, Boolean& isCompleted)
   at Microsoft.AspNetCore.Mvc.Infrastructure.ControllerActionInvoker.<InvokeInnerFilterAsync>g__Awaited|13_0(ControllerActionInvoker invoker, Task lastTask, State next, Scope scope, Object state, Boolean isCompleted)
   at Microsoft.AspNetCore.Mvc.Infrastructure.ResourceInvoker.<InvokeNextResourceFilter>g__Awaited|25_0(ResourceInvoker invoker, Task lastTask, State next, Scope scope, Object state, Boolean isCompleted)
   at Microsoft.AspNetCore.Mvc.Infrastructure.ResourceInvoker.Rethrow(ResourceExecutedContextSealed context)
   at Microsoft.AspNetCore.Mvc.Infrastructure.ResourceInvoker.Next(State& next, Scope& scope, Object& state, Boolean& isCompleted)
   at Microsoft.AspNetCore.Mvc.Infrastructure.ResourceInvoker.<InvokeFilterPipelineAsync>g__Awaited|20_0(ResourceInvoker invoker, Task lastTask, State next, Scope scope, Object state, Boolean isCompleted)
   at Microsoft.AspNetCore.Mvc.Infrastructure.ResourceInvoker.<InvokeAsync>g__Logged|17_1(ResourceInvoker invoker)
   at Microsoft.AspNetCore.Mvc.Infrastructure.ResourceInvoker.<InvokeAsync>g__Logged|17_1(ResourceInvoker invoker)
   at Microsoft.AspNetCore.Routing.EndpointMiddleware.<Invoke>g__AwaitRequestTask|7_0(Endpoint endpoint, Task requestTask, ILogger logger)
   at Serilog.AspNetCore.RequestLoggingMiddleware.Invoke(HttpContext httpContext)
   at Microsoft.AspNetCore.Authorization.AuthorizationMiddleware.Invoke(HttpContext context)
   at Microsoft.AspNetCore.Authentication.AuthenticationMiddleware.Invoke(HttpContext context)
   at Microsoft.AspNetCore.Session.SessionMiddleware.Invoke(HttpContext context)
   at Microsoft.AspNetCore.Session.SessionMiddleware.Invoke(HttpContext context)
   at Microsoft.AspNetCore.Diagnostics.DeveloperExceptionPageMiddlewareImpl.Invoke(HttpContext context)
2025-11-10 16:13:15.951 +05:30 [INF] Request finished HTTP/2 GET https://localhost:7071/admin/dashboard/editpapermaster?pcode=2 - 500 null text/html; charset=utf-8 7762.9822ms
2025-11-10 16:13:15.960 +05:30 [INF] Request starting HTTP/2 GET https://localhost:7071/_framework/aspnetcore-browser-refresh.js - null null
2025-11-10 16:13:15.961 +05:30 [INF] Request starting HTTP/2 GET https://localhost:7071/_vs/browserLink - null null
2025-11-10 16:13:15.962 +05:30 [INF] Request finished HTTP/2 GET https://localhost:7071/_framework/aspnetcore-browser-refresh.js - 200 16501 application/javascript; charset=utf-8 1.8293ms
2025-11-10 16:13:15.985 +05:30 [INF] Request finished HTTP/2 GET https://localhost:7071/_vs/browserLink - 200 null text/javascript; charset=UTF-8 24.3413ms
