2025-11-19 10:51:44.014 +05:30 [INF] Now listening on: https://localhost:7071
2025-11-19 10:51:44.056 +05:30 [INF] Now listening on: http://localhost:5290
2025-11-19 10:51:44.137 +05:30 [INF] Application started. Press Ctrl+C to shut down.
2025-11-19 10:51:44.137 +05:30 [INF] Hosting environment: Development
2025-11-19 10:51:44.137 +05:30 [INF] Content root path: D:\VRSAGRAERP\VRSAPPUI
2025-11-19 10:51:46.710 +05:30 [INF] Request starting HTTP/2 GET https://localhost:7071/ - null null
2025-11-19 10:51:46.989 +05:30 [INF] Executing endpoint 'VRSAPPUI.Controllers.HomeController.Index (VRSAPPUI)'
2025-11-19 10:51:47.024 +05:30 [INF] Route matched with {action = "Index", controller = "Home", area = ""}. Executing controller action with signature System.Threading.Tasks.Task`1[Microsoft.AspNetCore.Mvc.IActionResult] Index() on controller VRSAPPUI.Controllers.HomeController (VRSAPPUI).
2025-11-19 10:51:55.133 +05:30 [INF] Executing ViewResult, running view Index.
2025-11-19 10:51:55.312 +05:30 [INF] Executed ViewResult - view Index executed in 185.2431ms.
2025-11-19 10:51:55.316 +05:30 [INF] Executed action VRSAPPUI.Controllers.HomeController.Index (VRSAPPUI) in 8290.689ms
2025-11-19 10:51:55.317 +05:30 [INF] Executed endpoint 'VRSAPPUI.Controllers.HomeController.Index (VRSAPPUI)'
2025-11-19 10:51:55.321 +05:30 [INF] HTTP GET / responded 200 in 8331.2178 ms
2025-11-19 10:51:55.336 +05:30 [INF] Request finished HTTP/2 GET https://localhost:7071/ - 200 null text/html; charset=utf-8 8636.514ms
2025-11-19 10:51:55.451 +05:30 [INF] Request starting HTTP/2 GET https://localhost:7071/_framework/aspnetcore-browser-refresh.js - null null
2025-11-19 10:51:55.459 +05:30 [INF] Request finished HTTP/2 GET https://localhost:7071/_framework/aspnetcore-browser-refresh.js - 200 16501 application/javascript; charset=utf-8 7.9678ms
2025-11-19 10:51:55.719 +05:30 [INF] Request starting HTTP/2 GET https://localhost:7071/_vs/browserLink - null null
2025-11-19 10:51:55.734 +05:30 [INF] Request starting HTTP/2 GET https://localhost:7071/images/home-bg.webp - null null
2025-11-19 10:51:55.748 +05:30 [INF] HTTP GET /images/home-bg.webp responded 404 in 0.2668 ms
2025-11-19 10:51:55.749 +05:30 [INF] Request finished HTTP/2 GET https://localhost:7071/images/home-bg.webp - 404 0 null 15.7067ms
2025-11-19 10:51:55.750 +05:30 [INF] Request reached the end of the middleware pipeline without being handled by application code. Request path: GET https://localhost:7071/images/home-bg.webp, Response status code: 404
2025-11-19 10:51:55.823 +05:30 [INF] Request finished HTTP/2 GET https://localhost:7071/_vs/browserLink - 200 null text/javascript; charset=UTF-8 104.4416ms
2025-11-19 10:52:38.386 +05:30 [INF] Request starting HTTP/2 GET https://localhost:7071/admin/login - null null
2025-11-19 10:52:38.405 +05:30 [INF] Executing endpoint 'VRSAPPUI.Areas.Admin.Controllers.AccountController.Login (VRSAPPUI)'
2025-11-19 10:52:38.413 +05:30 [INF] Route matched with {area = "Admin", action = "Login", controller = "Account"}. Executing controller action with signature Microsoft.AspNetCore.Mvc.IActionResult Login(System.String) on controller VRSAPPUI.Areas.Admin.Controllers.AccountController (VRSAPPUI).
2025-11-19 10:52:38.437 +05:30 [INF] Executing ViewResult, running view Login.
2025-11-19 10:52:38.609 +05:30 [INF] Executed ViewResult - view Login executed in 172.2021ms.
2025-11-19 10:52:38.611 +05:30 [INF] Executed action VRSAPPUI.Areas.Admin.Controllers.AccountController.Login (VRSAPPUI) in 197.3856ms
2025-11-19 10:52:38.611 +05:30 [INF] Executed endpoint 'VRSAPPUI.Areas.Admin.Controllers.AccountController.Login (VRSAPPUI)'
2025-11-19 10:52:38.616 +05:30 [INF] HTTP GET /admin/login responded 200 in 210.8927 ms
2025-11-19 10:52:38.620 +05:30 [INF] Request finished HTTP/2 GET https://localhost:7071/admin/login - 200 null text/html; charset=utf-8 234.054ms
2025-11-19 10:52:38.641 +05:30 [INF] Request starting HTTP/2 GET https://localhost:7071/_framework/aspnetcore-browser-refresh.js - null null
2025-11-19 10:52:38.642 +05:30 [INF] Request finished HTTP/2 GET https://localhost:7071/_framework/aspnetcore-browser-refresh.js - 200 16501 application/javascript; charset=utf-8 2.082ms
2025-11-19 10:52:38.672 +05:30 [INF] Request starting HTTP/2 GET https://localhost:7071/_vs/browserLink - null null
2025-11-19 10:52:38.690 +05:30 [INF] Request finished HTTP/2 GET https://localhost:7071/_vs/browserLink - 200 null text/javascript; charset=UTF-8 18.2182ms
2025-11-19 10:52:40.259 +05:30 [INF] Request starting HTTP/2 POST https://localhost:7071/admin/login - application/json; charset=UTF-8 37
2025-11-19 10:52:40.264 +05:30 [INF] CORS policy execution successful.
2025-11-19 10:52:40.265 +05:30 [INF] Executing endpoint 'VRSAPPUI.Areas.Admin.Controllers.AccountController.Login (VRSAPPUI)'
2025-11-19 10:52:40.269 +05:30 [INF] Route matched with {area = "Admin", action = "Login", controller = "Account"}. Executing controller action with signature System.Threading.Tasks.Task`1[Microsoft.AspNetCore.Mvc.IActionResult] Login(VRSMODEL.DTO.LoginDTO, System.String) on controller VRSAPPUI.Areas.Admin.Controllers.AccountController (VRSAPPUI).
2025-11-19 10:52:41.134 +05:30 [WRN] No store type was specified for the decimal property 'Sequence' on entity type 'NewMasters'. This will cause values to be silently truncated if they do not fit in the default precision and scale. Explicitly specify the SQL server column type that can accommodate all the values in 'OnModelCreating' using 'HasColumnType', specify precision and scale using 'HasPrecision', or configure a value converter using 'HasConversion'.
2025-11-19 10:52:42.714 +05:30 [INF] Executed DbCommand (192ms) [Parameters=[@__admin_AdminId_0='?' (DbType = Int32)], CommandType='"Text"', CommandTimeout='30']
SELECT [r].[RoleName]
FROM [Roles] AS [r]
INNER JOIN [AdminMasterRoles] AS [a] ON [r].[RoleId] = [a].[RoleId]
WHERE [a].[AdminId] = @__admin_AdminId_0
2025-11-19 10:52:42.846 +05:30 [INF] AuthenticationScheme: Cookies signed in.
2025-11-19 10:52:42.847 +05:30 [INF] Executing JsonResult, writing value of type 'System.String'.
2025-11-19 10:52:42.849 +05:30 [INF] Executed action VRSAPPUI.Areas.Admin.Controllers.AccountController.Login (VRSAPPUI) in 2579.1963ms
2025-11-19 10:52:42.849 +05:30 [INF] Executed endpoint 'VRSAPPUI.Areas.Admin.Controllers.AccountController.Login (VRSAPPUI)'
2025-11-19 10:52:42.849 +05:30 [INF] HTTP POST /admin/login responded 200 in 2583.8157 ms
2025-11-19 10:52:42.852 +05:30 [INF] Request finished HTTP/2 POST https://localhost:7071/admin/login - 200 null application/json; charset=utf-8 2593.4866ms
2025-11-19 10:52:42.863 +05:30 [INF] Request starting HTTP/2 GET https://localhost:7071/admin/dashboard - null null
2025-11-19 10:52:42.869 +05:30 [INF] Executing endpoint 'VRSAPPUI.Areas.Admin.Controllers.DashboardController.Index (VRSAPPUI)'
2025-11-19 10:52:42.873 +05:30 [INF] Route matched with {area = "Admin", action = "Index", controller = "Dashboard"}. Executing controller action with signature System.Threading.Tasks.Task`1[Microsoft.AspNetCore.Mvc.IActionResult] Index() on controller VRSAPPUI.Areas.Admin.Controllers.DashboardController (VRSAPPUI).
2025-11-19 10:52:42.910 +05:30 [INF] Executing ViewResult, running view Index.
2025-11-19 10:52:42.947 +05:30 [INF] Executed ViewResult - view Index executed in 37.0715ms.
2025-11-19 10:52:42.947 +05:30 [INF] Executed action VRSAPPUI.Areas.Admin.Controllers.DashboardController.Index (VRSAPPUI) in 74.1527ms
2025-11-19 10:52:42.947 +05:30 [INF] Executed endpoint 'VRSAPPUI.Areas.Admin.Controllers.DashboardController.Index (VRSAPPUI)'
2025-11-19 10:52:42.947 +05:30 [INF] HTTP GET /admin/dashboard responded 200 in 77.8842 ms
2025-11-19 10:52:42.947 +05:30 [INF] Request finished HTTP/2 GET https://localhost:7071/admin/dashboard - 200 null text/html; charset=utf-8 84.9637ms
2025-11-19 10:52:43.065 +05:30 [INF] Request starting HTTP/2 GET https://localhost:7071/_framework/aspnetcore-browser-refresh.js - null null
2025-11-19 10:52:43.066 +05:30 [INF] Request finished HTTP/2 GET https://localhost:7071/_framework/aspnetcore-browser-refresh.js - 200 16501 application/javascript; charset=utf-8 2.1884ms
2025-11-19 10:52:43.067 +05:30 [INF] Request starting HTTP/2 GET https://localhost:7071/pageui/plugins/select2/js/select2.full.min.js - null null
2025-11-19 10:52:43.074 +05:30 [INF] The file /pageui/plugins/select2/js/select2.full.min.js was not modified
2025-11-19 10:52:43.075 +05:30 [INF] Request finished HTTP/2 GET https://localhost:7071/pageui/plugins/select2/js/select2.full.min.js - 304 null text/javascript 8.0444ms
2025-11-19 10:52:43.167 +05:30 [INF] Request starting HTTP/2 GET https://localhost:7071/_vs/browserLink - null null
2025-11-19 10:52:43.185 +05:30 [INF] Request finished HTTP/2 GET https://localhost:7071/_vs/browserLink - 200 null text/javascript; charset=UTF-8 17.8485ms
2025-11-19 10:53:21.674 +05:30 [INF] Request starting HTTP/2 GET https://localhost:7071/Admin/Dashboard/CheckResultData?RollNumber=2500040010617 - null null
2025-11-19 10:53:21.684 +05:30 [INF] Executing endpoint 'VRSAPPUI.Areas.Admin.Controllers.DashboardController.CheckResultData (VRSAPPUI)'
2025-11-19 10:53:21.689 +05:30 [INF] Route matched with {area = "Admin", action = "CheckResultData", controller = "Dashboard"}. Executing controller action with signature System.Threading.Tasks.Task`1[Microsoft.AspNetCore.Mvc.IActionResult] CheckResultData(System.String) on controller VRSAPPUI.Areas.Admin.Controllers.DashboardController (VRSAPPUI).
2025-11-19 10:53:23.620 +05:30 [INF] Executing PartialViewResult, running view _PageData.
2025-11-19 10:53:23.644 +05:30 [INF] Executed PartialViewResult - view _PageData executed in 26.0252ms.
2025-11-19 10:53:23.645 +05:30 [INF] Executed action VRSAPPUI.Areas.Admin.Controllers.DashboardController.CheckResultData (VRSAPPUI) in 1955.9222ms
2025-11-19 10:53:23.645 +05:30 [INF] Executed endpoint 'VRSAPPUI.Areas.Admin.Controllers.DashboardController.CheckResultData (VRSAPPUI)'
2025-11-19 10:53:23.645 +05:30 [INF] HTTP GET /Admin/Dashboard/CheckResultData responded 200 in 1960.4660 ms
2025-11-19 10:53:23.645 +05:30 [WRN] Unable to configure Browser Link script injection on the response. 
2025-11-19 10:53:23.646 +05:30 [INF] Request finished HTTP/2 GET https://localhost:7071/Admin/Dashboard/CheckResultData?RollNumber=2500040010617 - 200 null text/html; charset=utf-8 1971.729ms
2025-11-19 11:02:21.612 +05:30 [INF] Request starting HTTP/2 GET https://localhost:7071/Admin/Dashboard/GetMarksData?roll=2500040010617&&sem_no=2&&course_id=112&&sessionname=2024-25&&exam_type=REGULAR - null null
2025-11-19 11:02:21.633 +05:30 [INF] HTTP GET /Admin/Dashboard/GetMarksData responded 404 in 0.0134 ms
2025-11-19 11:02:21.633 +05:30 [INF] Request finished HTTP/2 GET https://localhost:7071/Admin/Dashboard/GetMarksData?roll=2500040010617&&sem_no=2&&course_id=112&&sessionname=2024-25&&exam_type=REGULAR - 404 0 null 21.9477ms
2025-11-19 11:02:21.633 +05:30 [INF] Request reached the end of the middleware pipeline without being handled by application code. Request path: GET https://localhost:7071/Admin/Dashboard/GetMarksData, Response status code: 404
2025-11-19 11:02:22.681 +05:30 [INF] Request starting HTTP/2 GET https://localhost:7071/Admin/Dashboard/GetMarksData?roll=2500040010617&&sem_no=2&&course_id=112&&sessionname=2024-25&&exam_type=REGULAR - null null
2025-11-19 11:02:22.684 +05:30 [INF] HTTP GET /Admin/Dashboard/GetMarksData responded 404 in 0.0152 ms
2025-11-19 11:02:22.685 +05:30 [INF] Request finished HTTP/2 GET https://localhost:7071/Admin/Dashboard/GetMarksData?roll=2500040010617&&sem_no=2&&course_id=112&&sessionname=2024-25&&exam_type=REGULAR - 404 0 null 3.9745ms
2025-11-19 11:02:22.685 +05:30 [INF] Request reached the end of the middleware pipeline without being handled by application code. Request path: GET https://localhost:7071/Admin/Dashboard/GetMarksData, Response status code: 404
2025-11-19 11:02:23.152 +05:30 [INF] Request starting HTTP/2 GET https://localhost:7071/Admin/Dashboard/GetMarksData?roll=2500040010617&&sem_no=2&&course_id=112&&sessionname=2024-25&&exam_type=REGULAR - null null
2025-11-19 11:02:23.155 +05:30 [INF] HTTP GET /Admin/Dashboard/GetMarksData responded 404 in 0.0100 ms
2025-11-19 11:02:23.155 +05:30 [INF] Request finished HTTP/2 GET https://localhost:7071/Admin/Dashboard/GetMarksData?roll=2500040010617&&sem_no=2&&course_id=112&&sessionname=2024-25&&exam_type=REGULAR - 404 0 null 2.9545ms
2025-11-19 11:02:23.155 +05:30 [INF] Request reached the end of the middleware pipeline without being handled by application code. Request path: GET https://localhost:7071/Admin/Dashboard/GetMarksData, Response status code: 404
2025-11-19 15:15:50.651 +05:30 [INF] Request starting HTTP/2 GET https://localhost:7071/admin/dashboard/coursemasterrule - null null
2025-11-19 15:15:50.764 +05:30 [INF] Executing endpoint 'VRSAPPUI.Areas.Admin.Controllers.DashboardController.CourseMasterRule (VRSAPPUI)'
2025-11-19 15:15:50.824 +05:30 [INF] Route matched with {area = "Admin", action = "CourseMasterRule", controller = "Dashboard"}. Executing controller action with signature System.Threading.Tasks.Task`1[Microsoft.AspNetCore.Mvc.IActionResult] CourseMasterRule() on controller VRSAPPUI.Areas.Admin.Controllers.DashboardController (VRSAPPUI).
2025-11-19 15:15:51.284 +05:30 [INF] Executing ViewResult, running view CourseMasterRule.
2025-11-19 15:15:51.729 +05:30 [INF] Executed ViewResult - view CourseMasterRule executed in 451.3605ms.
2025-11-19 15:15:51.730 +05:30 [INF] Executed action VRSAPPUI.Areas.Admin.Controllers.DashboardController.CourseMasterRule (VRSAPPUI) in 905.5589ms
2025-11-19 15:15:51.730 +05:30 [INF] Executed endpoint 'VRSAPPUI.Areas.Admin.Controllers.DashboardController.CourseMasterRule (VRSAPPUI)'
2025-11-19 15:15:51.730 +05:30 [INF] HTTP GET /admin/dashboard/coursemasterrule responded 200 in 967.9710 ms
2025-11-19 15:15:51.738 +05:30 [INF] Request finished HTTP/2 GET https://localhost:7071/admin/dashboard/coursemasterrule - 200 null text/html; charset=utf-8 1090.8723ms
2025-11-19 15:15:51.932 +05:30 [INF] Request starting HTTP/2 GET https://localhost:7071/_framework/aspnetcore-browser-refresh.js - null null
2025-11-19 15:15:51.935 +05:30 [INF] Request finished HTTP/2 GET https://localhost:7071/_framework/aspnetcore-browser-refresh.js - 200 16501 application/javascript; charset=utf-8 2.9503ms
2025-11-19 15:15:51.978 +05:30 [INF] Request starting HTTP/2 GET https://localhost:7071/_vs/browserLink - null null
2025-11-19 15:15:52.004 +05:30 [INF] Request finished HTTP/2 GET https://localhost:7071/_vs/browserLink - 200 null text/javascript; charset=UTF-8 26.7087ms
2025-11-19 15:15:54.079 +05:30 [INF] Request starting HTTP/2 GET https://localhost:7071/admin/dashboard/ordinance_apply - null null
2025-11-19 15:15:54.082 +05:30 [INF] Executing endpoint 'VRSAPPUI.Areas.Admin.Controllers.DashboardController.Ordinance_Apply (VRSAPPUI)'
2025-11-19 15:15:54.089 +05:30 [INF] Route matched with {area = "Admin", action = "Ordinance_Apply", controller = "Dashboard"}. Executing controller action with signature System.Threading.Tasks.Task`1[Microsoft.AspNetCore.Mvc.IActionResult] Ordinance_Apply(System.String, System.String, System.String, System.String, Int32) on controller VRSAPPUI.Areas.Admin.Controllers.DashboardController (VRSAPPUI).
2025-11-19 15:15:54.739 +05:30 [INF] Executing ViewResult, running view Ordinance_Apply.
2025-11-19 15:15:54.865 +05:30 [INF] Executed ViewResult - view Ordinance_Apply executed in 126.7363ms.
2025-11-19 15:15:54.865 +05:30 [INF] Executed action VRSAPPUI.Areas.Admin.Controllers.DashboardController.Ordinance_Apply (VRSAPPUI) in 775.96ms
2025-11-19 15:15:54.865 +05:30 [INF] Executed endpoint 'VRSAPPUI.Areas.Admin.Controllers.DashboardController.Ordinance_Apply (VRSAPPUI)'
2025-11-19 15:15:54.865 +05:30 [INF] HTTP GET /admin/dashboard/ordinance_apply responded 200 in 783.3180 ms
2025-11-19 15:15:54.866 +05:30 [INF] Request finished HTTP/2 GET https://localhost:7071/admin/dashboard/ordinance_apply - 200 null text/html; charset=utf-8 788.0253ms
2025-11-19 15:15:54.896 +05:30 [INF] Request starting HTTP/2 GET https://localhost:7071/js/AdminJs/OrdinanceApply.js?v=XNPARFmItnfgQlUhKONzIcByMxKXJxGaEiFNWNZcrE4 - null null
2025-11-19 15:15:54.902 +05:30 [INF] Request starting HTTP/2 GET https://localhost:7071/_vs/browserLink - null null
2025-11-19 15:15:54.902 +05:30 [INF] Request starting HTTP/2 GET https://localhost:7071/_framework/aspnetcore-browser-refresh.js - null null
2025-11-19 15:15:54.903 +05:30 [INF] Request finished HTTP/2 GET https://localhost:7071/_framework/aspnetcore-browser-refresh.js - 200 16501 application/javascript; charset=utf-8 1.4236ms
2025-11-19 15:15:54.915 +05:30 [INF] The file /js/AdminJs/OrdinanceApply.js was not modified
2025-11-19 15:15:54.915 +05:30 [INF] Request finished HTTP/2 GET https://localhost:7071/js/AdminJs/OrdinanceApply.js?v=XNPARFmItnfgQlUhKONzIcByMxKXJxGaEiFNWNZcrE4 - 304 null text/javascript 19.1059ms
2025-11-19 15:15:54.937 +05:30 [INF] Request finished HTTP/2 GET https://localhost:7071/_vs/browserLink - 200 null text/javascript; charset=UTF-8 35.4986ms
2025-11-19 15:19:13.528 +05:30 [INF] Request starting HTTP/2 GET https://localhost:7071/admin/dashboard/ordinance_apply?SESSION_ID=2020-21&COURSE_ID=101&IS_RW=on&EXAM_TYPE_ID=EX-STUDENT - null null
2025-11-19 15:19:13.548 +05:30 [INF] Executing endpoint 'VRSAPPUI.Areas.Admin.Controllers.DashboardController.Ordinance_Apply (VRSAPPUI)'
2025-11-19 15:19:13.557 +05:30 [INF] Route matched with {area = "Admin", action = "Ordinance_Apply", controller = "Dashboard"}. Executing controller action with signature System.Threading.Tasks.Task`1[Microsoft.AspNetCore.Mvc.IActionResult] Ordinance_Apply(System.String, System.String, System.String, System.String, Int32) on controller VRSAPPUI.Areas.Admin.Controllers.DashboardController (VRSAPPUI).
2025-11-19 15:19:13.983 +05:30 [INF] Executing ViewResult, running view Ordinance_Apply.
2025-11-19 15:19:14.007 +05:30 [INF] Executed ViewResult - view Ordinance_Apply executed in 24.0045ms.
2025-11-19 15:19:14.007 +05:30 [INF] Executed action VRSAPPUI.Areas.Admin.Controllers.DashboardController.Ordinance_Apply (VRSAPPUI) in 450.3602ms
2025-11-19 15:19:14.007 +05:30 [INF] Executed endpoint 'VRSAPPUI.Areas.Admin.Controllers.DashboardController.Ordinance_Apply (VRSAPPUI)'
2025-11-19 15:19:14.007 +05:30 [INF] HTTP GET /admin/dashboard/ordinance_apply responded 200 in 459.7558 ms
2025-11-19 15:19:14.008 +05:30 [INF] Request finished HTTP/2 GET https://localhost:7071/admin/dashboard/ordinance_apply?SESSION_ID=2020-21&COURSE_ID=101&IS_RW=on&EXAM_TYPE_ID=EX-STUDENT - 200 null text/html; charset=utf-8 480.5915ms
2025-11-19 15:19:14.027 +05:30 [INF] Request starting HTTP/2 GET https://localhost:7071/_framework/aspnetcore-browser-refresh.js - null null
2025-11-19 15:19:14.027 +05:30 [INF] Request starting HTTP/2 GET https://localhost:7071/_vs/browserLink - null null
2025-11-19 15:19:14.029 +05:30 [INF] Request finished HTTP/2 GET https://localhost:7071/_framework/aspnetcore-browser-refresh.js - 200 16501 application/javascript; charset=utf-8 1.6969ms
2025-11-19 15:19:14.047 +05:30 [INF] Request finished HTTP/2 GET https://localhost:7071/_vs/browserLink - 200 null text/javascript; charset=UTF-8 19.8512ms
2025-11-19 15:19:17.970 +05:30 [INF] Request starting HTTP/2 POST https://localhost:7071/admin/dashboard/applyordinance - multipart/form-data; boundary=----WebKitFormBoundaryGAmhzGy6UkjvZisz 660
2025-11-19 15:19:17.973 +05:30 [INF] CORS policy execution successful.
2025-11-19 15:19:17.974 +05:30 [INF] Executing endpoint 'VRSAPPUI.Areas.Admin.Controllers.DashboardController.ApplyOrdinance (VRSAPPUI)'
2025-11-19 15:19:17.989 +05:30 [INF] Route matched with {area = "Admin", action = "ApplyOrdinance", controller = "Dashboard"}. Executing controller action with signature System.Threading.Tasks.Task`1[Microsoft.AspNetCore.Mvc.IActionResult] ApplyOrdinance(VRSMODEL.DTO.ORDINANCE_APPLY_AM_DTO, System.String) on controller VRSAPPUI.Areas.Admin.Controllers.DashboardController (VRSAPPUI).
2025-11-19 15:19:33.083 +05:30 [INF] Executing JsonResult, writing value of type 'VRSMODEL.DTO.Result.FormResponse'.
2025-11-19 15:19:33.099 +05:30 [INF] Executed action VRSAPPUI.Areas.Admin.Controllers.DashboardController.ApplyOrdinance (VRSAPPUI) in 15109.7123ms
2025-11-19 15:19:33.099 +05:30 [INF] Executed endpoint 'VRSAPPUI.Areas.Admin.Controllers.DashboardController.ApplyOrdinance (VRSAPPUI)'
2025-11-19 15:19:33.099 +05:30 [INF] HTTP POST /admin/dashboard/applyordinance responded 200 in 15125.7317 ms
2025-11-19 15:19:33.100 +05:30 [INF] Request finished HTTP/2 POST https://localhost:7071/admin/dashboard/applyordinance - 200 null application/json; charset=utf-8 15130.0714ms
2025-11-19 15:19:43.308 +05:30 [INF] Request starting HTTP/2 POST https://localhost:7071/admin/dashboard/applyordinance - multipart/form-data; boundary=----WebKitFormBoundary5RYRbEBQk0PKj33y 665
2025-11-19 15:19:43.308 +05:30 [INF] CORS policy execution successful.
2025-11-19 15:19:43.310 +05:30 [INF] Executing endpoint 'VRSAPPUI.Areas.Admin.Controllers.DashboardController.ApplyOrdinance (VRSAPPUI)'
2025-11-19 15:19:43.310 +05:30 [INF] Route matched with {area = "Admin", action = "ApplyOrdinance", controller = "Dashboard"}. Executing controller action with signature System.Threading.Tasks.Task`1[Microsoft.AspNetCore.Mvc.IActionResult] ApplyOrdinance(VRSMODEL.DTO.ORDINANCE_APPLY_AM_DTO, System.String) on controller VRSAPPUI.Areas.Admin.Controllers.DashboardController (VRSAPPUI).
2025-11-19 15:29:42.492 +05:30 [INF] Executing JsonResult, writing value of type 'VRSMODEL.DTO.Result.FormResponse'.
2025-11-19 15:29:42.492 +05:30 [INF] Executed action VRSAPPUI.Areas.Admin.Controllers.DashboardController.ApplyOrdinance (VRSAPPUI) in 599181.6204ms
2025-11-19 15:29:42.492 +05:30 [INF] Executed endpoint 'VRSAPPUI.Areas.Admin.Controllers.DashboardController.ApplyOrdinance (VRSAPPUI)'
2025-11-19 15:29:42.492 +05:30 [INF] HTTP POST /admin/dashboard/applyordinance responded 200 in 599182.1713 ms
2025-11-19 15:29:42.492 +05:30 [INF] Request finished HTTP/2 POST https://localhost:7071/admin/dashboard/applyordinance - 200 null application/json; charset=utf-8 599184.8089ms
2025-11-19 15:29:43.375 +05:30 [INF] Request starting HTTP/2 GET https://localhost:7071/admin/dashboard/ordinance_apply?SESSION_ID=2020-21&COURSE_ID=101&IS_RW=on&EXAM_TYPE_ID=EX-STUDENT - null null
2025-11-19 15:29:43.387 +05:30 [INF] Executing endpoint 'VRSAPPUI.Areas.Admin.Controllers.DashboardController.Ordinance_Apply (VRSAPPUI)'
2025-11-19 15:29:43.387 +05:30 [INF] Route matched with {area = "Admin", action = "Ordinance_Apply", controller = "Dashboard"}. Executing controller action with signature System.Threading.Tasks.Task`1[Microsoft.AspNetCore.Mvc.IActionResult] Ordinance_Apply(System.String, System.String, System.String, System.String, Int32) on controller VRSAPPUI.Areas.Admin.Controllers.DashboardController (VRSAPPUI).
2025-11-19 15:29:43.793 +05:30 [INF] Executing ViewResult, running view Ordinance_Apply.
2025-11-19 15:29:43.813 +05:30 [INF] Executed ViewResult - view Ordinance_Apply executed in 20.5188ms.
2025-11-19 15:29:43.814 +05:30 [INF] Executed action VRSAPPUI.Areas.Admin.Controllers.DashboardController.Ordinance_Apply (VRSAPPUI) in 426.5954ms
2025-11-19 15:29:43.814 +05:30 [INF] Executed endpoint 'VRSAPPUI.Areas.Admin.Controllers.DashboardController.Ordinance_Apply (VRSAPPUI)'
2025-11-19 15:29:43.814 +05:30 [INF] HTTP GET /admin/dashboard/ordinance_apply responded 200 in 427.4169 ms
2025-11-19 15:29:43.814 +05:30 [INF] Request finished HTTP/2 GET https://localhost:7071/admin/dashboard/ordinance_apply?SESSION_ID=2020-21&COURSE_ID=101&IS_RW=on&EXAM_TYPE_ID=EX-STUDENT - 200 null text/html; charset=utf-8 439.974ms
2025-11-19 15:29:43.831 +05:30 [INF] Request starting HTTP/2 GET https://localhost:7071/_framework/aspnetcore-browser-refresh.js - null null
2025-11-19 15:29:43.832 +05:30 [INF] Request finished HTTP/2 GET https://localhost:7071/_framework/aspnetcore-browser-refresh.js - 200 16501 application/javascript; charset=utf-8 1.9164ms
2025-11-19 15:29:43.869 +05:30 [INF] Request starting HTTP/2 GET https://localhost:7071/_vs/browserLink - null null
2025-11-19 15:29:43.887 +05:30 [INF] Request finished HTTP/2 GET https://localhost:7071/_vs/browserLink - 200 null text/javascript; charset=UTF-8 18.1557ms
2025-11-19 15:29:46.104 +05:30 [INF] Request starting HTTP/2 GET https://localhost:7071/admin/dashboard/ordinance_master - null null
2025-11-19 15:29:46.107 +05:30 [INF] Executing endpoint 'VRSAPPUI.Areas.Admin.Controllers.DashboardController.ORDINANCE_MASTER (VRSAPPUI)'
2025-11-19 15:29:46.110 +05:30 [INF] Route matched with {area = "Admin", action = "ORDINANCE_MASTER", controller = "Dashboard"}. Executing controller action with signature System.Threading.Tasks.Task`1[Microsoft.AspNetCore.Mvc.IActionResult] ORDINANCE_MASTER(Int32, System.String) on controller VRSAPPUI.Areas.Admin.Controllers.DashboardController (VRSAPPUI).
2025-11-19 15:29:46.126 +05:30 [INF] Executing ViewResult, running view ORDINANCE_MASTER.
2025-11-19 15:29:46.160 +05:30 [INF] Executed ViewResult - view ORDINANCE_MASTER executed in 34.8044ms.
2025-11-19 15:29:46.160 +05:30 [INF] Executed action VRSAPPUI.Areas.Admin.Controllers.DashboardController.ORDINANCE_MASTER (VRSAPPUI) in 49.8763ms
2025-11-19 15:29:46.160 +05:30 [INF] Executed endpoint 'VRSAPPUI.Areas.Admin.Controllers.DashboardController.ORDINANCE_MASTER (VRSAPPUI)'
2025-11-19 15:29:46.160 +05:30 [INF] HTTP GET /admin/dashboard/ordinance_master responded 200 in 53.0997 ms
2025-11-19 15:29:46.161 +05:30 [INF] Request finished HTTP/2 GET https://localhost:7071/admin/dashboard/ordinance_master - 200 null text/html; charset=utf-8 56.9883ms
2025-11-19 15:29:46.183 +05:30 [INF] Request starting HTTP/2 GET https://localhost:7071/_framework/aspnetcore-browser-refresh.js - null null
2025-11-19 15:29:46.183 +05:30 [INF] Request starting HTTP/2 GET https://localhost:7071/_vs/browserLink - null null
2025-11-19 15:29:46.185 +05:30 [INF] Request finished HTTP/2 GET https://localhost:7071/_framework/aspnetcore-browser-refresh.js - 200 16501 application/javascript; charset=utf-8 2.675ms
2025-11-19 15:29:46.202 +05:30 [INF] Request finished HTTP/2 GET https://localhost:7071/_vs/browserLink - 200 null text/javascript; charset=UTF-8 19.3934ms
2025-11-19 15:29:47.795 +05:30 [INF] Request starting HTTP/2 GET https://localhost:7071/admin/dashboard/manageordinancemaster - null null
2025-11-19 15:29:47.805 +05:30 [INF] Executing endpoint 'VRSAPPUI.Areas.Admin.Controllers.DashboardController.ManageOrdinanceMaster (VRSAPPUI)'
2025-11-19 15:29:47.808 +05:30 [INF] Route matched with {area = "Admin", action = "ManageOrdinanceMaster", controller = "Dashboard"}. Executing controller action with signature System.Threading.Tasks.Task`1[Microsoft.AspNetCore.Mvc.IActionResult] ManageOrdinanceMaster() on controller VRSAPPUI.Areas.Admin.Controllers.DashboardController (VRSAPPUI).
2025-11-19 15:29:47.828 +05:30 [INF] Executing ViewResult, running view ManageOrdinanceMaster.
2025-11-19 15:29:47.881 +05:30 [INF] Executed ViewResult - view ManageOrdinanceMaster executed in 53.7567ms.
2025-11-19 15:29:47.881 +05:30 [INF] Executed action VRSAPPUI.Areas.Admin.Controllers.DashboardController.ManageOrdinanceMaster (VRSAPPUI) in 72.665ms
2025-11-19 15:29:47.881 +05:30 [INF] Executed endpoint 'VRSAPPUI.Areas.Admin.Controllers.DashboardController.ManageOrdinanceMaster (VRSAPPUI)'
2025-11-19 15:29:47.881 +05:30 [INF] HTTP GET /admin/dashboard/manageordinancemaster responded 200 in 76.2718 ms
2025-11-19 15:29:47.881 +05:30 [INF] Request finished HTTP/2 GET https://localhost:7071/admin/dashboard/manageordinancemaster - 200 null text/html; charset=utf-8 85.8844ms
2025-11-19 15:29:47.899 +05:30 [INF] Request starting HTTP/2 GET https://localhost:7071/_framework/aspnetcore-browser-refresh.js - null null
2025-11-19 15:29:47.901 +05:30 [INF] Request starting HTTP/2 GET https://localhost:7071/_vs/browserLink - null null
2025-11-19 15:29:47.901 +05:30 [INF] Request finished HTTP/2 GET https://localhost:7071/_framework/aspnetcore-browser-refresh.js - 200 16501 application/javascript; charset=utf-8 2.8966ms
2025-11-19 15:29:47.914 +05:30 [INF] Request finished HTTP/2 GET https://localhost:7071/_vs/browserLink - 200 null text/javascript; charset=UTF-8 13.817ms
