2025-12-29 12:06:07.303 +05:30 [INF] Creating key {d489c074-a5ba-4935-aa75-a58234f5159c} with creation date 2025-12-29 06:36:07Z, activation date 2025-12-29 12:15:15Z, and expiration date 2026-01-28 06:36:07Z.
2025-12-29 12:06:07.357 +05:30 [WRN] No XML encryptor configured. Key {d489c074-a5ba-4935-aa75-a58234f5159c} may be persisted to storage in unencrypted form.
2025-12-29 12:06:07.363 +05:30 [INF] Writing data to file 'D:\vrs\vrserp25\VRSAPPUI\wwwroot\keys\key-d489c074-a5ba-4935-aa75-a58234f5159c.xml'.
2025-12-29 12:06:07.720 +05:30 [INF] Now listening on: https://localhost:7071
2025-12-29 12:06:07.720 +05:30 [INF] Now listening on: http://localhost:5290
2025-12-29 12:06:07.797 +05:30 [INF] Application started. Press Ctrl+C to shut down.
2025-12-29 12:06:07.798 +05:30 [INF] Hosting environment: Development
2025-12-29 12:06:07.798 +05:30 [INF] Content root path: D:\vrs\vrserp25\VRSAPPUI
2025-12-29 12:06:12.748 +05:30 [INF] Request starting HTTP/2 GET https://localhost:7071/ - null null
2025-12-29 12:06:13.057 +05:30 [INF] Executing endpoint 'VRSAPPUI.Controllers.HomeController.Index (VRSAPPUI)'
2025-12-29 12:06:13.095 +05:30 [INF] Route matched with {action = "Index", controller = "Home", area = ""}. Executing controller action with signature System.Threading.Tasks.Task`1[Microsoft.AspNetCore.Mvc.IActionResult] Index() on controller VRSAPPUI.Controllers.HomeController (VRSAPPUI).
2025-12-29 12:06:15.870 +05:30 [INF] Executing ViewResult, running view Index.
2025-12-29 12:06:16.112 +05:30 [INF] Executed ViewResult - view Index executed in 247.8829ms.
2025-12-29 12:06:16.116 +05:30 [INF] Executed action VRSAPPUI.Controllers.HomeController.Index (VRSAPPUI) in 3019.8301ms
2025-12-29 12:06:16.116 +05:30 [INF] Executed endpoint 'VRSAPPUI.Controllers.HomeController.Index (VRSAPPUI)'
2025-12-29 12:06:16.120 +05:30 [INF] HTTP GET / responded 200 in 3063.7708 ms
2025-12-29 12:06:16.138 +05:30 [INF] Request finished HTTP/2 GET https://localhost:7071/ - 200 null text/html; charset=utf-8 3431.4701ms
2025-12-29 12:06:16.186 +05:30 [INF] Request starting HTTP/2 GET https://localhost:7071/_vs/browserLink - null null
2025-12-29 12:06:16.186 +05:30 [INF] Request starting HTTP/2 GET https://localhost:7071/_framework/aspnetcore-browser-refresh.js - null null
2025-12-29 12:06:16.192 +05:30 [INF] Request starting HTTP/2 GET https://localhost:7071/images/home-bg.webp - null null
2025-12-29 12:06:16.197 +05:30 [INF] Request finished HTTP/2 GET https://localhost:7071/_framework/aspnetcore-browser-refresh.js - 200 16501 application/javascript; charset=utf-8 11.9479ms
2025-12-29 12:06:16.214 +05:30 [INF] HTTP GET /images/home-bg.webp responded 404 in 0.2772 ms
2025-12-29 12:06:16.215 +05:30 [INF] Request finished HTTP/2 GET https://localhost:7071/images/home-bg.webp - 404 0 null 22.5161ms
2025-12-29 12:06:16.215 +05:30 [INF] Request reached the end of the middleware pipeline without being handled by application code. Request path: GET https://localhost:7071/images/home-bg.webp, Response status code: 404
2025-12-29 12:06:16.395 +05:30 [INF] Request finished HTTP/2 GET https://localhost:7071/_vs/browserLink - 200 null text/javascript; charset=UTF-8 209.5758ms
2025-12-29 12:06:16.702 +05:30 [INF] Request starting HTTP/1.1 GET https://localhost:7071/Themes/vendors/scripts/bootstrap-select.min.js.map - null null
2025-12-29 12:06:16.708 +05:30 [INF] HTTP GET /Themes/vendors/scripts/bootstrap-select.min.js.map responded 404 in 0.0524 ms
2025-12-29 12:06:16.709 +05:30 [INF] Request finished HTTP/1.1 GET https://localhost:7071/Themes/vendors/scripts/bootstrap-select.min.js.map - 404 0 null 7.3116ms
2025-12-29 12:06:16.709 +05:30 [INF] Request reached the end of the middleware pipeline without being handled by application code. Request path: GET https://localhost:7071/Themes/vendors/scripts/bootstrap-select.min.js.map, Response status code: 404
2025-12-29 12:06:16.717 +05:30 [INF] Request starting HTTP/2 GET https://localhost:7071/Themes/vendors/scripts/bootstrap-select.min.js.map - null null
2025-12-29 12:06:16.717 +05:30 [INF] HTTP GET /Themes/vendors/scripts/bootstrap-select.min.js.map responded 404 in 0.0093 ms
2025-12-29 12:06:16.717 +05:30 [INF] Request finished HTTP/2 GET https://localhost:7071/Themes/vendors/scripts/bootstrap-select.min.js.map - 404 0 null 1.2678ms
2025-12-29 12:06:16.717 +05:30 [INF] Request reached the end of the middleware pipeline without being handled by application code. Request path: GET https://localhost:7071/Themes/vendors/scripts/bootstrap-select.min.js.map, Response status code: 404
2025-12-29 12:06:22.122 +05:30 [INF] Request starting HTTP/2 GET https://localhost:7071/admin/login - null null
2025-12-29 12:06:22.130 +05:30 [INF] Executing endpoint 'VRSAPPUI.Areas.Admin.Controllers.AccountController.Login (VRSAPPUI)'
2025-12-29 12:06:22.139 +05:30 [INF] Route matched with {area = "Admin", action = "Login", controller = "Account"}. Executing controller action with signature Microsoft.AspNetCore.Mvc.IActionResult Login(System.String) on controller VRSAPPUI.Areas.Admin.Controllers.AccountController (VRSAPPUI).
2025-12-29 12:06:22.172 +05:30 [INF] Executing ViewResult, running view Login.
2025-12-29 12:06:22.338 +05:30 [INF] Executed ViewResult - view Login executed in 167.2304ms.
2025-12-29 12:06:22.339 +05:30 [INF] Executed action VRSAPPUI.Areas.Admin.Controllers.AccountController.Login (VRSAPPUI) in 199.1291ms
2025-12-29 12:06:22.340 +05:30 [INF] Executed endpoint 'VRSAPPUI.Areas.Admin.Controllers.AccountController.Login (VRSAPPUI)'
2025-12-29 12:06:22.340 +05:30 [INF] HTTP GET /admin/login responded 200 in 210.5412 ms
2025-12-29 12:06:22.341 +05:30 [INF] Request finished HTTP/2 GET https://localhost:7071/admin/login - 200 null text/html; charset=utf-8 219.1496ms
2025-12-29 12:06:22.363 +05:30 [INF] Request starting HTTP/2 GET https://localhost:7071/_framework/aspnetcore-browser-refresh.js - null null
2025-12-29 12:06:22.366 +05:30 [INF] Request starting HTTP/2 GET https://localhost:7071/_vs/browserLink - null null
2025-12-29 12:06:22.366 +05:30 [INF] Request finished HTTP/2 GET https://localhost:7071/_framework/aspnetcore-browser-refresh.js - 200 16501 application/javascript; charset=utf-8 3.8273ms
2025-12-29 12:06:22.451 +05:30 [INF] Request starting HTTP/1.1 GET https://localhost:7071/pageui/plugins/bootstrap/js/bootstrap.bundle.min.js.map - null null
2025-12-29 12:06:22.452 +05:30 [INF] HTTP GET /pageui/plugins/bootstrap/js/bootstrap.bundle.min.js.map responded 404 in 0.0260 ms
2025-12-29 12:06:22.454 +05:30 [INF] Request finished HTTP/1.1 GET https://localhost:7071/pageui/plugins/bootstrap/js/bootstrap.bundle.min.js.map - 404 0 null 3.3126ms
2025-12-29 12:06:22.454 +05:30 [INF] Request reached the end of the middleware pipeline without being handled by application code. Request path: GET https://localhost:7071/pageui/plugins/bootstrap/js/bootstrap.bundle.min.js.map, Response status code: 404
2025-12-29 12:06:22.462 +05:30 [INF] Request starting HTTP/2 GET https://localhost:7071/pageui/plugins/bootstrap/js/bootstrap.bundle.min.js.map - null null
2025-12-29 12:06:22.464 +05:30 [INF] HTTP GET /pageui/plugins/bootstrap/js/bootstrap.bundle.min.js.map responded 404 in 0.0149 ms
2025-12-29 12:06:22.464 +05:30 [INF] Request finished HTTP/2 GET https://localhost:7071/_vs/browserLink - 200 null text/javascript; charset=UTF-8 98.5827ms
2025-12-29 12:06:22.464 +05:30 [INF] Request finished HTTP/2 GET https://localhost:7071/pageui/plugins/bootstrap/js/bootstrap.bundle.min.js.map - 404 0 null 3.0555ms
2025-12-29 12:06:22.464 +05:30 [INF] Request reached the end of the middleware pipeline without being handled by application code. Request path: GET https://localhost:7071/pageui/plugins/bootstrap/js/bootstrap.bundle.min.js.map, Response status code: 404
2025-12-29 12:06:24.069 +05:30 [INF] Request starting HTTP/2 POST https://localhost:7071/admin/login - application/json; charset=UTF-8 37
2025-12-29 12:06:24.076 +05:30 [INF] CORS policy execution successful.
2025-12-29 12:06:24.077 +05:30 [INF] Executing endpoint 'VRSAPPUI.Areas.Admin.Controllers.AccountController.Login (VRSAPPUI)'
2025-12-29 12:06:24.082 +05:30 [INF] Route matched with {area = "Admin", action = "Login", controller = "Account"}. Executing controller action with signature System.Threading.Tasks.Task`1[Microsoft.AspNetCore.Mvc.IActionResult] Login(VRSMODEL.DTO.LoginDTO, System.String) on controller VRSAPPUI.Areas.Admin.Controllers.AccountController (VRSAPPUI).
2025-12-29 12:06:25.002 +05:30 [WRN] No store type was specified for the decimal property 'Sequence' on entity type 'NewMasters'. This will cause values to be silently truncated if they do not fit in the default precision and scale. Explicitly specify the SQL server column type that can accommodate all the values in 'OnModelCreating' using 'HasColumnType', specify precision and scale using 'HasPrecision', or configure a value converter using 'HasConversion'.
2025-12-29 12:06:26.653 +05:30 [INF] Executed DbCommand (180ms) [Parameters=[@__admin_AdminId_0='?' (DbType = Int32)], CommandType='"Text"', CommandTimeout='30']
SELECT [r].[RoleName]
FROM [Roles] AS [r]
INNER JOIN [AdminMasterRoles] AS [a] ON [r].[RoleId] = [a].[RoleId]
WHERE [a].[AdminId] = @__admin_AdminId_0
2025-12-29 12:06:26.828 +05:30 [INF] AuthenticationScheme: Cookies signed in.
2025-12-29 12:06:26.830 +05:30 [INF] Executing JsonResult, writing value of type 'System.String'.
2025-12-29 12:06:26.834 +05:30 [INF] Executed action VRSAPPUI.Areas.Admin.Controllers.AccountController.Login (VRSAPPUI) in 2751.5761ms
2025-12-29 12:06:26.834 +05:30 [INF] Executed endpoint 'VRSAPPUI.Areas.Admin.Controllers.AccountController.Login (VRSAPPUI)'
2025-12-29 12:06:26.834 +05:30 [INF] HTTP POST /admin/login responded 200 in 2756.7642 ms
2025-12-29 12:06:26.850 +05:30 [INF] Request finished HTTP/2 POST https://localhost:7071/admin/login - 200 null application/json; charset=utf-8 2781.76ms
2025-12-29 12:06:26.859 +05:30 [INF] Request starting HTTP/2 GET https://localhost:7071/admin/dashboard - null null
2025-12-29 12:06:26.871 +05:30 [INF] Executing endpoint 'VRSAPPUI.Areas.Admin.Controllers.DashboardController.Index (VRSAPPUI)'
2025-12-29 12:06:26.878 +05:30 [INF] Route matched with {area = "Admin", action = "Index", controller = "Dashboard"}. Executing controller action with signature System.Threading.Tasks.Task`1[Microsoft.AspNetCore.Mvc.IActionResult] Index() on controller VRSAPPUI.Areas.Admin.Controllers.DashboardController (VRSAPPUI).
2025-12-29 12:06:26.930 +05:30 [INF] Executing ViewResult, running view Index.
2025-12-29 12:06:27.003 +05:30 [INF] Executed ViewResult - view Index executed in 74.5188ms.
2025-12-29 12:06:27.005 +05:30 [INF] Executed action VRSAPPUI.Areas.Admin.Controllers.DashboardController.Index (VRSAPPUI) in 126.6167ms
2025-12-29 12:06:27.005 +05:30 [INF] Executed endpoint 'VRSAPPUI.Areas.Admin.Controllers.DashboardController.Index (VRSAPPUI)'
2025-12-29 12:06:27.005 +05:30 [INF] HTTP GET /admin/dashboard responded 200 in 134.5547 ms
2025-12-29 12:06:27.006 +05:30 [INF] Request finished HTTP/2 GET https://localhost:7071/admin/dashboard - 200 null text/html; charset=utf-8 147.8526ms
2025-12-29 12:06:27.072 +05:30 [INF] Request starting HTTP/2 GET https://localhost:7071/_framework/aspnetcore-browser-refresh.js - null null
2025-12-29 12:06:27.073 +05:30 [INF] Request starting HTTP/2 GET https://localhost:7071/_vs/browserLink - null null
2025-12-29 12:06:27.074 +05:30 [INF] Request finished HTTP/2 GET https://localhost:7071/_framework/aspnetcore-browser-refresh.js - 200 16501 application/javascript; charset=utf-8 3.9338ms
2025-12-29 12:06:27.092 +05:30 [INF] Request finished HTTP/2 GET https://localhost:7071/_vs/browserLink - 200 null text/javascript; charset=UTF-8 19.0502ms
2025-12-29 12:06:27.105 +05:30 [INF] Request starting HTTP/1.1 GET https://localhost:7071/pageui/plugins/moment/moment.min.js.map - null null
2025-12-29 12:06:27.105 +05:30 [INF] HTTP GET /pageui/plugins/moment/moment.min.js.map responded 404 in 0.0422 ms
2025-12-29 12:06:27.106 +05:30 [INF] Request finished HTTP/1.1 GET https://localhost:7071/pageui/plugins/moment/moment.min.js.map - 404 0 null 1.2744ms
2025-12-29 12:06:27.106 +05:30 [INF] Request reached the end of the middleware pipeline without being handled by application code. Request path: GET https://localhost:7071/pageui/plugins/moment/moment.min.js.map, Response status code: 404
2025-12-29 12:06:27.117 +05:30 [INF] Request starting HTTP/2 GET https://localhost:7071/pageui/plugins/moment/moment.min.js.map - null null
2025-12-29 12:06:27.119 +05:30 [INF] HTTP GET /pageui/plugins/moment/moment.min.js.map responded 404 in 0.0221 ms
2025-12-29 12:06:27.119 +05:30 [INF] Request finished HTTP/2 GET https://localhost:7071/pageui/plugins/moment/moment.min.js.map - 404 0 null 2.0873ms
2025-12-29 12:06:27.119 +05:30 [INF] Request reached the end of the middleware pipeline without being handled by application code. Request path: GET https://localhost:7071/pageui/plugins/moment/moment.min.js.map, Response status code: 404
2025-12-29 12:06:27.145 +05:30 [INF] Request starting HTTP/1.1 GET https://localhost:7071/pageui/plugins/bootstrap-colorpicker/js/bootstrap-colorpicker.min.js.map - null null
2025-12-29 12:06:27.145 +05:30 [INF] HTTP GET /pageui/plugins/bootstrap-colorpicker/js/bootstrap-colorpicker.min.js.map responded 404 in 0.0104 ms
2025-12-29 12:06:27.146 +05:30 [INF] Request finished HTTP/1.1 GET https://localhost:7071/pageui/plugins/bootstrap-colorpicker/js/bootstrap-colorpicker.min.js.map - 404 0 null 0.635ms
2025-12-29 12:06:27.146 +05:30 [INF] Request reached the end of the middleware pipeline without being handled by application code. Request path: GET https://localhost:7071/pageui/plugins/bootstrap-colorpicker/js/bootstrap-colorpicker.min.js.map, Response status code: 404
2025-12-29 12:06:27.151 +05:30 [INF] Request starting HTTP/2 GET https://localhost:7071/pageui/plugins/bootstrap-colorpicker/js/bootstrap-colorpicker.min.js.map - null null
2025-12-29 12:06:27.151 +05:30 [INF] HTTP GET /pageui/plugins/bootstrap-colorpicker/js/bootstrap-colorpicker.min.js.map responded 404 in 0.0082 ms
2025-12-29 12:06:27.152 +05:30 [INF] Request finished HTTP/2 GET https://localhost:7071/pageui/plugins/bootstrap-colorpicker/js/bootstrap-colorpicker.min.js.map - 404 0 null 1.2743ms
2025-12-29 12:06:27.152 +05:30 [INF] Request reached the end of the middleware pipeline without being handled by application code. Request path: GET https://localhost:7071/pageui/plugins/bootstrap-colorpicker/js/bootstrap-colorpicker.min.js.map, Response status code: 404
2025-12-29 12:06:27.177 +05:30 [INF] Request starting HTTP/1.1 GET https://localhost:7071/pageui/plugins/toastr/toastr.js.map - null null
2025-12-29 12:06:27.177 +05:30 [INF] HTTP GET /pageui/plugins/toastr/toastr.js.map responded 404 in 0.0118 ms
2025-12-29 12:06:27.178 +05:30 [INF] Request finished HTTP/1.1 GET https://localhost:7071/pageui/plugins/toastr/toastr.js.map - 404 0 null 0.6448ms
2025-12-29 12:06:27.178 +05:30 [INF] Request reached the end of the middleware pipeline without being handled by application code. Request path: GET https://localhost:7071/pageui/plugins/toastr/toastr.js.map, Response status code: 404
2025-12-29 12:06:27.185 +05:30 [INF] Request starting HTTP/2 GET https://localhost:7071/pageui/plugins/toastr/toastr.js.map - null null
2025-12-29 12:06:27.186 +05:30 [INF] HTTP GET /pageui/plugins/toastr/toastr.js.map responded 404 in 0.0131 ms
2025-12-29 12:06:27.186 +05:30 [INF] Request finished HTTP/2 GET https://localhost:7071/pageui/plugins/toastr/toastr.js.map - 404 0 null 1.1257ms
2025-12-29 12:06:27.186 +05:30 [INF] Request reached the end of the middleware pipeline without being handled by application code. Request path: GET https://localhost:7071/pageui/plugins/toastr/toastr.js.map, Response status code: 404
2025-12-29 12:13:53.412 +05:30 [INF] Request starting HTTP/2 GET https://localhost:7071/admin/dashboard/search_form - null null
2025-12-29 12:13:53.443 +05:30 [INF] Executing endpoint 'VRSAPPUI.Areas.Admin.Controllers.DashboardController.Search_Form (VRSAPPUI)'
2025-12-29 12:13:53.447 +05:30 [INF] Route matched with {area = "Admin", action = "Search_Form", controller = "Dashboard"}. Executing controller action with signature System.Threading.Tasks.Task`1[Microsoft.AspNetCore.Mvc.IActionResult] Search_Form(Int32, System.String) on controller VRSAPPUI.Areas.Admin.Controllers.DashboardController (VRSAPPUI).
2025-12-29 12:13:53.452 +05:30 [INF] Executing ViewResult, running view Search_Form.
2025-12-29 12:13:53.463 +05:30 [INF] Executed ViewResult - view Search_Form executed in 11.8657ms.
2025-12-29 12:13:53.464 +05:30 [INF] Executed action VRSAPPUI.Areas.Admin.Controllers.DashboardController.Search_Form (VRSAPPUI) in 17.2379ms
2025-12-29 12:13:53.464 +05:30 [INF] Executed endpoint 'VRSAPPUI.Areas.Admin.Controllers.DashboardController.Search_Form (VRSAPPUI)'
2025-12-29 12:13:53.464 +05:30 [INF] HTTP GET /admin/dashboard/search_form responded 200 in 21.7947 ms
2025-12-29 12:13:53.472 +05:30 [INF] Request finished HTTP/2 GET https://localhost:7071/admin/dashboard/search_form - 200 null text/html; charset=utf-8 57.2887ms
2025-12-29 12:13:53.481 +05:30 [INF] Request starting HTTP/2 GET https://localhost:7071/_framework/aspnetcore-browser-refresh.js - null null
2025-12-29 12:13:53.480 +05:30 [INF] Request starting HTTP/2 GET https://localhost:7071/_vs/browserLink - null null
2025-12-29 12:13:53.482 +05:30 [INF] Request finished HTTP/2 GET https://localhost:7071/_framework/aspnetcore-browser-refresh.js - 200 16501 application/javascript; charset=utf-8 1.5652ms
2025-12-29 12:13:53.510 +05:30 [INF] Request finished HTTP/2 GET https://localhost:7071/_vs/browserLink - 200 null text/javascript; charset=UTF-8 29.4929ms
2025-12-29 12:13:55.973 +05:30 [INF] Request starting HTTP/2 GET https://localhost:7071/Admin/Dashboard/CheckResultDataSearch?RollNumber=2500040010617 - null null
2025-12-29 12:13:55.984 +05:30 [INF] Executing endpoint 'VRSAPPUI.Areas.Admin.Controllers.DashboardController.CheckResultDataSearch (VRSAPPUI)'
2025-12-29 12:13:55.989 +05:30 [INF] Route matched with {area = "Admin", action = "CheckResultDataSearch", controller = "Dashboard"}. Executing controller action with signature System.Threading.Tasks.Task`1[Microsoft.AspNetCore.Mvc.IActionResult] CheckResultDataSearch(System.String) on controller VRSAPPUI.Areas.Admin.Controllers.DashboardController (VRSAPPUI).
2025-12-29 12:13:58.992 +05:30 [INF] Executing PartialViewResult, running view _PageDataSearch.
2025-12-29 12:13:59.015 +05:30 [INF] Executed PartialViewResult - view _PageDataSearch executed in 23.7246ms.
2025-12-29 12:13:59.016 +05:30 [INF] Executed action VRSAPPUI.Areas.Admin.Controllers.DashboardController.CheckResultDataSearch (VRSAPPUI) in 3026.4931ms
2025-12-29 12:13:59.016 +05:30 [INF] Executed endpoint 'VRSAPPUI.Areas.Admin.Controllers.DashboardController.CheckResultDataSearch (VRSAPPUI)'
2025-12-29 12:13:59.016 +05:30 [INF] HTTP GET /Admin/Dashboard/CheckResultDataSearch responded 200 in 3031.7293 ms
2025-12-29 12:13:59.016 +05:30 [WRN] Unable to configure Browser Link script injection on the response. 
2025-12-29 12:13:59.016 +05:30 [INF] Request finished HTTP/2 GET https://localhost:7071/Admin/Dashboard/CheckResultDataSearch?RollNumber=2500040010617 - 200 null text/html; charset=utf-8 3043.4924ms
2025-12-29 12:14:01.014 +05:30 [INF] Request starting HTTP/2 GET https://localhost:7071/admin/dashboard/correction_form?edata=MTUwMTEyMTExMDE1MV8yNjA4NjU1 - null null
2025-12-29 12:14:01.017 +05:30 [INF] Executing endpoint 'VRSAPPUI.Areas.Admin.Controllers.DashboardController.Correction_Form (VRSAPPUI)'
2025-12-29 12:14:01.024 +05:30 [INF] Route matched with {area = "Admin", action = "Correction_Form", controller = "Dashboard"}. Executing controller action with signature System.Threading.Tasks.Task`1[Microsoft.AspNetCore.Mvc.IActionResult] Correction_Form(System.String) on controller VRSAPPUI.Areas.Admin.Controllers.DashboardController (VRSAPPUI).
2025-12-29 12:14:01.032 +05:30 [INF] Executing RedirectResult, redirecting to /correction_form_view.
2025-12-29 12:14:01.032 +05:30 [INF] Executed action VRSAPPUI.Areas.Admin.Controllers.DashboardController.Correction_Form (VRSAPPUI) in 7.5191ms
2025-12-29 12:14:01.032 +05:30 [INF] Executed endpoint 'VRSAPPUI.Areas.Admin.Controllers.DashboardController.Correction_Form (VRSAPPUI)'
2025-12-29 12:14:01.032 +05:30 [INF] HTTP GET /admin/dashboard/correction_form responded 302 in 14.9962 ms
2025-12-29 12:14:01.033 +05:30 [INF] Session started; Key:7321ff0f-e863-8cd1-d33b-2405e2f6f439, Id:e7cc715f-b54e-dd34-d593-3a6bc7dab561
2025-12-29 12:14:01.035 +05:30 [INF] Request finished HTTP/2 GET https://localhost:7071/admin/dashboard/correction_form?edata=MTUwMTEyMTExMDE1MV8yNjA4NjU1 - 302 null null 21.2541ms
2025-12-29 12:14:01.042 +05:30 [INF] Request starting HTTP/2 GET https://localhost:7071/correction_form_view - null null
2025-12-29 12:14:01.045 +05:30 [INF] Executing endpoint 'VRSAPPUI.Areas.Admin.Controllers.DashboardController.Correction_Form_View (VRSAPPUI)'
2025-12-29 12:14:01.048 +05:30 [INF] Route matched with {area = "Admin", action = "Correction_Form_View", controller = "Dashboard"}. Executing controller action with signature System.Threading.Tasks.Task`1[Microsoft.AspNetCore.Mvc.IActionResult] Correction_Form_View() on controller VRSAPPUI.Areas.Admin.Controllers.DashboardController (VRSAPPUI).
2025-12-29 12:14:01.052 +05:30 [INF] Executing ViewResult, running view 1501121110151_2608655.
2025-12-29 12:14:01.053 +05:30 [ERR] The view '1501121110151_2608655' was not found. Searched locations: ["/Areas/Admin/Views/Dashboard/1501121110151_2608655.cshtml","/Areas/Admin/Views/Shared/1501121110151_2608655.cshtml","/Views/Shared/1501121110151_2608655.cshtml","/Pages/Shared/1501121110151_2608655.cshtml"]
2025-12-29 12:14:01.061 +05:30 [INF] Executed action VRSAPPUI.Areas.Admin.Controllers.DashboardController.Correction_Form_View (VRSAPPUI) in 12.1355ms
2025-12-29 12:14:01.062 +05:30 [INF] Executed endpoint 'VRSAPPUI.Areas.Admin.Controllers.DashboardController.Correction_Form_View (VRSAPPUI)'
2025-12-29 12:14:01.062 +05:30 [ERR] HTTP GET /correction_form_view responded 500 in 16.6183 ms
System.InvalidOperationException: The view '1501121110151_2608655' was not found. The following locations were searched:
/Areas/Admin/Views/Dashboard/1501121110151_2608655.cshtml
/Areas/Admin/Views/Shared/1501121110151_2608655.cshtml
/Views/Shared/1501121110151_2608655.cshtml
/Pages/Shared/1501121110151_2608655.cshtml
   at Microsoft.AspNetCore.Mvc.ViewEngines.ViewEngineResult.EnsureSuccessful(IEnumerable`1 originalLocations)
   at Microsoft.AspNetCore.Mvc.ViewFeatures.ViewResultExecutor.ExecuteAsync(ActionContext context, ViewResult result)
   at Microsoft.AspNetCore.Mvc.ViewResult.ExecuteResultAsync(ActionContext context)
   at Microsoft.AspNetCore.Mvc.Infrastructure.ResourceInvoker.<InvokeNextResultFilterAsync>g__Awaited|30_0[TFilter,TFilterAsync](ResourceInvoker invoker, Task lastTask, State next, Scope scope, Object state, Boolean isCompleted)
   at Microsoft.AspNetCore.Mvc.Infrastructure.ResourceInvoker.Rethrow(ResultExecutedContextSealed context)
   at Microsoft.AspNetCore.Mvc.Infrastructure.ResourceInvoker.ResultNext[TFilter,TFilterAsync](State& next, Scope& scope, Object& state, Boolean& isCompleted)
   at Microsoft.AspNetCore.Mvc.Infrastructure.ResourceInvoker.InvokeResultFilters()
--- End of stack trace from previous location ---
   at Microsoft.AspNetCore.Mvc.Infrastructure.ResourceInvoker.<InvokeNextResourceFilter>g__Awaited|25_0(ResourceInvoker invoker, Task lastTask, State next, Scope scope, Object state, Boolean isCompleted)
   at Microsoft.AspNetCore.Mvc.Infrastructure.ResourceInvoker.Rethrow(ResourceExecutedContextSealed context)
   at Microsoft.AspNetCore.Mvc.Infrastructure.ResourceInvoker.Next(State& next, Scope& scope, Object& state, Boolean& isCompleted)
   at Microsoft.AspNetCore.Mvc.Infrastructure.ResourceInvoker.InvokeFilterPipelineAsync()
--- End of stack trace from previous location ---
   at Microsoft.AspNetCore.Mvc.Infrastructure.ResourceInvoker.<InvokeAsync>g__Logged|17_1(ResourceInvoker invoker)
   at Microsoft.AspNetCore.Mvc.Infrastructure.ResourceInvoker.<InvokeAsync>g__Logged|17_1(ResourceInvoker invoker)
   at Microsoft.AspNetCore.Routing.EndpointMiddleware.<Invoke>g__AwaitRequestTask|7_0(Endpoint endpoint, Task requestTask, ILogger logger)
   at Serilog.AspNetCore.RequestLoggingMiddleware.Invoke(HttpContext httpContext)
2025-12-29 12:14:01.076 +05:30 [ERR] An unhandled exception has occurred while executing the request.
System.InvalidOperationException: The view '1501121110151_2608655' was not found. The following locations were searched:
/Areas/Admin/Views/Dashboard/1501121110151_2608655.cshtml
/Areas/Admin/Views/Shared/1501121110151_2608655.cshtml
/Views/Shared/1501121110151_2608655.cshtml
/Pages/Shared/1501121110151_2608655.cshtml
   at Microsoft.AspNetCore.Mvc.ViewEngines.ViewEngineResult.EnsureSuccessful(IEnumerable`1 originalLocations)
   at Microsoft.AspNetCore.Mvc.ViewFeatures.ViewResultExecutor.ExecuteAsync(ActionContext context, ViewResult result)
   at Microsoft.AspNetCore.Mvc.ViewResult.ExecuteResultAsync(ActionContext context)
   at Microsoft.AspNetCore.Mvc.Infrastructure.ResourceInvoker.<InvokeNextResultFilterAsync>g__Awaited|30_0[TFilter,TFilterAsync](ResourceInvoker invoker, Task lastTask, State next, Scope scope, Object state, Boolean isCompleted)
   at Microsoft.AspNetCore.Mvc.Infrastructure.ResourceInvoker.Rethrow(ResultExecutedContextSealed context)
   at Microsoft.AspNetCore.Mvc.Infrastructure.ResourceInvoker.ResultNext[TFilter,TFilterAsync](State& next, Scope& scope, Object& state, Boolean& isCompleted)
   at Microsoft.AspNetCore.Mvc.Infrastructure.ResourceInvoker.InvokeResultFilters()
--- End of stack trace from previous location ---
   at Microsoft.AspNetCore.Mvc.Infrastructure.ResourceInvoker.<InvokeNextResourceFilter>g__Awaited|25_0(ResourceInvoker invoker, Task lastTask, State next, Scope scope, Object state, Boolean isCompleted)
   at Microsoft.AspNetCore.Mvc.Infrastructure.ResourceInvoker.Rethrow(ResourceExecutedContextSealed context)
   at Microsoft.AspNetCore.Mvc.Infrastructure.ResourceInvoker.Next(State& next, Scope& scope, Object& state, Boolean& isCompleted)
   at Microsoft.AspNetCore.Mvc.Infrastructure.ResourceInvoker.InvokeFilterPipelineAsync()
--- End of stack trace from previous location ---
   at Microsoft.AspNetCore.Mvc.Infrastructure.ResourceInvoker.<InvokeAsync>g__Logged|17_1(ResourceInvoker invoker)
   at Microsoft.AspNetCore.Mvc.Infrastructure.ResourceInvoker.<InvokeAsync>g__Logged|17_1(ResourceInvoker invoker)
   at Microsoft.AspNetCore.Routing.EndpointMiddleware.<Invoke>g__AwaitRequestTask|7_0(Endpoint endpoint, Task requestTask, ILogger logger)
   at Serilog.AspNetCore.RequestLoggingMiddleware.Invoke(HttpContext httpContext)
   at Microsoft.AspNetCore.Authorization.AuthorizationMiddleware.Invoke(HttpContext context)
   at Microsoft.AspNetCore.Authentication.AuthenticationMiddleware.Invoke(HttpContext context)
   at Microsoft.AspNetCore.Session.SessionMiddleware.Invoke(HttpContext context)
   at Microsoft.AspNetCore.Session.SessionMiddleware.Invoke(HttpContext context)
   at Microsoft.AspNetCore.Diagnostics.DeveloperExceptionPageMiddlewareImpl.Invoke(HttpContext context)
2025-12-29 12:14:01.110 +05:30 [INF] Request finished HTTP/2 GET https://localhost:7071/correction_form_view - 500 null text/html; charset=utf-8 68.8666ms
2025-12-29 12:14:01.121 +05:30 [INF] Request starting HTTP/2 GET https://localhost:7071/_framework/aspnetcore-browser-refresh.js - null null
2025-12-29 12:14:01.124 +05:30 [INF] Request starting HTTP/2 GET https://localhost:7071/_vs/browserLink - null null
2025-12-29 12:14:01.125 +05:30 [INF] Request finished HTTP/2 GET https://localhost:7071/_framework/aspnetcore-browser-refresh.js - 200 16501 application/javascript; charset=utf-8 3.3263ms
2025-12-29 12:14:01.148 +05:30 [INF] Request finished HTTP/2 GET https://localhost:7071/_vs/browserLink - 200 null text/javascript; charset=UTF-8 23.6021ms
2025-12-29 12:14:06.167 +05:30 [INF] Request starting HTTP/2 GET https://localhost:7071/_framework/aspnetcore-browser-refresh.js - null null
2025-12-29 12:14:06.168 +05:30 [INF] Request finished HTTP/2 GET https://localhost:7071/_framework/aspnetcore-browser-refresh.js - 200 16501 application/javascript; charset=utf-8 1.8826ms
2025-12-29 12:14:08.043 +05:30 [INF] Request starting HTTP/2 GET https://localhost:7071/Admin/Dashboard/CheckResultDataSearch?RollNumber=2500040010617 - null null
2025-12-29 12:14:08.046 +05:30 [INF] Executing endpoint 'VRSAPPUI.Areas.Admin.Controllers.DashboardController.CheckResultDataSearch (VRSAPPUI)'
2025-12-29 12:14:08.046 +05:30 [INF] Route matched with {area = "Admin", action = "CheckResultDataSearch", controller = "Dashboard"}. Executing controller action with signature System.Threading.Tasks.Task`1[Microsoft.AspNetCore.Mvc.IActionResult] CheckResultDataSearch(System.String) on controller VRSAPPUI.Areas.Admin.Controllers.DashboardController (VRSAPPUI).
2025-12-29 12:14:08.428 +05:30 [INF] Executing PartialViewResult, running view _PageDataSearch.
2025-12-29 12:14:08.438 +05:30 [INF] Executed PartialViewResult - view _PageDataSearch executed in 10.1674ms.
2025-12-29 12:14:08.439 +05:30 [INF] Executed action VRSAPPUI.Areas.Admin.Controllers.DashboardController.CheckResultDataSearch (VRSAPPUI) in 391.9865ms
2025-12-29 12:14:08.439 +05:30 [INF] Executed endpoint 'VRSAPPUI.Areas.Admin.Controllers.DashboardController.CheckResultDataSearch (VRSAPPUI)'
2025-12-29 12:14:08.439 +05:30 [INF] HTTP GET /Admin/Dashboard/CheckResultDataSearch responded 200 in 392.3530 ms
2025-12-29 12:14:08.439 +05:30 [WRN] Unable to configure Browser Link script injection on the response. 
2025-12-29 12:14:08.439 +05:30 [INF] Request finished HTTP/2 GET https://localhost:7071/Admin/Dashboard/CheckResultDataSearch?RollNumber=2500040010617 - 200 null text/html; charset=utf-8 395.9477ms
2025-12-29 12:16:04.569 +05:30 [INF] Request starting HTTP/2 GET https://localhost:7071/admin/dashboard/correction_form?edata=MTUwMTEyMTExMDE1MV8yNjA4NjU1 - null null
2025-12-29 12:16:04.591 +05:30 [INF] Executing endpoint 'VRSAPPUI.Areas.Admin.Controllers.DashboardController.Correction_Form (VRSAPPUI)'
2025-12-29 12:16:04.591 +05:30 [INF] Route matched with {area = "Admin", action = "Correction_Form", controller = "Dashboard"}. Executing controller action with signature System.Threading.Tasks.Task`1[Microsoft.AspNetCore.Mvc.IActionResult] Correction_Form(System.String) on controller VRSAPPUI.Areas.Admin.Controllers.DashboardController (VRSAPPUI).
2025-12-29 12:16:04.593 +05:30 [INF] Executing RedirectResult, redirecting to /correction_form_view.
2025-12-29 12:16:04.593 +05:30 [INF] Executed action VRSAPPUI.Areas.Admin.Controllers.DashboardController.Correction_Form (VRSAPPUI) in 2.1294ms
2025-12-29 12:16:04.593 +05:30 [INF] Executed endpoint 'VRSAPPUI.Areas.Admin.Controllers.DashboardController.Correction_Form (VRSAPPUI)'
2025-12-29 12:16:04.593 +05:30 [INF] HTTP GET /admin/dashboard/correction_form responded 302 in 2.4895 ms
2025-12-29 12:16:04.595 +05:30 [INF] Request finished HTTP/2 GET https://localhost:7071/admin/dashboard/correction_form?edata=MTUwMTEyMTExMDE1MV8yNjA4NjU1 - 302 null null 25.6153ms
2025-12-29 12:16:04.600 +05:30 [INF] Request starting HTTP/2 GET https://localhost:7071/correction_form_view - null null
2025-12-29 12:16:04.602 +05:30 [INF] Executing endpoint 'VRSAPPUI.Areas.Admin.Controllers.DashboardController.Correction_Form_View (VRSAPPUI)'
2025-12-29 12:16:04.602 +05:30 [INF] Route matched with {area = "Admin", action = "Correction_Form_View", controller = "Dashboard"}. Executing controller action with signature System.Threading.Tasks.Task`1[Microsoft.AspNetCore.Mvc.IActionResult] Correction_Form_View() on controller VRSAPPUI.Areas.Admin.Controllers.DashboardController (VRSAPPUI).
