2025-12-10 13:03:08.423 +05:30 [INF] Now listening on: https://localhost:7071
2025-12-10 13:03:08.470 +05:30 [INF] Now listening on: http://localhost:5290
2025-12-10 13:03:08.544 +05:30 [INF] Application started. Press Ctrl+C to shut down.
2025-12-10 13:03:08.545 +05:30 [INF] Hosting environment: Development
2025-12-10 13:03:08.545 +05:30 [INF] Content root path: D:\VRSAGRAERP\VRSAPPUI
2025-12-10 13:03:11.923 +05:30 [INF] Request starting HTTP/2 GET https://localhost:7071/ - null null
2025-12-10 13:03:12.237 +05:30 [INF] Executing endpoint 'VRSAPPUI.Controllers.HomeController.Index (VRSAPPUI)'
2025-12-10 13:03:12.277 +05:30 [INF] Route matched with {action = "Index", controller = "Home", area = ""}. Executing controller action with signature System.Threading.Tasks.Task`1[Microsoft.AspNetCore.Mvc.IActionResult] Index() on controller VRSAPPUI.Controllers.HomeController (VRSAPPUI).
2025-12-10 13:03:15.079 +05:30 [INF] Executing ViewResult, running view Index.
2025-12-10 13:03:15.272 +05:30 [INF] Executed ViewResult - view Index executed in 202.642ms.
2025-12-10 13:03:15.277 +05:30 [INF] Executed action VRSAPPUI.Controllers.HomeController.Index (VRSAPPUI) in 2998.5858ms
2025-12-10 13:03:15.279 +05:30 [INF] Executed endpoint 'VRSAPPUI.Controllers.HomeController.Index (VRSAPPUI)'
2025-12-10 13:03:15.283 +05:30 [INF] HTTP GET / responded 200 in 3047.1354 ms
2025-12-10 13:03:15.304 +05:30 [INF] Request finished HTTP/2 GET https://localhost:7071/ - 200 null text/html; charset=utf-8 3399.6131ms
2025-12-10 13:03:15.339 +05:30 [INF] Request starting HTTP/2 GET https://localhost:7071/_framework/aspnetcore-browser-refresh.js - null null
2025-12-10 13:03:15.339 +05:30 [INF] Request starting HTTP/2 GET https://localhost:7071/_vs/browserLink - null null
2025-12-10 13:03:15.350 +05:30 [INF] Request finished HTTP/2 GET https://localhost:7071/_framework/aspnetcore-browser-refresh.js - 200 16501 application/javascript; charset=utf-8 11.4834ms
2025-12-10 13:03:15.439 +05:30 [INF] Request starting HTTP/2 GET https://localhost:7071/images/home-bg.webp - null null
2025-12-10 13:03:15.453 +05:30 [INF] HTTP GET /images/home-bg.webp responded 404 in 0.2446 ms
2025-12-10 13:03:15.454 +05:30 [INF] Request finished HTTP/2 GET https://localhost:7071/images/home-bg.webp - 404 0 null 14.8051ms
2025-12-10 13:03:15.455 +05:30 [INF] Request reached the end of the middleware pipeline without being handled by application code. Request path: GET https://localhost:7071/images/home-bg.webp, Response status code: 404
2025-12-10 13:03:15.574 +05:30 [INF] Request finished HTTP/2 GET https://localhost:7071/_vs/browserLink - 200 null text/javascript; charset=UTF-8 235.4913ms
2025-12-10 13:03:15.655 +05:30 [INF] Request starting HTTP/1.1 GET https://localhost:7071/Themes/vendors/scripts/bootstrap-select.min.js.map - null null
2025-12-10 13:03:15.661 +05:30 [INF] HTTP GET /Themes/vendors/scripts/bootstrap-select.min.js.map responded 404 in 0.0629 ms
2025-12-10 13:03:15.662 +05:30 [INF] Request finished HTTP/1.1 GET https://localhost:7071/Themes/vendors/scripts/bootstrap-select.min.js.map - 404 0 null 7.7601ms
2025-12-10 13:03:15.662 +05:30 [INF] Request reached the end of the middleware pipeline without being handled by application code. Request path: GET https://localhost:7071/Themes/vendors/scripts/bootstrap-select.min.js.map, Response status code: 404
2025-12-10 13:03:15.674 +05:30 [INF] Request starting HTTP/2 GET https://localhost:7071/Themes/vendors/scripts/bootstrap-select.min.js.map - null null
2025-12-10 13:03:15.675 +05:30 [INF] HTTP GET /Themes/vendors/scripts/bootstrap-select.min.js.map responded 404 in 0.0171 ms
2025-12-10 13:03:15.676 +05:30 [INF] Request finished HTTP/2 GET https://localhost:7071/Themes/vendors/scripts/bootstrap-select.min.js.map - 404 0 null 1.8245ms
2025-12-10 13:03:15.676 +05:30 [INF] Request reached the end of the middleware pipeline without being handled by application code. Request path: GET https://localhost:7071/Themes/vendors/scripts/bootstrap-select.min.js.map, Response status code: 404
2025-12-10 13:03:34.305 +05:30 [INF] Request starting HTTP/2 GET https://localhost:7071/admin/login - null null
2025-12-10 13:03:34.313 +05:30 [INF] Executing endpoint 'VRSAPPUI.Areas.Admin.Controllers.AccountController.Login (VRSAPPUI)'
2025-12-10 13:03:34.322 +05:30 [INF] Route matched with {area = "Admin", action = "Login", controller = "Account"}. Executing controller action with signature Microsoft.AspNetCore.Mvc.IActionResult Login(System.String) on controller VRSAPPUI.Areas.Admin.Controllers.AccountController (VRSAPPUI).
2025-12-10 13:03:34.362 +05:30 [INF] Executing ViewResult, running view Login.
2025-12-10 13:03:34.403 +05:30 [INF] Executed ViewResult - view Login executed in 41.9298ms.
2025-12-10 13:03:34.404 +05:30 [INF] Executed action VRSAPPUI.Areas.Admin.Controllers.AccountController.Login (VRSAPPUI) in 82.2582ms
2025-12-10 13:03:34.404 +05:30 [INF] Executed endpoint 'VRSAPPUI.Areas.Admin.Controllers.AccountController.Login (VRSAPPUI)'
2025-12-10 13:03:34.405 +05:30 [INF] HTTP GET /admin/login responded 200 in 92.0853 ms
2025-12-10 13:03:34.405 +05:30 [INF] Request finished HTTP/2 GET https://localhost:7071/admin/login - 200 null text/html; charset=utf-8 100.5111ms
2025-12-10 13:03:34.431 +05:30 [INF] Request starting HTTP/2 GET https://localhost:7071/_framework/aspnetcore-browser-refresh.js - null null
2025-12-10 13:03:34.433 +05:30 [INF] Request starting HTTP/2 GET https://localhost:7071/_vs/browserLink - null null
2025-12-10 13:03:34.435 +05:30 [INF] Request finished HTTP/2 GET https://localhost:7071/_framework/aspnetcore-browser-refresh.js - 200 16501 application/javascript; charset=utf-8 3.9707ms
2025-12-10 13:03:34.463 +05:30 [INF] Request finished HTTP/2 GET https://localhost:7071/_vs/browserLink - 200 null text/javascript; charset=UTF-8 30.9266ms
2025-12-10 13:03:34.524 +05:30 [INF] Request starting HTTP/1.1 GET https://localhost:7071/pageui/plugins/bootstrap/js/bootstrap.bundle.min.js.map - null null
2025-12-10 13:03:34.525 +05:30 [INF] HTTP GET /pageui/plugins/bootstrap/js/bootstrap.bundle.min.js.map responded 404 in 0.0163 ms
2025-12-10 13:03:34.525 +05:30 [INF] Request finished HTTP/1.1 GET https://localhost:7071/pageui/plugins/bootstrap/js/bootstrap.bundle.min.js.map - 404 0 null 1.2143ms
2025-12-10 13:03:34.526 +05:30 [INF] Request reached the end of the middleware pipeline without being handled by application code. Request path: GET https://localhost:7071/pageui/plugins/bootstrap/js/bootstrap.bundle.min.js.map, Response status code: 404
2025-12-10 13:03:34.532 +05:30 [INF] Request starting HTTP/2 GET https://localhost:7071/pageui/plugins/bootstrap/js/bootstrap.bundle.min.js.map - null null
2025-12-10 13:03:34.532 +05:30 [INF] HTTP GET /pageui/plugins/bootstrap/js/bootstrap.bundle.min.js.map responded 404 in 0.0131 ms
2025-12-10 13:03:34.533 +05:30 [INF] Request finished HTTP/2 GET https://localhost:7071/pageui/plugins/bootstrap/js/bootstrap.bundle.min.js.map - 404 0 null 1.5171ms
2025-12-10 13:03:34.533 +05:30 [INF] Request reached the end of the middleware pipeline without being handled by application code. Request path: GET https://localhost:7071/pageui/plugins/bootstrap/js/bootstrap.bundle.min.js.map, Response status code: 404
2025-12-10 13:03:36.230 +05:30 [INF] Request starting HTTP/2 POST https://localhost:7071/admin/login - application/json; charset=UTF-8 37
2025-12-10 13:03:36.237 +05:30 [INF] CORS policy execution successful.
2025-12-10 13:03:36.239 +05:30 [INF] Executing endpoint 'VRSAPPUI.Areas.Admin.Controllers.AccountController.Login (VRSAPPUI)'
2025-12-10 13:03:36.246 +05:30 [INF] Route matched with {area = "Admin", action = "Login", controller = "Account"}. Executing controller action with signature System.Threading.Tasks.Task`1[Microsoft.AspNetCore.Mvc.IActionResult] Login(VRSMODEL.DTO.LoginDTO, System.String) on controller VRSAPPUI.Areas.Admin.Controllers.AccountController (VRSAPPUI).
2025-12-10 13:03:37.196 +05:30 [WRN] No store type was specified for the decimal property 'Sequence' on entity type 'NewMasters'. This will cause values to be silently truncated if they do not fit in the default precision and scale. Explicitly specify the SQL server column type that can accommodate all the values in 'OnModelCreating' using 'HasColumnType', specify precision and scale using 'HasPrecision', or configure a value converter using 'HasConversion'.
2025-12-10 13:03:41.846 +05:30 [INF] Executed DbCommand (159ms) [Parameters=[@__admin_AdminId_0='?' (DbType = Int32)], CommandType='"Text"', CommandTimeout='30']
SELECT [r].[RoleName]
FROM [Roles] AS [r]
INNER JOIN [AdminMasterRoles] AS [a] ON [r].[RoleId] = [a].[RoleId]
WHERE [a].[AdminId] = @__admin_AdminId_0
2025-12-10 13:03:42.005 +05:30 [INF] AuthenticationScheme: Cookies signed in.
2025-12-10 13:03:42.007 +05:30 [INF] Executing JsonResult, writing value of type 'System.String'.
2025-12-10 13:03:42.010 +05:30 [INF] Executed action VRSAPPUI.Areas.Admin.Controllers.AccountController.Login (VRSAPPUI) in 5763.6322ms
2025-12-10 13:03:42.010 +05:30 [INF] Executed endpoint 'VRSAPPUI.Areas.Admin.Controllers.AccountController.Login (VRSAPPUI)'
2025-12-10 13:03:42.010 +05:30 [INF] HTTP POST /admin/login responded 200 in 5771.4142 ms
2025-12-10 13:03:42.017 +05:30 [INF] Request finished HTTP/2 POST https://localhost:7071/admin/login - 200 null application/json; charset=utf-8 5787.0623ms
2025-12-10 13:03:42.023 +05:30 [INF] Request starting HTTP/2 GET https://localhost:7071/admin/dashboard - null null
2025-12-10 13:03:42.029 +05:30 [INF] Executing endpoint 'VRSAPPUI.Areas.Admin.Controllers.DashboardController.Index (VRSAPPUI)'
2025-12-10 13:03:42.034 +05:30 [INF] Route matched with {area = "Admin", action = "Index", controller = "Dashboard"}. Executing controller action with signature System.Threading.Tasks.Task`1[Microsoft.AspNetCore.Mvc.IActionResult] Index() on controller VRSAPPUI.Areas.Admin.Controllers.DashboardController (VRSAPPUI).
2025-12-10 13:03:42.071 +05:30 [INF] Executing ViewResult, running view Index.
2025-12-10 13:03:42.122 +05:30 [INF] Executed ViewResult - view Index executed in 51.9553ms.
2025-12-10 13:03:42.122 +05:30 [INF] Executed action VRSAPPUI.Areas.Admin.Controllers.DashboardController.Index (VRSAPPUI) in 88.1324ms
2025-12-10 13:03:42.122 +05:30 [INF] Executed endpoint 'VRSAPPUI.Areas.Admin.Controllers.DashboardController.Index (VRSAPPUI)'
2025-12-10 13:03:42.122 +05:30 [INF] HTTP GET /admin/dashboard responded 200 in 93.0468 ms
2025-12-10 13:03:42.122 +05:30 [INF] Request finished HTTP/2 GET https://localhost:7071/admin/dashboard - 200 null text/html; charset=utf-8 99.3924ms
2025-12-10 13:03:42.172 +05:30 [INF] Request starting HTTP/2 GET https://localhost:7071/_framework/aspnetcore-browser-refresh.js - null null
2025-12-10 13:03:42.172 +05:30 [INF] Request starting HTTP/2 GET https://localhost:7071/_vs/browserLink - null null
2025-12-10 13:03:42.175 +05:30 [INF] Request finished HTTP/2 GET https://localhost:7071/_framework/aspnetcore-browser-refresh.js - 200 16501 application/javascript; charset=utf-8 5.6845ms
2025-12-10 13:03:42.198 +05:30 [INF] Request finished HTTP/2 GET https://localhost:7071/_vs/browserLink - 200 null text/javascript; charset=UTF-8 25.5616ms
2025-12-10 13:03:42.254 +05:30 [INF] Request starting HTTP/1.1 GET https://localhost:7071/pageui/plugins/moment/moment.min.js.map - null null
2025-12-10 13:03:42.255 +05:30 [INF] HTTP GET /pageui/plugins/moment/moment.min.js.map responded 404 in 0.0337 ms
2025-12-10 13:03:42.255 +05:30 [INF] Request starting HTTP/1.1 GET https://localhost:7071/pageui/plugins/bootstrap-colorpicker/js/bootstrap-colorpicker.min.js.map - null null
2025-12-10 13:03:42.255 +05:30 [INF] Request finished HTTP/1.1 GET https://localhost:7071/pageui/plugins/moment/moment.min.js.map - 404 0 null 1.263ms
2025-12-10 13:03:42.255 +05:30 [INF] Request reached the end of the middleware pipeline without being handled by application code. Request path: GET https://localhost:7071/pageui/plugins/moment/moment.min.js.map, Response status code: 404
2025-12-10 13:03:42.255 +05:30 [INF] HTTP GET /pageui/plugins/bootstrap-colorpicker/js/bootstrap-colorpicker.min.js.map responded 404 in 0.0214 ms
2025-12-10 13:03:42.256 +05:30 [INF] Request finished HTTP/1.1 GET https://localhost:7071/pageui/plugins/bootstrap-colorpicker/js/bootstrap-colorpicker.min.js.map - 404 0 null 1.7883ms
2025-12-10 13:03:42.256 +05:30 [INF] Request reached the end of the middleware pipeline without being handled by application code. Request path: GET https://localhost:7071/pageui/plugins/bootstrap-colorpicker/js/bootstrap-colorpicker.min.js.map, Response status code: 404
2025-12-10 13:03:42.261 +05:30 [INF] Request starting HTTP/1.1 GET https://localhost:7071/pageui/plugins/toastr/toastr.js.map - null null
2025-12-10 13:03:42.261 +05:30 [INF] Request starting HTTP/2 GET https://localhost:7071/pageui/plugins/moment/moment.min.js.map - null null
2025-12-10 13:03:42.262 +05:30 [INF] HTTP GET /pageui/plugins/toastr/toastr.js.map responded 404 in 0.0146 ms
2025-12-10 13:03:42.262 +05:30 [INF] Request finished HTTP/1.1 GET https://localhost:7071/pageui/plugins/toastr/toastr.js.map - 404 0 null 1.2594ms
2025-12-10 13:03:42.262 +05:30 [INF] Request reached the end of the middleware pipeline without being handled by application code. Request path: GET https://localhost:7071/pageui/plugins/toastr/toastr.js.map, Response status code: 404
2025-12-10 13:03:42.263 +05:30 [INF] HTTP GET /pageui/plugins/moment/moment.min.js.map responded 404 in 0.0112 ms
2025-12-10 13:03:42.263 +05:30 [INF] Request finished HTTP/2 GET https://localhost:7071/pageui/plugins/moment/moment.min.js.map - 404 0 null 2.01ms
2025-12-10 13:03:42.263 +05:30 [INF] Request reached the end of the middleware pipeline without being handled by application code. Request path: GET https://localhost:7071/pageui/plugins/moment/moment.min.js.map, Response status code: 404
2025-12-10 13:03:42.269 +05:30 [INF] Request starting HTTP/2 GET https://localhost:7071/pageui/plugins/bootstrap-colorpicker/js/bootstrap-colorpicker.min.js.map - null null
2025-12-10 13:03:42.270 +05:30 [INF] HTTP GET /pageui/plugins/bootstrap-colorpicker/js/bootstrap-colorpicker.min.js.map responded 404 in 0.0147 ms
2025-12-10 13:03:42.270 +05:30 [INF] Request finished HTTP/2 GET https://localhost:7071/pageui/plugins/bootstrap-colorpicker/js/bootstrap-colorpicker.min.js.map - 404 0 null 1.429ms
2025-12-10 13:03:42.270 +05:30 [INF] Request reached the end of the middleware pipeline without being handled by application code. Request path: GET https://localhost:7071/pageui/plugins/bootstrap-colorpicker/js/bootstrap-colorpicker.min.js.map, Response status code: 404
2025-12-10 13:03:42.274 +05:30 [INF] Request starting HTTP/2 GET https://localhost:7071/pageui/plugins/toastr/toastr.js.map - null null
2025-12-10 13:03:42.275 +05:30 [INF] HTTP GET /pageui/plugins/toastr/toastr.js.map responded 404 in 0.0130 ms
2025-12-10 13:03:42.275 +05:30 [INF] Request finished HTTP/2 GET https://localhost:7071/pageui/plugins/toastr/toastr.js.map - 404 0 null 1.6621ms
2025-12-10 13:03:42.275 +05:30 [INF] Request reached the end of the middleware pipeline without being handled by application code. Request path: GET https://localhost:7071/pageui/plugins/toastr/toastr.js.map, Response status code: 404
2025-12-10 13:15:58.373 +05:30 [INF] Request starting HTTP/2 GET https://localhost:7071/admin/dashboard/studentlist - null null
2025-12-10 13:15:58.392 +05:30 [INF] Executing endpoint 'VRSAPPUI.Areas.Admin.Controllers.DashboardController.StudentList (VRSAPPUI)'
2025-12-10 13:15:58.398 +05:30 [INF] Route matched with {area = "Admin", action = "StudentList", controller = "Dashboard"}. Executing controller action with signature System.Threading.Tasks.Task`1[Microsoft.AspNetCore.Mvc.IActionResult] StudentList(System.String, System.String, Boolean, Int32, System.String, System.String, System.String, Int32, Int32) on controller VRSAPPUI.Areas.Admin.Controllers.DashboardController (VRSAPPUI).
2025-12-10 13:16:07.997 +05:30 [INF] Executing ViewResult, running view StudentList.
2025-12-10 13:16:08.066 +05:30 [INF] Executed ViewResult - view StudentList executed in 71.1985ms.
2025-12-10 13:16:08.067 +05:30 [INF] Executed action VRSAPPUI.Areas.Admin.Controllers.DashboardController.StudentList (VRSAPPUI) in 9668.0791ms
2025-12-10 13:16:08.067 +05:30 [INF] Executed endpoint 'VRSAPPUI.Areas.Admin.Controllers.DashboardController.StudentList (VRSAPPUI)'
2025-12-10 13:16:08.067 +05:30 [INF] HTTP GET /admin/dashboard/studentlist responded 200 in 9674.7798 ms
2025-12-10 13:16:08.067 +05:30 [INF] Request finished HTTP/2 GET https://localhost:7071/admin/dashboard/studentlist - 200 null text/html; charset=utf-8 9694.2954ms
2025-12-10 13:16:08.087 +05:30 [INF] Request starting HTTP/2 GET https://localhost:7071/_vs/browserLink - null null
2025-12-10 13:16:08.087 +05:30 [INF] Request starting HTTP/2 GET https://localhost:7071/_framework/aspnetcore-browser-refresh.js - null null
2025-12-10 13:16:08.094 +05:30 [INF] Request finished HTTP/2 GET https://localhost:7071/_framework/aspnetcore-browser-refresh.js - 200 16501 application/javascript; charset=utf-8 7.8942ms
2025-12-10 13:16:08.116 +05:30 [INF] Request finished HTTP/2 GET https://localhost:7071/_vs/browserLink - 200 null text/javascript; charset=UTF-8 28.8935ms
2025-12-10 13:16:10.489 +05:30 [INF] Request starting HTTP/2 POST https://localhost:7071/admin/dashboard/studentlist - application/x-www-form-urlencoded 355
2025-12-10 13:16:10.500 +05:30 [INF] CORS policy execution successful.
2025-12-10 13:16:10.500 +05:30 [INF] Executing endpoint 'VRSAPPUI.Areas.Admin.Controllers.DashboardController.StudentList (VRSAPPUI)'
2025-12-10 13:16:10.500 +05:30 [INF] Route matched with {area = "Admin", action = "StudentList", controller = "Dashboard"}. Executing controller action with signature System.Threading.Tasks.Task`1[Microsoft.AspNetCore.Mvc.IActionResult] StudentList(System.String, System.String, Boolean, Int32, System.String, System.String, System.String, Int32, Int32) on controller VRSAPPUI.Areas.Admin.Controllers.DashboardController (VRSAPPUI).
2025-12-10 13:16:10.564 +05:30 [INF] Executing ViewResult, running view StudentList.
2025-12-10 13:16:10.573 +05:30 [INF] Executed ViewResult - view StudentList executed in 9.4973ms.
2025-12-10 13:16:10.573 +05:30 [INF] Executed action VRSAPPUI.Areas.Admin.Controllers.DashboardController.StudentList (VRSAPPUI) in 72.933ms
2025-12-10 13:16:10.573 +05:30 [INF] Executed endpoint 'VRSAPPUI.Areas.Admin.Controllers.DashboardController.StudentList (VRSAPPUI)'
2025-12-10 13:16:10.573 +05:30 [INF] HTTP POST /admin/dashboard/studentlist responded 200 in 73.1895 ms
2025-12-10 13:16:10.573 +05:30 [INF] Request finished HTTP/2 POST https://localhost:7071/admin/dashboard/studentlist - 200 null text/html; charset=utf-8 84.7494ms
2025-12-10 13:16:10.585 +05:30 [INF] Request starting HTTP/2 GET https://localhost:7071/_framework/aspnetcore-browser-refresh.js - null null
2025-12-10 13:16:10.585 +05:30 [INF] Request starting HTTP/2 GET https://localhost:7071/_vs/browserLink - null null
2025-12-10 13:16:10.587 +05:30 [INF] Request finished HTTP/2 GET https://localhost:7071/_framework/aspnetcore-browser-refresh.js - 200 16501 application/javascript; charset=utf-8 1.7859ms
2025-12-10 13:16:10.602 +05:30 [INF] Request finished HTTP/2 GET https://localhost:7071/_vs/browserLink - 200 null text/javascript; charset=UTF-8 17.3696ms
2025-12-10 13:16:12.117 +05:30 [INF] Request starting HTTP/2 POST https://localhost:7071/admin/dashboard/studentlist - application/x-www-form-urlencoded 355
2025-12-10 13:16:12.119 +05:30 [INF] CORS policy execution successful.
2025-12-10 13:16:12.119 +05:30 [INF] Executing endpoint 'VRSAPPUI.Areas.Admin.Controllers.DashboardController.StudentList (VRSAPPUI)'
2025-12-10 13:16:12.119 +05:30 [INF] Route matched with {area = "Admin", action = "StudentList", controller = "Dashboard"}. Executing controller action with signature System.Threading.Tasks.Task`1[Microsoft.AspNetCore.Mvc.IActionResult] StudentList(System.String, System.String, Boolean, Int32, System.String, System.String, System.String, Int32, Int32) on controller VRSAPPUI.Areas.Admin.Controllers.DashboardController (VRSAPPUI).
2025-12-10 13:16:14.002 +05:30 [INF] Executing ViewResult, running view StudentList.
2025-12-10 13:16:14.009 +05:30 [INF] Executed ViewResult - view StudentList executed in 6.9835ms.
2025-12-10 13:16:14.009 +05:30 [INF] Executed action VRSAPPUI.Areas.Admin.Controllers.DashboardController.StudentList (VRSAPPUI) in 1889.3838ms
2025-12-10 13:16:14.009 +05:30 [INF] Executed endpoint 'VRSAPPUI.Areas.Admin.Controllers.DashboardController.StudentList (VRSAPPUI)'
2025-12-10 13:16:14.009 +05:30 [INF] HTTP POST /admin/dashboard/studentlist responded 200 in 1889.5613 ms
2025-12-10 13:16:14.009 +05:30 [INF] Request finished HTTP/2 POST https://localhost:7071/admin/dashboard/studentlist - 200 null text/html; charset=utf-8 1892.7213ms
2025-12-10 13:16:14.024 +05:30 [INF] Request starting HTTP/2 GET https://localhost:7071/_framework/aspnetcore-browser-refresh.js - null null
2025-12-10 13:16:14.024 +05:30 [INF] Request starting HTTP/2 GET https://localhost:7071/_vs/browserLink - null null
2025-12-10 13:16:14.030 +05:30 [INF] Request finished HTTP/2 GET https://localhost:7071/_framework/aspnetcore-browser-refresh.js - 200 16501 application/javascript; charset=utf-8 2.2449ms
2025-12-10 13:16:14.050 +05:30 [INF] Request finished HTTP/2 GET https://localhost:7071/_vs/browserLink - 200 null text/javascript; charset=UTF-8 26.3442ms
2025-12-10 13:16:17.397 +05:30 [INF] Request starting HTTP/2 POST https://localhost:7071/admin/dashboard/studentlist - application/x-www-form-urlencoded 368
2025-12-10 13:16:17.400 +05:30 [INF] CORS policy execution successful.
2025-12-10 13:16:17.400 +05:30 [INF] Executing endpoint 'VRSAPPUI.Areas.Admin.Controllers.DashboardController.StudentList (VRSAPPUI)'
2025-12-10 13:16:17.400 +05:30 [INF] Route matched with {area = "Admin", action = "StudentList", controller = "Dashboard"}. Executing controller action with signature System.Threading.Tasks.Task`1[Microsoft.AspNetCore.Mvc.IActionResult] StudentList(System.String, System.String, Boolean, Int32, System.String, System.String, System.String, Int32, Int32) on controller VRSAPPUI.Areas.Admin.Controllers.DashboardController (VRSAPPUI).
2025-12-10 13:16:18.782 +05:30 [INF] Executing ViewResult, running view StudentList.
2025-12-10 13:17:17.147 +05:30 [INF] Executed action VRSAPPUI.Areas.Admin.Controllers.DashboardController.StudentList (VRSAPPUI) in 59746.5945ms
2025-12-10 13:17:17.148 +05:30 [INF] Executed endpoint 'VRSAPPUI.Areas.Admin.Controllers.DashboardController.StudentList (VRSAPPUI)'
2025-12-10 13:17:17.149 +05:30 [ERR] HTTP POST /admin/dashboard/studentlist responded 500 in 59748.5110 ms
System.NullReferenceException: Object reference not set to an instance of an object.
   at AspNetCoreGeneratedDocument.Areas_Admin_Views_Dashboard_StudentList.<>c__DisplayClass21_0.<<ExecuteAsync>b__0>d.MoveNext() in D:\VRSAGRAERP\VRSAPPUI\Areas\Admin\Views\Dashboard\StudentList.cshtml:line 303
--- End of stack trace from previous location ---
   at Microsoft.AspNetCore.Razor.Runtime.TagHelpers.TagHelperExecutionContext.GetChildContentAsync(Boolean useCachedResult, HtmlEncoder encoder)
   at Microsoft.AspNetCore.Mvc.TagHelpers.RenderAtEndOfFormTagHelper.ProcessAsync(TagHelperContext context, TagHelperOutput output)
   at Microsoft.AspNetCore.Razor.Runtime.TagHelpers.TagHelperRunner.<RunAsync>g__Awaited|0_0(Task task, TagHelperExecutionContext executionContext, Int32 i, Int32 count)
   at AspNetCoreGeneratedDocument.Areas_Admin_Views_Dashboard_StudentList.ExecuteAsync() in D:\VRSAGRAERP\VRSAPPUI\Areas\Admin\Views\Dashboard\StudentList.cshtml:line 4
   at Microsoft.AspNetCore.Mvc.Razor.RazorView.RenderPageCoreAsync(IRazorPage page, ViewContext context)
   at Microsoft.AspNetCore.Mvc.Razor.RazorView.RenderPageAsync(IRazorPage page, ViewContext context, Boolean invokeViewStarts)
   at Microsoft.AspNetCore.Mvc.Razor.RazorView.RenderAsync(ViewContext context)
   at Microsoft.AspNetCore.Mvc.ViewFeatures.ViewExecutor.ExecuteAsync(ViewContext viewContext, String contentType, Nullable`1 statusCode)
   at Microsoft.AspNetCore.Mvc.ViewFeatures.ViewExecutor.ExecuteAsync(ViewContext viewContext, String contentType, Nullable`1 statusCode)
   at Microsoft.AspNetCore.Mvc.ViewFeatures.ViewExecutor.ExecuteAsync(ActionContext actionContext, IView view, ViewDataDictionary viewData, ITempDataDictionary tempData, String contentType, Nullable`1 statusCode)
   at Microsoft.AspNetCore.Mvc.ViewFeatures.ViewResultExecutor.ExecuteAsync(ActionContext context, ViewResult result)
   at Microsoft.AspNetCore.Mvc.ViewResult.ExecuteResultAsync(ActionContext context)
   at Microsoft.AspNetCore.Mvc.Infrastructure.ResourceInvoker.<InvokeNextResultFilterAsync>g__Awaited|30_0[TFilter,TFilterAsync](ResourceInvoker invoker, Task lastTask, State next, Scope scope, Object state, Boolean isCompleted)
   at Microsoft.AspNetCore.Mvc.Infrastructure.ResourceInvoker.Rethrow(ResultExecutedContextSealed context)
   at Microsoft.AspNetCore.Mvc.Infrastructure.ResourceInvoker.ResultNext[TFilter,TFilterAsync](State& next, Scope& scope, Object& state, Boolean& isCompleted)
   at Microsoft.AspNetCore.Mvc.Infrastructure.ResourceInvoker.InvokeResultFilters()
--- End of stack trace from previous location ---
   at Microsoft.AspNetCore.Mvc.Infrastructure.ResourceInvoker.<InvokeNextResourceFilter>g__Awaited|25_0(ResourceInvoker invoker, Task lastTask, State next, Scope scope, Object state, Boolean isCompleted)
   at Microsoft.AspNetCore.Mvc.Infrastructure.ResourceInvoker.Rethrow(ResourceExecutedContextSealed context)
   at Microsoft.AspNetCore.Mvc.Infrastructure.ResourceInvoker.Next(State& next, Scope& scope, Object& state, Boolean& isCompleted)
   at Microsoft.AspNetCore.Mvc.Infrastructure.ResourceInvoker.<InvokeFilterPipelineAsync>g__Awaited|20_0(ResourceInvoker invoker, Task lastTask, State next, Scope scope, Object state, Boolean isCompleted)
   at Microsoft.AspNetCore.Mvc.Infrastructure.ResourceInvoker.<InvokeAsync>g__Logged|17_1(ResourceInvoker invoker)
   at Microsoft.AspNetCore.Mvc.Infrastructure.ResourceInvoker.<InvokeAsync>g__Logged|17_1(ResourceInvoker invoker)
   at Microsoft.AspNetCore.Routing.EndpointMiddleware.<Invoke>g__AwaitRequestTask|7_0(Endpoint endpoint, Task requestTask, ILogger logger)
   at Serilog.AspNetCore.RequestLoggingMiddleware.Invoke(HttpContext httpContext)
2025-12-10 13:17:17.172 +05:30 [ERR] An unhandled exception has occurred while executing the request.
System.NullReferenceException: Object reference not set to an instance of an object.
   at AspNetCoreGeneratedDocument.Areas_Admin_Views_Dashboard_StudentList.<>c__DisplayClass21_0.<<ExecuteAsync>b__0>d.MoveNext() in D:\VRSAGRAERP\VRSAPPUI\Areas\Admin\Views\Dashboard\StudentList.cshtml:line 303
--- End of stack trace from previous location ---
   at Microsoft.AspNetCore.Razor.Runtime.TagHelpers.TagHelperExecutionContext.GetChildContentAsync(Boolean useCachedResult, HtmlEncoder encoder)
   at Microsoft.AspNetCore.Mvc.TagHelpers.RenderAtEndOfFormTagHelper.ProcessAsync(TagHelperContext context, TagHelperOutput output)
   at Microsoft.AspNetCore.Razor.Runtime.TagHelpers.TagHelperRunner.<RunAsync>g__Awaited|0_0(Task task, TagHelperExecutionContext executionContext, Int32 i, Int32 count)
   at AspNetCoreGeneratedDocument.Areas_Admin_Views_Dashboard_StudentList.ExecuteAsync() in D:\VRSAGRAERP\VRSAPPUI\Areas\Admin\Views\Dashboard\StudentList.cshtml:line 4
   at Microsoft.AspNetCore.Mvc.Razor.RazorView.RenderPageCoreAsync(IRazorPage page, ViewContext context)
   at Microsoft.AspNetCore.Mvc.Razor.RazorView.RenderPageAsync(IRazorPage page, ViewContext context, Boolean invokeViewStarts)
   at Microsoft.AspNetCore.Mvc.Razor.RazorView.RenderAsync(ViewContext context)
   at Microsoft.AspNetCore.Mvc.ViewFeatures.ViewExecutor.ExecuteAsync(ViewContext viewContext, String contentType, Nullable`1 statusCode)
   at Microsoft.AspNetCore.Mvc.ViewFeatures.ViewExecutor.ExecuteAsync(ViewContext viewContext, String contentType, Nullable`1 statusCode)
   at Microsoft.AspNetCore.Mvc.ViewFeatures.ViewExecutor.ExecuteAsync(ActionContext actionContext, IView view, ViewDataDictionary viewData, ITempDataDictionary tempData, String contentType, Nullable`1 statusCode)
   at Microsoft.AspNetCore.Mvc.ViewFeatures.ViewResultExecutor.ExecuteAsync(ActionContext context, ViewResult result)
   at Microsoft.AspNetCore.Mvc.ViewResult.ExecuteResultAsync(ActionContext context)
   at Microsoft.AspNetCore.Mvc.Infrastructure.ResourceInvoker.<InvokeNextResultFilterAsync>g__Awaited|30_0[TFilter,TFilterAsync](ResourceInvoker invoker, Task lastTask, State next, Scope scope, Object state, Boolean isCompleted)
   at Microsoft.AspNetCore.Mvc.Infrastructure.ResourceInvoker.Rethrow(ResultExecutedContextSealed context)
   at Microsoft.AspNetCore.Mvc.Infrastructure.ResourceInvoker.ResultNext[TFilter,TFilterAsync](State& next, Scope& scope, Object& state, Boolean& isCompleted)
   at Microsoft.AspNetCore.Mvc.Infrastructure.ResourceInvoker.InvokeResultFilters()
--- End of stack trace from previous location ---
   at Microsoft.AspNetCore.Mvc.Infrastructure.ResourceInvoker.<InvokeNextResourceFilter>g__Awaited|25_0(ResourceInvoker invoker, Task lastTask, State next, Scope scope, Object state, Boolean isCompleted)
   at Microsoft.AspNetCore.Mvc.Infrastructure.ResourceInvoker.Rethrow(ResourceExecutedContextSealed context)
   at Microsoft.AspNetCore.Mvc.Infrastructure.ResourceInvoker.Next(State& next, Scope& scope, Object& state, Boolean& isCompleted)
   at Microsoft.AspNetCore.Mvc.Infrastructure.ResourceInvoker.<InvokeFilterPipelineAsync>g__Awaited|20_0(ResourceInvoker invoker, Task lastTask, State next, Scope scope, Object state, Boolean isCompleted)
   at Microsoft.AspNetCore.Mvc.Infrastructure.ResourceInvoker.<InvokeAsync>g__Logged|17_1(ResourceInvoker invoker)
   at Microsoft.AspNetCore.Mvc.Infrastructure.ResourceInvoker.<InvokeAsync>g__Logged|17_1(ResourceInvoker invoker)
   at Microsoft.AspNetCore.Routing.EndpointMiddleware.<Invoke>g__AwaitRequestTask|7_0(Endpoint endpoint, Task requestTask, ILogger logger)
   at Serilog.AspNetCore.RequestLoggingMiddleware.Invoke(HttpContext httpContext)
   at Microsoft.AspNetCore.Authorization.AuthorizationMiddleware.Invoke(HttpContext context)
   at Microsoft.AspNetCore.Authentication.AuthenticationMiddleware.Invoke(HttpContext context)
   at Microsoft.AspNetCore.Session.SessionMiddleware.Invoke(HttpContext context)
   at Microsoft.AspNetCore.Session.SessionMiddleware.Invoke(HttpContext context)
   at Microsoft.AspNetCore.Diagnostics.DeveloperExceptionPageMiddlewareImpl.Invoke(HttpContext context)
2025-12-10 13:17:17.222 +05:30 [INF] Request finished HTTP/2 POST https://localhost:7071/admin/dashboard/studentlist - 500 null text/html; charset=utf-8 59825.2509ms
2025-12-10 13:17:17.228 +05:30 [INF] Request starting HTTP/2 GET https://localhost:7071/_framework/aspnetcore-browser-refresh.js - null null
2025-12-10 13:17:17.228 +05:30 [INF] Request starting HTTP/2 GET https://localhost:7071/_vs/browserLink - null null
2025-12-10 13:17:17.229 +05:30 [INF] Request finished HTTP/2 GET https://localhost:7071/_framework/aspnetcore-browser-refresh.js - 200 16501 application/javascript; charset=utf-8 1.9962ms
2025-12-10 13:17:17.249 +05:30 [INF] Request finished HTTP/2 GET https://localhost:7071/_vs/browserLink - 200 null text/javascript; charset=UTF-8 21.792ms
2025-12-10 13:17:23.722 +05:30 [INF] Request starting HTTP/2 POST https://localhost:7071/admin/dashboard/studentlist - application/x-www-form-urlencoded 368
2025-12-10 13:17:23.726 +05:30 [INF] CORS policy execution successful.
2025-12-10 13:17:23.726 +05:30 [INF] Executing endpoint 'VRSAPPUI.Areas.Admin.Controllers.DashboardController.StudentList (VRSAPPUI)'
2025-12-10 13:17:23.726 +05:30 [INF] Route matched with {area = "Admin", action = "StudentList", controller = "Dashboard"}. Executing controller action with signature System.Threading.Tasks.Task`1[Microsoft.AspNetCore.Mvc.IActionResult] StudentList(System.String, System.String, Boolean, Int32, System.String, System.String, System.String, Int32, Int32) on controller VRSAPPUI.Areas.Admin.Controllers.DashboardController (VRSAPPUI).
2025-12-10 13:17:24.326 +05:30 [INF] Executing ViewResult, running view StudentList.
2025-12-10 13:17:24.419 +05:30 [INF] Executed action VRSAPPUI.Areas.Admin.Controllers.DashboardController.StudentList (VRSAPPUI) in 692.9337ms
2025-12-10 13:17:24.420 +05:30 [INF] Executed endpoint 'VRSAPPUI.Areas.Admin.Controllers.DashboardController.StudentList (VRSAPPUI)'
2025-12-10 13:17:24.420 +05:30 [ERR] HTTP POST /admin/dashboard/studentlist responded 500 in 693.9158 ms
System.NullReferenceException: Object reference not set to an instance of an object.
   at AspNetCoreGeneratedDocument.Areas_Admin_Views_Dashboard_StudentList.<>c__DisplayClass21_0.<<ExecuteAsync>b__0>d.MoveNext() in D:\VRSAGRAERP\VRSAPPUI\Areas\Admin\Views\Dashboard\StudentList.cshtml:line 303
--- End of stack trace from previous location ---
   at Microsoft.AspNetCore.Razor.Runtime.TagHelpers.TagHelperExecutionContext.GetChildContentAsync(Boolean useCachedResult, HtmlEncoder encoder)
   at Microsoft.AspNetCore.Mvc.TagHelpers.RenderAtEndOfFormTagHelper.ProcessAsync(TagHelperContext context, TagHelperOutput output)
   at Microsoft.AspNetCore.Razor.Runtime.TagHelpers.TagHelperRunner.<RunAsync>g__Awaited|0_0(Task task, TagHelperExecutionContext executionContext, Int32 i, Int32 count)
   at AspNetCoreGeneratedDocument.Areas_Admin_Views_Dashboard_StudentList.ExecuteAsync() in D:\VRSAGRAERP\VRSAPPUI\Areas\Admin\Views\Dashboard\StudentList.cshtml:line 4
   at Microsoft.AspNetCore.Mvc.Razor.RazorView.RenderPageCoreAsync(IRazorPage page, ViewContext context)
   at Microsoft.AspNetCore.Mvc.Razor.RazorView.RenderPageAsync(IRazorPage page, ViewContext context, Boolean invokeViewStarts)
   at Microsoft.AspNetCore.Mvc.Razor.RazorView.RenderAsync(ViewContext context)
   at Microsoft.AspNetCore.Mvc.ViewFeatures.ViewExecutor.ExecuteAsync(ViewContext viewContext, String contentType, Nullable`1 statusCode)
   at Microsoft.AspNetCore.Mvc.ViewFeatures.ViewExecutor.ExecuteAsync(ViewContext viewContext, String contentType, Nullable`1 statusCode)
   at Microsoft.AspNetCore.Mvc.ViewFeatures.ViewExecutor.ExecuteAsync(ActionContext actionContext, IView view, ViewDataDictionary viewData, ITempDataDictionary tempData, String contentType, Nullable`1 statusCode)
   at Microsoft.AspNetCore.Mvc.ViewFeatures.ViewResultExecutor.ExecuteAsync(ActionContext context, ViewResult result)
   at Microsoft.AspNetCore.Mvc.ViewResult.ExecuteResultAsync(ActionContext context)
   at Microsoft.AspNetCore.Mvc.Infrastructure.ResourceInvoker.<InvokeNextResultFilterAsync>g__Awaited|30_0[TFilter,TFilterAsync](ResourceInvoker invoker, Task lastTask, State next, Scope scope, Object state, Boolean isCompleted)
   at Microsoft.AspNetCore.Mvc.Infrastructure.ResourceInvoker.Rethrow(ResultExecutedContextSealed context)
   at Microsoft.AspNetCore.Mvc.Infrastructure.ResourceInvoker.ResultNext[TFilter,TFilterAsync](State& next, Scope& scope, Object& state, Boolean& isCompleted)
   at Microsoft.AspNetCore.Mvc.Infrastructure.ResourceInvoker.InvokeResultFilters()
--- End of stack trace from previous location ---
   at Microsoft.AspNetCore.Mvc.Infrastructure.ResourceInvoker.<InvokeNextResourceFilter>g__Awaited|25_0(ResourceInvoker invoker, Task lastTask, State next, Scope scope, Object state, Boolean isCompleted)
   at Microsoft.AspNetCore.Mvc.Infrastructure.ResourceInvoker.Rethrow(ResourceExecutedContextSealed context)
   at Microsoft.AspNetCore.Mvc.Infrastructure.ResourceInvoker.Next(State& next, Scope& scope, Object& state, Boolean& isCompleted)
   at Microsoft.AspNetCore.Mvc.Infrastructure.ResourceInvoker.<InvokeFilterPipelineAsync>g__Awaited|20_0(ResourceInvoker invoker, Task lastTask, State next, Scope scope, Object state, Boolean isCompleted)
   at Microsoft.AspNetCore.Mvc.Infrastructure.ResourceInvoker.<InvokeAsync>g__Logged|17_1(ResourceInvoker invoker)
   at Microsoft.AspNetCore.Mvc.Infrastructure.ResourceInvoker.<InvokeAsync>g__Logged|17_1(ResourceInvoker invoker)
   at Microsoft.AspNetCore.Routing.EndpointMiddleware.<Invoke>g__AwaitRequestTask|7_0(Endpoint endpoint, Task requestTask, ILogger logger)
   at Serilog.AspNetCore.RequestLoggingMiddleware.Invoke(HttpContext httpContext)
2025-12-10 13:17:24.422 +05:30 [ERR] An unhandled exception has occurred while executing the request.
System.NullReferenceException: Object reference not set to an instance of an object.
   at AspNetCoreGeneratedDocument.Areas_Admin_Views_Dashboard_StudentList.<>c__DisplayClass21_0.<<ExecuteAsync>b__0>d.MoveNext() in D:\VRSAGRAERP\VRSAPPUI\Areas\Admin\Views\Dashboard\StudentList.cshtml:line 303
--- End of stack trace from previous location ---
   at Microsoft.AspNetCore.Razor.Runtime.TagHelpers.TagHelperExecutionContext.GetChildContentAsync(Boolean useCachedResult, HtmlEncoder encoder)
   at Microsoft.AspNetCore.Mvc.TagHelpers.RenderAtEndOfFormTagHelper.ProcessAsync(TagHelperContext context, TagHelperOutput output)
   at Microsoft.AspNetCore.Razor.Runtime.TagHelpers.TagHelperRunner.<RunAsync>g__Awaited|0_0(Task task, TagHelperExecutionContext executionContext, Int32 i, Int32 count)
   at AspNetCoreGeneratedDocument.Areas_Admin_Views_Dashboard_StudentList.ExecuteAsync() in D:\VRSAGRAERP\VRSAPPUI\Areas\Admin\Views\Dashboard\StudentList.cshtml:line 4
   at Microsoft.AspNetCore.Mvc.Razor.RazorView.RenderPageCoreAsync(IRazorPage page, ViewContext context)
   at Microsoft.AspNetCore.Mvc.Razor.RazorView.RenderPageAsync(IRazorPage page, ViewContext context, Boolean invokeViewStarts)
   at Microsoft.AspNetCore.Mvc.Razor.RazorView.RenderAsync(ViewContext context)
   at Microsoft.AspNetCore.Mvc.ViewFeatures.ViewExecutor.ExecuteAsync(ViewContext viewContext, String contentType, Nullable`1 statusCode)
   at Microsoft.AspNetCore.Mvc.ViewFeatures.ViewExecutor.ExecuteAsync(ViewContext viewContext, String contentType, Nullable`1 statusCode)
   at Microsoft.AspNetCore.Mvc.ViewFeatures.ViewExecutor.ExecuteAsync(ActionContext actionContext, IView view, ViewDataDictionary viewData, ITempDataDictionary tempData, String contentType, Nullable`1 statusCode)
   at Microsoft.AspNetCore.Mvc.ViewFeatures.ViewResultExecutor.ExecuteAsync(ActionContext context, ViewResult result)
   at Microsoft.AspNetCore.Mvc.ViewResult.ExecuteResultAsync(ActionContext context)
   at Microsoft.AspNetCore.Mvc.Infrastructure.ResourceInvoker.<InvokeNextResultFilterAsync>g__Awaited|30_0[TFilter,TFilterAsync](ResourceInvoker invoker, Task lastTask, State next, Scope scope, Object state, Boolean isCompleted)
   at Microsoft.AspNetCore.Mvc.Infrastructure.ResourceInvoker.Rethrow(ResultExecutedContextSealed context)
   at Microsoft.AspNetCore.Mvc.Infrastructure.ResourceInvoker.ResultNext[TFilter,TFilterAsync](State& next, Scope& scope, Object& state, Boolean& isCompleted)
   at Microsoft.AspNetCore.Mvc.Infrastructure.ResourceInvoker.InvokeResultFilters()
--- End of stack trace from previous location ---
   at Microsoft.AspNetCore.Mvc.Infrastructure.ResourceInvoker.<InvokeNextResourceFilter>g__Awaited|25_0(ResourceInvoker invoker, Task lastTask, State next, Scope scope, Object state, Boolean isCompleted)
   at Microsoft.AspNetCore.Mvc.Infrastructure.ResourceInvoker.Rethrow(ResourceExecutedContextSealed context)
   at Microsoft.AspNetCore.Mvc.Infrastructure.ResourceInvoker.Next(State& next, Scope& scope, Object& state, Boolean& isCompleted)
   at Microsoft.AspNetCore.Mvc.Infrastructure.ResourceInvoker.<InvokeFilterPipelineAsync>g__Awaited|20_0(ResourceInvoker invoker, Task lastTask, State next, Scope scope, Object state, Boolean isCompleted)
   at Microsoft.AspNetCore.Mvc.Infrastructure.ResourceInvoker.<InvokeAsync>g__Logged|17_1(ResourceInvoker invoker)
   at Microsoft.AspNetCore.Mvc.Infrastructure.ResourceInvoker.<InvokeAsync>g__Logged|17_1(ResourceInvoker invoker)
   at Microsoft.AspNetCore.Routing.EndpointMiddleware.<Invoke>g__AwaitRequestTask|7_0(Endpoint endpoint, Task requestTask, ILogger logger)
   at Serilog.AspNetCore.RequestLoggingMiddleware.Invoke(HttpContext httpContext)
   at Microsoft.AspNetCore.Authorization.AuthorizationMiddleware.Invoke(HttpContext context)
   at Microsoft.AspNetCore.Authentication.AuthenticationMiddleware.Invoke(HttpContext context)
   at Microsoft.AspNetCore.Session.SessionMiddleware.Invoke(HttpContext context)
   at Microsoft.AspNetCore.Session.SessionMiddleware.Invoke(HttpContext context)
   at Microsoft.AspNetCore.Diagnostics.DeveloperExceptionPageMiddlewareImpl.Invoke(HttpContext context)
2025-12-10 13:17:24.430 +05:30 [INF] Request finished HTTP/2 POST https://localhost:7071/admin/dashboard/studentlist - 500 null text/html; charset=utf-8 707.9006ms
2025-12-10 13:17:24.445 +05:30 [INF] Request starting HTTP/2 GET https://localhost:7071/_framework/aspnetcore-browser-refresh.js - null null
2025-12-10 13:17:24.445 +05:30 [INF] Request starting HTTP/2 GET https://localhost:7071/_vs/browserLink - null null
2025-12-10 13:17:24.446 +05:30 [INF] Request finished HTTP/2 GET https://localhost:7071/_framework/aspnetcore-browser-refresh.js - 200 16501 application/javascript; charset=utf-8 1.4418ms
2025-12-10 13:17:24.466 +05:30 [INF] Request finished HTTP/2 GET https://localhost:7071/_vs/browserLink - 200 null text/javascript; charset=UTF-8 21.0492ms
2025-12-10 13:17:28.343 +05:30 [INF] Request starting HTTP/2 GET https://localhost:7071/admin/dashboard/studentlist - null null
2025-12-10 13:17:28.345 +05:30 [INF] Executing endpoint 'VRSAPPUI.Areas.Admin.Controllers.DashboardController.StudentList (VRSAPPUI)'
2025-12-10 13:17:28.345 +05:30 [INF] Route matched with {area = "Admin", action = "StudentList", controller = "Dashboard"}. Executing controller action with signature System.Threading.Tasks.Task`1[Microsoft.AspNetCore.Mvc.IActionResult] StudentList(System.String, System.String, Boolean, Int32, System.String, System.String, System.String, Int32, Int32) on controller VRSAPPUI.Areas.Admin.Controllers.DashboardController (VRSAPPUI).
2025-12-10 13:17:28.397 +05:30 [INF] Executing ViewResult, running view StudentList.
2025-12-10 13:17:28.408 +05:30 [INF] Executed ViewResult - view StudentList executed in 11.2272ms.
2025-12-10 13:17:28.409 +05:30 [INF] Executed action VRSAPPUI.Areas.Admin.Controllers.DashboardController.StudentList (VRSAPPUI) in 63.3779ms
2025-12-10 13:17:28.409 +05:30 [INF] Executed endpoint 'VRSAPPUI.Areas.Admin.Controllers.DashboardController.StudentList (VRSAPPUI)'
2025-12-10 13:17:28.409 +05:30 [INF] HTTP GET /admin/dashboard/studentlist responded 200 in 63.6878 ms
2025-12-10 13:17:28.409 +05:30 [INF] Request finished HTTP/2 GET https://localhost:7071/admin/dashboard/studentlist - 200 null text/html; charset=utf-8 66.4412ms
2025-12-10 13:17:28.423 +05:30 [INF] Request starting HTTP/2 GET https://localhost:7071/_vs/browserLink - null null
2025-12-10 13:17:28.423 +05:30 [INF] Request starting HTTP/2 GET https://localhost:7071/_framework/aspnetcore-browser-refresh.js - null null
2025-12-10 13:17:28.425 +05:30 [INF] Request finished HTTP/2 GET https://localhost:7071/_framework/aspnetcore-browser-refresh.js - 200 16501 application/javascript; charset=utf-8 2.0329ms
2025-12-10 13:17:28.446 +05:30 [INF] Request finished HTTP/2 GET https://localhost:7071/_vs/browserLink - 200 null text/javascript; charset=UTF-8 22.9246ms
2025-12-10 13:17:31.494 +05:30 [INF] Request starting HTTP/2 POST https://localhost:7071/admin/dashboard/studentlist - application/x-www-form-urlencoded 355
2025-12-10 13:17:31.496 +05:30 [INF] CORS policy execution successful.
2025-12-10 13:17:31.496 +05:30 [INF] Executing endpoint 'VRSAPPUI.Areas.Admin.Controllers.DashboardController.StudentList (VRSAPPUI)'
2025-12-10 13:17:31.497 +05:30 [INF] Route matched with {area = "Admin", action = "StudentList", controller = "Dashboard"}. Executing controller action with signature System.Threading.Tasks.Task`1[Microsoft.AspNetCore.Mvc.IActionResult] StudentList(System.String, System.String, Boolean, Int32, System.String, System.String, System.String, Int32, Int32) on controller VRSAPPUI.Areas.Admin.Controllers.DashboardController (VRSAPPUI).
2025-12-10 13:17:31.563 +05:30 [INF] Executing ViewResult, running view StudentList.
2025-12-10 13:17:31.568 +05:30 [INF] Executed ViewResult - view StudentList executed in 5.631ms.
2025-12-10 13:17:31.569 +05:30 [INF] Executed action VRSAPPUI.Areas.Admin.Controllers.DashboardController.StudentList (VRSAPPUI) in 71.986ms
2025-12-10 13:17:31.569 +05:30 [INF] Executed endpoint 'VRSAPPUI.Areas.Admin.Controllers.DashboardController.StudentList (VRSAPPUI)'
2025-12-10 13:17:31.569 +05:30 [INF] HTTP POST /admin/dashboard/studentlist responded 200 in 72.1761 ms
2025-12-10 13:17:31.569 +05:30 [INF] Request finished HTTP/2 POST https://localhost:7071/admin/dashboard/studentlist - 200 null text/html; charset=utf-8 75.44ms
2025-12-10 13:17:31.581 +05:30 [INF] Request starting HTTP/2 GET https://localhost:7071/_framework/aspnetcore-browser-refresh.js - null null
2025-12-10 13:17:31.582 +05:30 [INF] Request starting HTTP/2 GET https://localhost:7071/_vs/browserLink - null null
2025-12-10 13:17:31.587 +05:30 [INF] Request finished HTTP/2 GET https://localhost:7071/_framework/aspnetcore-browser-refresh.js - 200 16501 application/javascript; charset=utf-8 5.9171ms
2025-12-10 13:17:31.602 +05:30 [INF] Request finished HTTP/2 GET https://localhost:7071/_vs/browserLink - 200 null text/javascript; charset=UTF-8 21.2475ms
2025-12-10 13:17:33.142 +05:30 [INF] Request starting HTTP/2 POST https://localhost:7071/admin/dashboard/studentlist - application/x-www-form-urlencoded 355
2025-12-10 13:17:33.144 +05:30 [INF] CORS policy execution successful.
2025-12-10 13:17:33.145 +05:30 [INF] Executing endpoint 'VRSAPPUI.Areas.Admin.Controllers.DashboardController.StudentList (VRSAPPUI)'
2025-12-10 13:17:33.145 +05:30 [INF] Route matched with {area = "Admin", action = "StudentList", controller = "Dashboard"}. Executing controller action with signature System.Threading.Tasks.Task`1[Microsoft.AspNetCore.Mvc.IActionResult] StudentList(System.String, System.String, Boolean, Int32, System.String, System.String, System.String, Int32, Int32) on controller VRSAPPUI.Areas.Admin.Controllers.DashboardController (VRSAPPUI).
2025-12-10 13:17:33.408 +05:30 [INF] Executing ViewResult, running view StudentList.
2025-12-10 13:17:33.413 +05:30 [INF] Executed ViewResult - view StudentList executed in 4.9336ms.
2025-12-10 13:17:33.414 +05:30 [INF] Executed action VRSAPPUI.Areas.Admin.Controllers.DashboardController.StudentList (VRSAPPUI) in 269.3225ms
2025-12-10 13:17:33.414 +05:30 [INF] Executed endpoint 'VRSAPPUI.Areas.Admin.Controllers.DashboardController.StudentList (VRSAPPUI)'
2025-12-10 13:17:33.414 +05:30 [INF] HTTP POST /admin/dashboard/studentlist responded 200 in 269.5562 ms
2025-12-10 13:17:33.418 +05:30 [INF] Request finished HTTP/2 POST https://localhost:7071/admin/dashboard/studentlist - 200 null text/html; charset=utf-8 276.2958ms
2025-12-10 13:17:33.430 +05:30 [INF] Request starting HTTP/2 GET https://localhost:7071/_framework/aspnetcore-browser-refresh.js - null null
2025-12-10 13:17:33.431 +05:30 [INF] Request starting HTTP/2 GET https://localhost:7071/_vs/browserLink - null null
2025-12-10 13:17:33.433 +05:30 [INF] Request finished HTTP/2 GET https://localhost:7071/_framework/aspnetcore-browser-refresh.js - 200 16501 application/javascript; charset=utf-8 2.0743ms
2025-12-10 13:17:33.454 +05:30 [INF] Request finished HTTP/2 GET https://localhost:7071/_vs/browserLink - 200 null text/javascript; charset=UTF-8 23.185ms
2025-12-10 13:17:34.651 +05:30 [INF] Request starting HTTP/2 POST https://localhost:7071/admin/dashboard/studentlist - application/x-www-form-urlencoded 361
2025-12-10 13:17:34.654 +05:30 [INF] CORS policy execution successful.
2025-12-10 13:17:34.654 +05:30 [INF] Executing endpoint 'VRSAPPUI.Areas.Admin.Controllers.DashboardController.StudentList (VRSAPPUI)'
2025-12-10 13:17:34.654 +05:30 [INF] Route matched with {area = "Admin", action = "StudentList", controller = "Dashboard"}. Executing controller action with signature System.Threading.Tasks.Task`1[Microsoft.AspNetCore.Mvc.IActionResult] StudentList(System.String, System.String, Boolean, Int32, System.String, System.String, System.String, Int32, Int32) on controller VRSAPPUI.Areas.Admin.Controllers.DashboardController (VRSAPPUI).
2025-12-10 13:17:48.036 +05:30 [INF] Executing ViewResult, running view StudentList.
2025-12-10 13:17:48.047 +05:30 [INF] Executed ViewResult - view StudentList executed in 10.2273ms.
2025-12-10 13:17:48.047 +05:30 [INF] Executed action VRSAPPUI.Areas.Admin.Controllers.DashboardController.StudentList (VRSAPPUI) in 13392.5031ms
2025-12-10 13:17:48.047 +05:30 [INF] Executed endpoint 'VRSAPPUI.Areas.Admin.Controllers.DashboardController.StudentList (VRSAPPUI)'
2025-12-10 13:17:48.047 +05:30 [INF] HTTP POST /admin/dashboard/studentlist responded 200 in 13392.7851 ms
2025-12-10 13:17:48.047 +05:30 [INF] Request finished HTTP/2 POST https://localhost:7071/admin/dashboard/studentlist - 200 null text/html; charset=utf-8 13396.1531ms
2025-12-10 13:17:48.063 +05:30 [INF] Request starting HTTP/2 GET https://localhost:7071/_framework/aspnetcore-browser-refresh.js - null null
2025-12-10 13:17:48.063 +05:30 [INF] Request starting HTTP/2 GET https://localhost:7071/_vs/browserLink - null null
2025-12-10 13:17:48.065 +05:30 [INF] Request finished HTTP/2 GET https://localhost:7071/_framework/aspnetcore-browser-refresh.js - 200 16501 application/javascript; charset=utf-8 3.2435ms
2025-12-10 13:17:48.085 +05:30 [INF] Request finished HTTP/2 GET https://localhost:7071/_vs/browserLink - 200 null text/javascript; charset=UTF-8 22.0041ms
